ARM GAS  C:\Users\rmcgarel\AppData\Local\Temp\ccRVbjt2.s 			page 1


   1              		.syntax unified
   2              		.cpu cortex-m3
   3              		.fpu softvfp
   4              		.eabi_attribute 20, 1
   5              		.eabi_attribute 21, 1
   6              		.eabi_attribute 23, 3
   7              		.eabi_attribute 24, 1
   8              		.eabi_attribute 25, 1
   9              		.eabi_attribute 26, 1
  10              		.eabi_attribute 30, 6
  11              		.eabi_attribute 18, 4
  12              		.thumb
  13              		.file	"isr_1.c"
  14              		.section	.debug_abbrev,"",%progbits
  15              	.Ldebug_abbrev0:
  16              		.section	.debug_info,"",%progbits
  17              	.Ldebug_info0:
  18              		.section	.debug_line,"",%progbits
  19              	.Ldebug_line0:
  20 0000 55010000 		.text
  20      02005D00 
  20      00000201 
  20      FB0E0D00 
  20      01010101 
  21              	.Ltext0:
  22              		.cfi_sections	.debug_frame
  23              		.section	.text.isr_1_Start,"ax",%progbits
  24              		.align	2
  25              		.global	isr_1_Start
  26              		.thumb
  27              		.thumb_func
  28              		.type	isr_1_Start, %function
  29              	isr_1_Start:
  30              	.LFB0:
  31              		.file 1 ".\\Generated_Source\\PSoC5\\isr_1.c"
   1:.\Generated_Source\PSoC5/isr_1.c **** /*******************************************************************************
   2:.\Generated_Source\PSoC5/isr_1.c **** * File Name: isr_1.c  
   3:.\Generated_Source\PSoC5/isr_1.c **** * Version 1.50
   4:.\Generated_Source\PSoC5/isr_1.c **** *
   5:.\Generated_Source\PSoC5/isr_1.c **** *  Description:
   6:.\Generated_Source\PSoC5/isr_1.c **** *   API for controlling the state of an interrupt.
   7:.\Generated_Source\PSoC5/isr_1.c **** *
   8:.\Generated_Source\PSoC5/isr_1.c **** *
   9:.\Generated_Source\PSoC5/isr_1.c **** *  Note:
  10:.\Generated_Source\PSoC5/isr_1.c **** *
  11:.\Generated_Source\PSoC5/isr_1.c **** ********************************************************************************
  12:.\Generated_Source\PSoC5/isr_1.c **** * Copyright 2008-2010, Cypress Semiconductor Corporation.  All rights reserved.
  13:.\Generated_Source\PSoC5/isr_1.c **** * You may use this file only in accordance with the license, terms, conditions, 
  14:.\Generated_Source\PSoC5/isr_1.c **** * disclaimers, and limitations in the end user license agreement accompanying 
  15:.\Generated_Source\PSoC5/isr_1.c **** * the software package with which this file was provided.
  16:.\Generated_Source\PSoC5/isr_1.c **** ********************************************************************************/
  17:.\Generated_Source\PSoC5/isr_1.c **** 
  18:.\Generated_Source\PSoC5/isr_1.c **** 
  19:.\Generated_Source\PSoC5/isr_1.c **** #include <CYDEVICE.H>
  20:.\Generated_Source\PSoC5/isr_1.c **** #include <CYDEVICE_TRM.H>
  21:.\Generated_Source\PSoC5/isr_1.c **** #include <CYLIB.H>
  22:.\Generated_Source\PSoC5/isr_1.c **** #include <isr_1.H>
ARM GAS  C:\Users\rmcgarel\AppData\Local\Temp\ccRVbjt2.s 			page 2


  23:.\Generated_Source\PSoC5/isr_1.c **** 
  24:.\Generated_Source\PSoC5/isr_1.c **** 
  25:.\Generated_Source\PSoC5/isr_1.c **** /*******************************************************************************
  26:.\Generated_Source\PSoC5/isr_1.c **** *  Place your includes, defines and code here 
  27:.\Generated_Source\PSoC5/isr_1.c **** ********************************************************************************/
  28:.\Generated_Source\PSoC5/isr_1.c **** /* `#START isr_1_intc` */
  29:.\Generated_Source\PSoC5/isr_1.c **** 
  30:.\Generated_Source\PSoC5/isr_1.c **** /* `#END` */
  31:.\Generated_Source\PSoC5/isr_1.c **** 
  32:.\Generated_Source\PSoC5/isr_1.c **** #ifndef CYINT_IRQ_BASE
  33:.\Generated_Source\PSoC5/isr_1.c **** #define CYINT_IRQ_BASE	16
  34:.\Generated_Source\PSoC5/isr_1.c **** #endif
  35:.\Generated_Source\PSoC5/isr_1.c **** #ifndef CYINT_VECT_TABLE
  36:.\Generated_Source\PSoC5/isr_1.c **** #define CYINT_VECT_TABLE    ((cyisraddress **) CYREG_NVIC_VECT_OFFSET)
  37:.\Generated_Source\PSoC5/isr_1.c **** #endif
  38:.\Generated_Source\PSoC5/isr_1.c **** 
  39:.\Generated_Source\PSoC5/isr_1.c **** /* Declared in startup, used to set unused interrupts to. */
  40:.\Generated_Source\PSoC5/isr_1.c **** CY_ISR_PROTO(IntDefaultHandler);
  41:.\Generated_Source\PSoC5/isr_1.c **** 
  42:.\Generated_Source\PSoC5/isr_1.c **** /*******************************************************************************
  43:.\Generated_Source\PSoC5/isr_1.c **** * Function Name: isr_1_Start
  44:.\Generated_Source\PSoC5/isr_1.c **** ********************************************************************************
  45:.\Generated_Source\PSoC5/isr_1.c **** * Summary:
  46:.\Generated_Source\PSoC5/isr_1.c **** *  Set up the interrupt and enable it.
  47:.\Generated_Source\PSoC5/isr_1.c **** *
  48:.\Generated_Source\PSoC5/isr_1.c **** * Parameters:  
  49:.\Generated_Source\PSoC5/isr_1.c **** *   void.
  50:.\Generated_Source\PSoC5/isr_1.c **** *
  51:.\Generated_Source\PSoC5/isr_1.c **** *
  52:.\Generated_Source\PSoC5/isr_1.c **** * Return:
  53:.\Generated_Source\PSoC5/isr_1.c **** *   void.
  54:.\Generated_Source\PSoC5/isr_1.c **** *
  55:.\Generated_Source\PSoC5/isr_1.c **** *******************************************************************************/
  56:.\Generated_Source\PSoC5/isr_1.c **** void isr_1_Start(void)
  57:.\Generated_Source\PSoC5/isr_1.c **** {
  32              		.loc 1 57 0
  33              		.cfi_startproc
  34              		@ args = 0, pretend = 0, frame = 0
  35              		@ frame_needed = 1, uses_anonymous_args = 0
  36 0000 80B5     		push	{r7, lr}
  37              	.LCFI0:
  38              		.cfi_def_cfa_offset 8
  39 0002 00AF     		add	r7, sp, #0
  40              		.cfi_offset 14, -4
  41              		.cfi_offset 7, -8
  42              	.LCFI1:
  43              		.cfi_def_cfa_register 7
  58:.\Generated_Source\PSoC5/isr_1.c ****     /* For all we know the interrupt is active. */
  59:.\Generated_Source\PSoC5/isr_1.c ****     isr_1_Disable();
  44              		.loc 1 59 0
  45 0004 FFF7FEFF 		bl	isr_1_Disable
  60:.\Generated_Source\PSoC5/isr_1.c **** 
  61:.\Generated_Source\PSoC5/isr_1.c ****     /* Set the ISR to point to the isr_1 Interrupt. */
  62:.\Generated_Source\PSoC5/isr_1.c ****     isr_1_SetVector(isr_1_Interrupt);
  46              		.loc 1 62 0
  47 0008 40F20000 		movw	r0, #:lower16:isr_1_Interrupt
  48 000c C0F20000 		movt	r0, #:upper16:isr_1_Interrupt
ARM GAS  C:\Users\rmcgarel\AppData\Local\Temp\ccRVbjt2.s 			page 3


  49 0010 FFF7FEFF 		bl	isr_1_SetVector
  63:.\Generated_Source\PSoC5/isr_1.c **** 
  64:.\Generated_Source\PSoC5/isr_1.c ****     /* Set the priority. */
  65:.\Generated_Source\PSoC5/isr_1.c ****     isr_1_SetPriority(isr_1_INTC_PRIOR_NUMBER);
  50              		.loc 1 65 0
  51 0014 4FF00700 		mov	r0, #7
  52 0018 FFF7FEFF 		bl	isr_1_SetPriority
  66:.\Generated_Source\PSoC5/isr_1.c **** 
  67:.\Generated_Source\PSoC5/isr_1.c ****     /* Enable it. */
  68:.\Generated_Source\PSoC5/isr_1.c ****     isr_1_Enable();
  53              		.loc 1 68 0
  54 001c FFF7FEFF 		bl	isr_1_Enable
  69:.\Generated_Source\PSoC5/isr_1.c **** }
  55              		.loc 1 69 0
  56 0020 80BD     		pop	{r7, pc}
  57              		.cfi_endproc
  58              	.LFE0:
  59              		.size	isr_1_Start, .-isr_1_Start
  60 0022 00BF     		.section	.text.isr_1_StartEx,"ax",%progbits
  61              		.align	2
  62              		.global	isr_1_StartEx
  63              		.thumb
  64              		.thumb_func
  65              		.type	isr_1_StartEx, %function
  66              	isr_1_StartEx:
  67              	.LFB1:
  70:.\Generated_Source\PSoC5/isr_1.c **** 
  71:.\Generated_Source\PSoC5/isr_1.c **** /*******************************************************************************
  72:.\Generated_Source\PSoC5/isr_1.c **** * Function Name: isr_1_StartEx
  73:.\Generated_Source\PSoC5/isr_1.c **** ********************************************************************************
  74:.\Generated_Source\PSoC5/isr_1.c **** * Summary:
  75:.\Generated_Source\PSoC5/isr_1.c **** *  Set up the interrupt and enable it.
  76:.\Generated_Source\PSoC5/isr_1.c **** *
  77:.\Generated_Source\PSoC5/isr_1.c **** * Parameters:  
  78:.\Generated_Source\PSoC5/isr_1.c **** *   address: Address of the ISR to set in the interrupt vector table.
  79:.\Generated_Source\PSoC5/isr_1.c **** *
  80:.\Generated_Source\PSoC5/isr_1.c **** *
  81:.\Generated_Source\PSoC5/isr_1.c **** * Return:
  82:.\Generated_Source\PSoC5/isr_1.c **** *   void.
  83:.\Generated_Source\PSoC5/isr_1.c **** *
  84:.\Generated_Source\PSoC5/isr_1.c **** *******************************************************************************/
  85:.\Generated_Source\PSoC5/isr_1.c **** void isr_1_StartEx(cyisraddress address)
  86:.\Generated_Source\PSoC5/isr_1.c **** {
  68              		.loc 1 86 0
  69              		.cfi_startproc
  70              		@ args = 0, pretend = 0, frame = 8
  71              		@ frame_needed = 1, uses_anonymous_args = 0
  72 0000 80B5     		push	{r7, lr}
  73              	.LCFI2:
  74              		.cfi_def_cfa_offset 8
  75 0002 82B0     		sub	sp, sp, #8
  76              	.LCFI3:
  77              		.cfi_def_cfa_offset 16
  78 0004 00AF     		add	r7, sp, #0
  79              		.cfi_offset 14, -4
  80              		.cfi_offset 7, -8
  81              	.LCFI4:
ARM GAS  C:\Users\rmcgarel\AppData\Local\Temp\ccRVbjt2.s 			page 4


  82              		.cfi_def_cfa_register 7
  83 0006 7860     		str	r0, [r7, #4]
  87:.\Generated_Source\PSoC5/isr_1.c ****     /* For all we know the interrupt is active. */
  88:.\Generated_Source\PSoC5/isr_1.c ****     isr_1_Disable();
  84              		.loc 1 88 0
  85 0008 FFF7FEFF 		bl	isr_1_Disable
  89:.\Generated_Source\PSoC5/isr_1.c **** 
  90:.\Generated_Source\PSoC5/isr_1.c ****     /* Set the ISR to point to the isr_1 Interrupt. */
  91:.\Generated_Source\PSoC5/isr_1.c ****     isr_1_SetVector(address);
  86              		.loc 1 91 0
  87 000c 7868     		ldr	r0, [r7, #4]
  88 000e FFF7FEFF 		bl	isr_1_SetVector
  92:.\Generated_Source\PSoC5/isr_1.c **** 
  93:.\Generated_Source\PSoC5/isr_1.c ****     /* Set the priority. */
  94:.\Generated_Source\PSoC5/isr_1.c ****     isr_1_SetPriority(isr_1_INTC_PRIOR_NUMBER);
  89              		.loc 1 94 0
  90 0012 4FF00700 		mov	r0, #7
  91 0016 FFF7FEFF 		bl	isr_1_SetPriority
  95:.\Generated_Source\PSoC5/isr_1.c **** 
  96:.\Generated_Source\PSoC5/isr_1.c ****     /* Enable it. */
  97:.\Generated_Source\PSoC5/isr_1.c ****     isr_1_Enable();
  92              		.loc 1 97 0
  93 001a FFF7FEFF 		bl	isr_1_Enable
  98:.\Generated_Source\PSoC5/isr_1.c **** }
  94              		.loc 1 98 0
  95 001e 07F10807 		add	r7, r7, #8
  96 0022 BD46     		mov	sp, r7
  97 0024 80BD     		pop	{r7, pc}
  98              		.cfi_endproc
  99              	.LFE1:
 100              		.size	isr_1_StartEx, .-isr_1_StartEx
 101 0026 00BF     		.section	.text.isr_1_Stop,"ax",%progbits
 102              		.align	2
 103              		.global	isr_1_Stop
 104              		.thumb
 105              		.thumb_func
 106              		.type	isr_1_Stop, %function
 107              	isr_1_Stop:
 108              	.LFB2:
  99:.\Generated_Source\PSoC5/isr_1.c **** 
 100:.\Generated_Source\PSoC5/isr_1.c **** /*******************************************************************************
 101:.\Generated_Source\PSoC5/isr_1.c **** * Function Name: isr_1_Stop
 102:.\Generated_Source\PSoC5/isr_1.c **** ********************************************************************************
 103:.\Generated_Source\PSoC5/isr_1.c **** * Summary:
 104:.\Generated_Source\PSoC5/isr_1.c **** *   Disables and removes the interrupt.
 105:.\Generated_Source\PSoC5/isr_1.c **** *
 106:.\Generated_Source\PSoC5/isr_1.c **** * Parameters:  
 107:.\Generated_Source\PSoC5/isr_1.c **** *
 108:.\Generated_Source\PSoC5/isr_1.c **** *
 109:.\Generated_Source\PSoC5/isr_1.c **** * Return:
 110:.\Generated_Source\PSoC5/isr_1.c **** *   void.
 111:.\Generated_Source\PSoC5/isr_1.c **** *
 112:.\Generated_Source\PSoC5/isr_1.c **** *******************************************************************************/
 113:.\Generated_Source\PSoC5/isr_1.c **** void isr_1_Stop(void) 
 114:.\Generated_Source\PSoC5/isr_1.c **** {
 109              		.loc 1 114 0
 110              		.cfi_startproc
ARM GAS  C:\Users\rmcgarel\AppData\Local\Temp\ccRVbjt2.s 			page 5


 111              		@ args = 0, pretend = 0, frame = 0
 112              		@ frame_needed = 1, uses_anonymous_args = 0
 113 0000 80B5     		push	{r7, lr}
 114              	.LCFI5:
 115              		.cfi_def_cfa_offset 8
 116 0002 00AF     		add	r7, sp, #0
 117              		.cfi_offset 14, -4
 118              		.cfi_offset 7, -8
 119              	.LCFI6:
 120              		.cfi_def_cfa_register 7
 115:.\Generated_Source\PSoC5/isr_1.c ****     /* Disable this interrupt. */
 116:.\Generated_Source\PSoC5/isr_1.c ****     isr_1_Disable();
 121              		.loc 1 116 0
 122 0004 FFF7FEFF 		bl	isr_1_Disable
 117:.\Generated_Source\PSoC5/isr_1.c **** 
 118:.\Generated_Source\PSoC5/isr_1.c ****     /* Set the ISR to point to the passive one. */
 119:.\Generated_Source\PSoC5/isr_1.c ****     isr_1_SetVector(IntDefaultHandler);
 123              		.loc 1 119 0
 124 0008 40F20000 		movw	r0, #:lower16:IntDefaultHandler
 125 000c C0F20000 		movt	r0, #:upper16:IntDefaultHandler
 126 0010 FFF7FEFF 		bl	isr_1_SetVector
 120:.\Generated_Source\PSoC5/isr_1.c **** }
 127              		.loc 1 120 0
 128 0014 80BD     		pop	{r7, pc}
 129              		.cfi_endproc
 130              	.LFE2:
 131              		.size	isr_1_Stop, .-isr_1_Stop
 132 0016 00BF     		.section	.text.isr_1_Interrupt,"ax",%progbits
 133              		.align	2
 134              		.global	isr_1_Interrupt
 135              		.thumb
 136              		.thumb_func
 137              		.type	isr_1_Interrupt, %function
 138              	isr_1_Interrupt:
 139              	.LFB3:
 121:.\Generated_Source\PSoC5/isr_1.c **** 
 122:.\Generated_Source\PSoC5/isr_1.c **** /*******************************************************************************
 123:.\Generated_Source\PSoC5/isr_1.c **** * Function Name: isr_1_Interrupt
 124:.\Generated_Source\PSoC5/isr_1.c **** ********************************************************************************
 125:.\Generated_Source\PSoC5/isr_1.c **** * Summary:
 126:.\Generated_Source\PSoC5/isr_1.c **** *   The default Interrupt Service Routine for isr_1.
 127:.\Generated_Source\PSoC5/isr_1.c **** *
 128:.\Generated_Source\PSoC5/isr_1.c **** *   Add custom code between the coments to keep the next version of this file
 129:.\Generated_Source\PSoC5/isr_1.c **** *   from over writting your code.
 130:.\Generated_Source\PSoC5/isr_1.c **** *
 131:.\Generated_Source\PSoC5/isr_1.c **** *
 132:.\Generated_Source\PSoC5/isr_1.c **** *
 133:.\Generated_Source\PSoC5/isr_1.c **** * Parameters:  
 134:.\Generated_Source\PSoC5/isr_1.c **** *
 135:.\Generated_Source\PSoC5/isr_1.c **** *
 136:.\Generated_Source\PSoC5/isr_1.c **** * Return:
 137:.\Generated_Source\PSoC5/isr_1.c **** *   void.
 138:.\Generated_Source\PSoC5/isr_1.c **** *
 139:.\Generated_Source\PSoC5/isr_1.c **** *******************************************************************************/
 140:.\Generated_Source\PSoC5/isr_1.c **** CY_ISR(isr_1_Interrupt)
 141:.\Generated_Source\PSoC5/isr_1.c **** {
 140              		.loc 1 141 0
ARM GAS  C:\Users\rmcgarel\AppData\Local\Temp\ccRVbjt2.s 			page 6


 141              		.cfi_startproc
 142              		@ args = 0, pretend = 0, frame = 0
 143              		@ frame_needed = 1, uses_anonymous_args = 0
 144              		@ link register save eliminated.
 145 0000 80B4     		push	{r7}
 146              	.LCFI7:
 147              		.cfi_def_cfa_offset 4
 148 0002 00AF     		add	r7, sp, #0
 149              		.cfi_offset 7, -4
 150              	.LCFI8:
 151              		.cfi_def_cfa_register 7
 142:.\Generated_Source\PSoC5/isr_1.c ****     /*  Place your Interrupt code here. */
 143:.\Generated_Source\PSoC5/isr_1.c ****     /* `#START isr_1_Interrupt` */
 144:.\Generated_Source\PSoC5/isr_1.c **** 
 145:.\Generated_Source\PSoC5/isr_1.c ****     /* `#END` */
 146:.\Generated_Source\PSoC5/isr_1.c **** }
 152              		.loc 1 146 0
 153 0004 BD46     		mov	sp, r7
 154 0006 80BC     		pop	{r7}
 155 0008 7047     		bx	lr
 156              		.cfi_endproc
 157              	.LFE3:
 158              		.size	isr_1_Interrupt, .-isr_1_Interrupt
 159 000a 00BF     		.section	.text.isr_1_SetVector,"ax",%progbits
 160              		.align	2
 161              		.global	isr_1_SetVector
 162              		.thumb
 163              		.thumb_func
 164              		.type	isr_1_SetVector, %function
 165              	isr_1_SetVector:
 166              	.LFB4:
 147:.\Generated_Source\PSoC5/isr_1.c **** 
 148:.\Generated_Source\PSoC5/isr_1.c **** /*******************************************************************************
 149:.\Generated_Source\PSoC5/isr_1.c **** * Function Name: isr_1_SetVector
 150:.\Generated_Source\PSoC5/isr_1.c **** ********************************************************************************
 151:.\Generated_Source\PSoC5/isr_1.c **** * Summary:
 152:.\Generated_Source\PSoC5/isr_1.c **** *   Change the ISR vector for the Interrupt. Note calling isr_1_Start
 153:.\Generated_Source\PSoC5/isr_1.c **** *   will override any effect this method would have had. To set the vector before
 154:.\Generated_Source\PSoC5/isr_1.c **** *   the component has been started use isr_1_StartEx instead.
 155:.\Generated_Source\PSoC5/isr_1.c **** *
 156:.\Generated_Source\PSoC5/isr_1.c **** *
 157:.\Generated_Source\PSoC5/isr_1.c **** * Parameters:
 158:.\Generated_Source\PSoC5/isr_1.c **** *   address: Address of the ISR to set in the interrupt vector table.
 159:.\Generated_Source\PSoC5/isr_1.c **** *
 160:.\Generated_Source\PSoC5/isr_1.c **** *
 161:.\Generated_Source\PSoC5/isr_1.c **** * Return:
 162:.\Generated_Source\PSoC5/isr_1.c **** *   void.
 163:.\Generated_Source\PSoC5/isr_1.c **** *
 164:.\Generated_Source\PSoC5/isr_1.c **** *
 165:.\Generated_Source\PSoC5/isr_1.c **** *******************************************************************************/
 166:.\Generated_Source\PSoC5/isr_1.c **** void isr_1_SetVector(cyisraddress address) 
 167:.\Generated_Source\PSoC5/isr_1.c **** {
 167              		.loc 1 167 0
 168              		.cfi_startproc
 169              		@ args = 0, pretend = 0, frame = 16
 170              		@ frame_needed = 1, uses_anonymous_args = 0
 171              		@ link register save eliminated.
ARM GAS  C:\Users\rmcgarel\AppData\Local\Temp\ccRVbjt2.s 			page 7


 172 0000 80B4     		push	{r7}
 173              	.LCFI9:
 174              		.cfi_def_cfa_offset 4
 175 0002 85B0     		sub	sp, sp, #20
 176              	.LCFI10:
 177              		.cfi_def_cfa_offset 24
 178 0004 00AF     		add	r7, sp, #0
 179              		.cfi_offset 7, -4
 180              	.LCFI11:
 181              		.cfi_def_cfa_register 7
 182 0006 7860     		str	r0, [r7, #4]
 168:.\Generated_Source\PSoC5/isr_1.c ****     cyisraddress * ramVectorTable;
 169:.\Generated_Source\PSoC5/isr_1.c **** 
 170:.\Generated_Source\PSoC5/isr_1.c ****     ramVectorTable = (cyisraddress *) *CYINT_VECT_TABLE;
 183              		.loc 1 170 0
 184 0008 4EF60853 		movw	r3, #:lower16:-536810232
 185 000c CEF20003 		movt	r3, #:upper16:-536810232
 186 0010 1B68     		ldr	r3, [r3, #0]
 187 0012 FB60     		str	r3, [r7, #12]
 171:.\Generated_Source\PSoC5/isr_1.c **** 
 172:.\Generated_Source\PSoC5/isr_1.c ****     ramVectorTable[CYINT_IRQ_BASE + isr_1__INTC_NUMBER] = address;
 188              		.loc 1 172 0
 189 0014 FB68     		ldr	r3, [r7, #12]
 190 0016 03F14403 		add	r3, r3, #68
 191 001a 7A68     		ldr	r2, [r7, #4]
 192 001c 1A60     		str	r2, [r3, #0]
 173:.\Generated_Source\PSoC5/isr_1.c **** }
 193              		.loc 1 173 0
 194 001e 07F11407 		add	r7, r7, #20
 195 0022 BD46     		mov	sp, r7
 196 0024 80BC     		pop	{r7}
 197 0026 7047     		bx	lr
 198              		.cfi_endproc
 199              	.LFE4:
 200              		.size	isr_1_SetVector, .-isr_1_SetVector
 201              		.section	.text.isr_1_GetVector,"ax",%progbits
 202              		.align	2
 203              		.global	isr_1_GetVector
 204              		.thumb
 205              		.thumb_func
 206              		.type	isr_1_GetVector, %function
 207              	isr_1_GetVector:
 208              	.LFB5:
 174:.\Generated_Source\PSoC5/isr_1.c **** 
 175:.\Generated_Source\PSoC5/isr_1.c **** /*******************************************************************************
 176:.\Generated_Source\PSoC5/isr_1.c **** * Function Name: isr_1_GetVector
 177:.\Generated_Source\PSoC5/isr_1.c **** ********************************************************************************
 178:.\Generated_Source\PSoC5/isr_1.c **** * Summary:
 179:.\Generated_Source\PSoC5/isr_1.c **** *   Gets the "address" of the current ISR vector for the Interrupt.
 180:.\Generated_Source\PSoC5/isr_1.c **** *
 181:.\Generated_Source\PSoC5/isr_1.c **** *
 182:.\Generated_Source\PSoC5/isr_1.c **** * Parameters:
 183:.\Generated_Source\PSoC5/isr_1.c **** *   void.
 184:.\Generated_Source\PSoC5/isr_1.c **** *
 185:.\Generated_Source\PSoC5/isr_1.c **** *
 186:.\Generated_Source\PSoC5/isr_1.c **** * Return:
 187:.\Generated_Source\PSoC5/isr_1.c **** *   Address of the ISR in the interrupt vector table.
ARM GAS  C:\Users\rmcgarel\AppData\Local\Temp\ccRVbjt2.s 			page 8


 188:.\Generated_Source\PSoC5/isr_1.c **** *
 189:.\Generated_Source\PSoC5/isr_1.c **** *
 190:.\Generated_Source\PSoC5/isr_1.c **** *******************************************************************************/
 191:.\Generated_Source\PSoC5/isr_1.c **** cyisraddress isr_1_GetVector(void) 
 192:.\Generated_Source\PSoC5/isr_1.c **** {
 209              		.loc 1 192 0
 210              		.cfi_startproc
 211              		@ args = 0, pretend = 0, frame = 8
 212              		@ frame_needed = 1, uses_anonymous_args = 0
 213              		@ link register save eliminated.
 214 0000 80B4     		push	{r7}
 215              	.LCFI12:
 216              		.cfi_def_cfa_offset 4
 217 0002 83B0     		sub	sp, sp, #12
 218              	.LCFI13:
 219              		.cfi_def_cfa_offset 16
 220 0004 00AF     		add	r7, sp, #0
 221              		.cfi_offset 7, -4
 222              	.LCFI14:
 223              		.cfi_def_cfa_register 7
 193:.\Generated_Source\PSoC5/isr_1.c ****     cyisraddress * ramVectorTable;
 194:.\Generated_Source\PSoC5/isr_1.c **** 
 195:.\Generated_Source\PSoC5/isr_1.c ****     ramVectorTable = (cyisraddress *) *CYINT_VECT_TABLE;
 224              		.loc 1 195 0
 225 0006 4EF60853 		movw	r3, #:lower16:-536810232
 226 000a CEF20003 		movt	r3, #:upper16:-536810232
 227 000e 1B68     		ldr	r3, [r3, #0]
 228 0010 7B60     		str	r3, [r7, #4]
 196:.\Generated_Source\PSoC5/isr_1.c **** 
 197:.\Generated_Source\PSoC5/isr_1.c ****     return ramVectorTable[CYINT_IRQ_BASE + isr_1__INTC_NUMBER];
 229              		.loc 1 197 0
 230 0012 7B68     		ldr	r3, [r7, #4]
 231 0014 03F14403 		add	r3, r3, #68
 232 0018 1B68     		ldr	r3, [r3, #0]
 198:.\Generated_Source\PSoC5/isr_1.c **** }
 233              		.loc 1 198 0
 234 001a 1846     		mov	r0, r3
 235 001c 07F10C07 		add	r7, r7, #12
 236 0020 BD46     		mov	sp, r7
 237 0022 80BC     		pop	{r7}
 238 0024 7047     		bx	lr
 239              		.cfi_endproc
 240              	.LFE5:
 241              		.size	isr_1_GetVector, .-isr_1_GetVector
 242 0026 00BF     		.section	.text.isr_1_SetPriority,"ax",%progbits
 243              		.align	2
 244              		.global	isr_1_SetPriority
 245              		.thumb
 246              		.thumb_func
 247              		.type	isr_1_SetPriority, %function
 248              	isr_1_SetPriority:
 249              	.LFB6:
 199:.\Generated_Source\PSoC5/isr_1.c **** 
 200:.\Generated_Source\PSoC5/isr_1.c **** /*******************************************************************************
 201:.\Generated_Source\PSoC5/isr_1.c **** * Function Name: isr_1_SetPriority
 202:.\Generated_Source\PSoC5/isr_1.c **** ********************************************************************************
 203:.\Generated_Source\PSoC5/isr_1.c **** * Summary:
ARM GAS  C:\Users\rmcgarel\AppData\Local\Temp\ccRVbjt2.s 			page 9


 204:.\Generated_Source\PSoC5/isr_1.c **** *   Sets the Priority of the Interrupt. Note calling isr_1_Start
 205:.\Generated_Source\PSoC5/isr_1.c **** *   or isr_1_StartEx will override any effect this method would have had. 
 206:.\Generated_Source\PSoC5/isr_1.c **** *	This method should only be called after isr_1_Start or 
 207:.\Generated_Source\PSoC5/isr_1.c **** *	isr_1_StartEx has been called. To set the initial
 208:.\Generated_Source\PSoC5/isr_1.c **** *	priority for the component use the cydwr file in the tool.
 209:.\Generated_Source\PSoC5/isr_1.c **** *
 210:.\Generated_Source\PSoC5/isr_1.c **** *
 211:.\Generated_Source\PSoC5/isr_1.c **** * Parameters:
 212:.\Generated_Source\PSoC5/isr_1.c **** *   priority: Priority of the interrupt. 0 - 7, 0 being the highest.
 213:.\Generated_Source\PSoC5/isr_1.c **** *
 214:.\Generated_Source\PSoC5/isr_1.c **** *
 215:.\Generated_Source\PSoC5/isr_1.c **** * Return:
 216:.\Generated_Source\PSoC5/isr_1.c **** *   void.
 217:.\Generated_Source\PSoC5/isr_1.c **** *
 218:.\Generated_Source\PSoC5/isr_1.c **** *
 219:.\Generated_Source\PSoC5/isr_1.c **** *******************************************************************************/
 220:.\Generated_Source\PSoC5/isr_1.c **** void isr_1_SetPriority(uint8 priority) 
 221:.\Generated_Source\PSoC5/isr_1.c **** {
 250              		.loc 1 221 0
 251              		.cfi_startproc
 252              		@ args = 0, pretend = 0, frame = 8
 253              		@ frame_needed = 1, uses_anonymous_args = 0
 254              		@ link register save eliminated.
 255 0000 80B4     		push	{r7}
 256              	.LCFI15:
 257              		.cfi_def_cfa_offset 4
 258 0002 83B0     		sub	sp, sp, #12
 259              	.LCFI16:
 260              		.cfi_def_cfa_offset 16
 261 0004 00AF     		add	r7, sp, #0
 262              		.cfi_offset 7, -4
 263              	.LCFI17:
 264              		.cfi_def_cfa_register 7
 265 0006 0346     		mov	r3, r0
 266 0008 FB71     		strb	r3, [r7, #7]
 222:.\Generated_Source\PSoC5/isr_1.c ****     *isr_1_INTC_PRIOR = priority << 5;
 267              		.loc 1 222 0
 268 000a 4EF20143 		movw	r3, #:lower16:-536812543
 269 000e CEF20003 		movt	r3, #:upper16:-536812543
 270 0012 FA79     		ldrb	r2, [r7, #7]
 271 0014 4FEA4212 		lsl	r2, r2, #5
 272 0018 D2B2     		uxtb	r2, r2
 273 001a 1A70     		strb	r2, [r3, #0]
 223:.\Generated_Source\PSoC5/isr_1.c **** }
 274              		.loc 1 223 0
 275 001c 07F10C07 		add	r7, r7, #12
 276 0020 BD46     		mov	sp, r7
 277 0022 80BC     		pop	{r7}
 278 0024 7047     		bx	lr
 279              		.cfi_endproc
 280              	.LFE6:
 281              		.size	isr_1_SetPriority, .-isr_1_SetPriority
 282 0026 00BF     		.section	.text.isr_1_GetPriority,"ax",%progbits
 283              		.align	2
 284              		.global	isr_1_GetPriority
 285              		.thumb
 286              		.thumb_func
ARM GAS  C:\Users\rmcgarel\AppData\Local\Temp\ccRVbjt2.s 			page 10


 287              		.type	isr_1_GetPriority, %function
 288              	isr_1_GetPriority:
 289              	.LFB7:
 224:.\Generated_Source\PSoC5/isr_1.c **** 
 225:.\Generated_Source\PSoC5/isr_1.c **** /*******************************************************************************
 226:.\Generated_Source\PSoC5/isr_1.c **** * Function Name: isr_1_GetPriority
 227:.\Generated_Source\PSoC5/isr_1.c **** ********************************************************************************
 228:.\Generated_Source\PSoC5/isr_1.c **** * Summary:
 229:.\Generated_Source\PSoC5/isr_1.c **** *   Gets the Priority of the Interrupt.
 230:.\Generated_Source\PSoC5/isr_1.c **** *
 231:.\Generated_Source\PSoC5/isr_1.c **** *
 232:.\Generated_Source\PSoC5/isr_1.c **** * Parameters:
 233:.\Generated_Source\PSoC5/isr_1.c **** *   void.
 234:.\Generated_Source\PSoC5/isr_1.c **** *
 235:.\Generated_Source\PSoC5/isr_1.c **** *
 236:.\Generated_Source\PSoC5/isr_1.c **** * Return:
 237:.\Generated_Source\PSoC5/isr_1.c **** *   Priority of the interrupt. 0 - 7, 0 being the highest.
 238:.\Generated_Source\PSoC5/isr_1.c **** *
 239:.\Generated_Source\PSoC5/isr_1.c **** *
 240:.\Generated_Source\PSoC5/isr_1.c **** *******************************************************************************/
 241:.\Generated_Source\PSoC5/isr_1.c **** uint8 isr_1_GetPriority(void) 
 242:.\Generated_Source\PSoC5/isr_1.c **** {
 290              		.loc 1 242 0
 291              		.cfi_startproc
 292              		@ args = 0, pretend = 0, frame = 8
 293              		@ frame_needed = 1, uses_anonymous_args = 0
 294              		@ link register save eliminated.
 295 0000 80B4     		push	{r7}
 296              	.LCFI18:
 297              		.cfi_def_cfa_offset 4
 298 0002 83B0     		sub	sp, sp, #12
 299              	.LCFI19:
 300              		.cfi_def_cfa_offset 16
 301 0004 00AF     		add	r7, sp, #0
 302              		.cfi_offset 7, -4
 303              	.LCFI20:
 304              		.cfi_def_cfa_register 7
 243:.\Generated_Source\PSoC5/isr_1.c ****     uint8 priority;
 244:.\Generated_Source\PSoC5/isr_1.c **** 
 245:.\Generated_Source\PSoC5/isr_1.c **** 
 246:.\Generated_Source\PSoC5/isr_1.c ****     priority = *isr_1_INTC_PRIOR >> 5;
 305              		.loc 1 246 0
 306 0006 4EF20143 		movw	r3, #:lower16:-536812543
 307 000a CEF20003 		movt	r3, #:upper16:-536812543
 308 000e 1B78     		ldrb	r3, [r3, #0]
 309 0010 DBB2     		uxtb	r3, r3
 310 0012 4FEA5313 		lsr	r3, r3, #5
 311 0016 FB71     		strb	r3, [r7, #7]
 247:.\Generated_Source\PSoC5/isr_1.c **** 
 248:.\Generated_Source\PSoC5/isr_1.c ****     return priority;
 312              		.loc 1 248 0
 313 0018 FB79     		ldrb	r3, [r7, #7]	@ zero_extendqisi2
 249:.\Generated_Source\PSoC5/isr_1.c **** }
 314              		.loc 1 249 0
 315 001a 1846     		mov	r0, r3
 316 001c 07F10C07 		add	r7, r7, #12
 317 0020 BD46     		mov	sp, r7
ARM GAS  C:\Users\rmcgarel\AppData\Local\Temp\ccRVbjt2.s 			page 11


 318 0022 80BC     		pop	{r7}
 319 0024 7047     		bx	lr
 320              		.cfi_endproc
 321              	.LFE7:
 322              		.size	isr_1_GetPriority, .-isr_1_GetPriority
 323 0026 00BF     		.section	.text.isr_1_Enable,"ax",%progbits
 324              		.align	2
 325              		.global	isr_1_Enable
 326              		.thumb
 327              		.thumb_func
 328              		.type	isr_1_Enable, %function
 329              	isr_1_Enable:
 330              	.LFB8:
 250:.\Generated_Source\PSoC5/isr_1.c **** 
 251:.\Generated_Source\PSoC5/isr_1.c **** /*******************************************************************************
 252:.\Generated_Source\PSoC5/isr_1.c **** * Function Name: isr_1_Enable
 253:.\Generated_Source\PSoC5/isr_1.c **** ********************************************************************************
 254:.\Generated_Source\PSoC5/isr_1.c **** * Summary:
 255:.\Generated_Source\PSoC5/isr_1.c **** *   Enables the interrupt.
 256:.\Generated_Source\PSoC5/isr_1.c **** *
 257:.\Generated_Source\PSoC5/isr_1.c **** *
 258:.\Generated_Source\PSoC5/isr_1.c **** * Parameters:
 259:.\Generated_Source\PSoC5/isr_1.c **** *   void.
 260:.\Generated_Source\PSoC5/isr_1.c **** *
 261:.\Generated_Source\PSoC5/isr_1.c **** *
 262:.\Generated_Source\PSoC5/isr_1.c **** * Return:
 263:.\Generated_Source\PSoC5/isr_1.c **** *   void.
 264:.\Generated_Source\PSoC5/isr_1.c **** *
 265:.\Generated_Source\PSoC5/isr_1.c **** *
 266:.\Generated_Source\PSoC5/isr_1.c **** *******************************************************************************/
 267:.\Generated_Source\PSoC5/isr_1.c **** void isr_1_Enable(void) 
 268:.\Generated_Source\PSoC5/isr_1.c **** {
 331              		.loc 1 268 0
 332              		.cfi_startproc
 333              		@ args = 0, pretend = 0, frame = 0
 334              		@ frame_needed = 1, uses_anonymous_args = 0
 335              		@ link register save eliminated.
 336 0000 80B4     		push	{r7}
 337              	.LCFI21:
 338              		.cfi_def_cfa_offset 4
 339 0002 00AF     		add	r7, sp, #0
 340              		.cfi_offset 7, -4
 341              	.LCFI22:
 342              		.cfi_def_cfa_register 7
 269:.\Generated_Source\PSoC5/isr_1.c ****     /* Enable the general interrupt. */
 270:.\Generated_Source\PSoC5/isr_1.c ****     *isr_1_INTC_SET_EN = isr_1__INTC_MASK;
 343              		.loc 1 270 0
 344 0004 4EF20013 		movw	r3, #:lower16:-536813312
 345 0008 CEF20003 		movt	r3, #:upper16:-536813312
 346 000c 4FF00202 		mov	r2, #2
 347 0010 1A60     		str	r2, [r3, #0]
 271:.\Generated_Source\PSoC5/isr_1.c **** }
 348              		.loc 1 271 0
 349 0012 BD46     		mov	sp, r7
 350 0014 80BC     		pop	{r7}
 351 0016 7047     		bx	lr
 352              		.cfi_endproc
ARM GAS  C:\Users\rmcgarel\AppData\Local\Temp\ccRVbjt2.s 			page 12


 353              	.LFE8:
 354              		.size	isr_1_Enable, .-isr_1_Enable
 355              		.section	.text.isr_1_GetState,"ax",%progbits
 356              		.align	2
 357              		.global	isr_1_GetState
 358              		.thumb
 359              		.thumb_func
 360              		.type	isr_1_GetState, %function
 361              	isr_1_GetState:
 362              	.LFB9:
 272:.\Generated_Source\PSoC5/isr_1.c **** 
 273:.\Generated_Source\PSoC5/isr_1.c **** /*******************************************************************************
 274:.\Generated_Source\PSoC5/isr_1.c **** * Function Name: isr_1_GetState
 275:.\Generated_Source\PSoC5/isr_1.c **** ********************************************************************************
 276:.\Generated_Source\PSoC5/isr_1.c **** * Summary:
 277:.\Generated_Source\PSoC5/isr_1.c **** *   Gets the state (enabled, disabled) of the Interrupt.
 278:.\Generated_Source\PSoC5/isr_1.c **** *
 279:.\Generated_Source\PSoC5/isr_1.c **** *
 280:.\Generated_Source\PSoC5/isr_1.c **** * Parameters:
 281:.\Generated_Source\PSoC5/isr_1.c **** *   void.
 282:.\Generated_Source\PSoC5/isr_1.c **** *
 283:.\Generated_Source\PSoC5/isr_1.c **** *
 284:.\Generated_Source\PSoC5/isr_1.c **** * Return:
 285:.\Generated_Source\PSoC5/isr_1.c **** *   1 if enabled, 0 if disabled.
 286:.\Generated_Source\PSoC5/isr_1.c **** *
 287:.\Generated_Source\PSoC5/isr_1.c **** *
 288:.\Generated_Source\PSoC5/isr_1.c **** *******************************************************************************/
 289:.\Generated_Source\PSoC5/isr_1.c **** uint8 isr_1_GetState(void) 
 290:.\Generated_Source\PSoC5/isr_1.c **** {
 363              		.loc 1 290 0
 364              		.cfi_startproc
 365              		@ args = 0, pretend = 0, frame = 0
 366              		@ frame_needed = 1, uses_anonymous_args = 0
 367              		@ link register save eliminated.
 368 0000 80B4     		push	{r7}
 369              	.LCFI23:
 370              		.cfi_def_cfa_offset 4
 371 0002 00AF     		add	r7, sp, #0
 372              		.cfi_offset 7, -4
 373              	.LCFI24:
 374              		.cfi_def_cfa_register 7
 291:.\Generated_Source\PSoC5/isr_1.c ****     /* Get the state of the general interrupt. */
 292:.\Generated_Source\PSoC5/isr_1.c ****     return (*isr_1_INTC_SET_EN & isr_1__INTC_MASK) ? 1:0;
 375              		.loc 1 292 0
 376 0004 4EF20013 		movw	r3, #:lower16:-536813312
 377 0008 CEF20003 		movt	r3, #:upper16:-536813312
 378 000c 1B68     		ldr	r3, [r3, #0]
 379 000e 03F00203 		and	r3, r3, #2
 380 0012 002B     		cmp	r3, #0
 381 0014 0CBF     		ite	eq
 382 0016 0023     		moveq	r3, #0
 383 0018 0123     		movne	r3, #1
 293:.\Generated_Source\PSoC5/isr_1.c **** }
 384              		.loc 1 293 0
 385 001a 1846     		mov	r0, r3
 386 001c BD46     		mov	sp, r7
 387 001e 80BC     		pop	{r7}
ARM GAS  C:\Users\rmcgarel\AppData\Local\Temp\ccRVbjt2.s 			page 13


 388 0020 7047     		bx	lr
 389              		.cfi_endproc
 390              	.LFE9:
 391              		.size	isr_1_GetState, .-isr_1_GetState
 392 0022 00BF     		.section	.text.isr_1_Disable,"ax",%progbits
 393              		.align	2
 394              		.global	isr_1_Disable
 395              		.thumb
 396              		.thumb_func
 397              		.type	isr_1_Disable, %function
 398              	isr_1_Disable:
 399              	.LFB10:
 294:.\Generated_Source\PSoC5/isr_1.c **** 
 295:.\Generated_Source\PSoC5/isr_1.c **** /*******************************************************************************
 296:.\Generated_Source\PSoC5/isr_1.c **** * Function Name: isr_1_Disable
 297:.\Generated_Source\PSoC5/isr_1.c **** ********************************************************************************
 298:.\Generated_Source\PSoC5/isr_1.c **** * Summary:
 299:.\Generated_Source\PSoC5/isr_1.c **** *   Disables the Interrupt.
 300:.\Generated_Source\PSoC5/isr_1.c **** *
 301:.\Generated_Source\PSoC5/isr_1.c **** *
 302:.\Generated_Source\PSoC5/isr_1.c **** * Parameters:
 303:.\Generated_Source\PSoC5/isr_1.c **** *   void.
 304:.\Generated_Source\PSoC5/isr_1.c **** *
 305:.\Generated_Source\PSoC5/isr_1.c **** *
 306:.\Generated_Source\PSoC5/isr_1.c **** * Return:
 307:.\Generated_Source\PSoC5/isr_1.c **** *   void.
 308:.\Generated_Source\PSoC5/isr_1.c **** *
 309:.\Generated_Source\PSoC5/isr_1.c **** *
 310:.\Generated_Source\PSoC5/isr_1.c **** *******************************************************************************/
 311:.\Generated_Source\PSoC5/isr_1.c **** void isr_1_Disable(void) 
 312:.\Generated_Source\PSoC5/isr_1.c **** {
 400              		.loc 1 312 0
 401              		.cfi_startproc
 402              		@ args = 0, pretend = 0, frame = 0
 403              		@ frame_needed = 1, uses_anonymous_args = 0
 404              		@ link register save eliminated.
 405 0000 80B4     		push	{r7}
 406              	.LCFI25:
 407              		.cfi_def_cfa_offset 4
 408 0002 00AF     		add	r7, sp, #0
 409              		.cfi_offset 7, -4
 410              	.LCFI26:
 411              		.cfi_def_cfa_register 7
 313:.\Generated_Source\PSoC5/isr_1.c ****     /* Disable the general interrupt. */
 314:.\Generated_Source\PSoC5/isr_1.c ****     *isr_1_INTC_CLR_EN = isr_1__INTC_MASK;
 412              		.loc 1 314 0
 413 0004 4EF28013 		movw	r3, #:lower16:-536813184
 414 0008 CEF20003 		movt	r3, #:upper16:-536813184
 415 000c 4FF00202 		mov	r2, #2
 416 0010 1A60     		str	r2, [r3, #0]
 315:.\Generated_Source\PSoC5/isr_1.c **** }
 417              		.loc 1 315 0
 418 0012 BD46     		mov	sp, r7
 419 0014 80BC     		pop	{r7}
 420 0016 7047     		bx	lr
 421              		.cfi_endproc
 422              	.LFE10:
ARM GAS  C:\Users\rmcgarel\AppData\Local\Temp\ccRVbjt2.s 			page 14


 423              		.size	isr_1_Disable, .-isr_1_Disable
 424              		.section	.text.isr_1_SetPending,"ax",%progbits
 425              		.align	2
 426              		.global	isr_1_SetPending
 427              		.thumb
 428              		.thumb_func
 429              		.type	isr_1_SetPending, %function
 430              	isr_1_SetPending:
 431              	.LFB11:
 316:.\Generated_Source\PSoC5/isr_1.c **** 
 317:.\Generated_Source\PSoC5/isr_1.c **** /*******************************************************************************
 318:.\Generated_Source\PSoC5/isr_1.c **** * Function Name: isr_1_SetPending
 319:.\Generated_Source\PSoC5/isr_1.c **** ********************************************************************************
 320:.\Generated_Source\PSoC5/isr_1.c **** * Summary:
 321:.\Generated_Source\PSoC5/isr_1.c **** *   Causes the Interrupt to enter the pending state, a software method of
 322:.\Generated_Source\PSoC5/isr_1.c **** *   generating the interrupt.
 323:.\Generated_Source\PSoC5/isr_1.c **** *
 324:.\Generated_Source\PSoC5/isr_1.c **** *
 325:.\Generated_Source\PSoC5/isr_1.c **** * Parameters:
 326:.\Generated_Source\PSoC5/isr_1.c **** *   void.
 327:.\Generated_Source\PSoC5/isr_1.c **** *
 328:.\Generated_Source\PSoC5/isr_1.c **** *
 329:.\Generated_Source\PSoC5/isr_1.c **** * Return:
 330:.\Generated_Source\PSoC5/isr_1.c **** *   void.
 331:.\Generated_Source\PSoC5/isr_1.c **** *
 332:.\Generated_Source\PSoC5/isr_1.c **** *
 333:.\Generated_Source\PSoC5/isr_1.c **** *******************************************************************************/
 334:.\Generated_Source\PSoC5/isr_1.c **** void isr_1_SetPending(void) 
 335:.\Generated_Source\PSoC5/isr_1.c **** {
 432              		.loc 1 335 0
 433              		.cfi_startproc
 434              		@ args = 0, pretend = 0, frame = 0
 435              		@ frame_needed = 1, uses_anonymous_args = 0
 436              		@ link register save eliminated.
 437 0000 80B4     		push	{r7}
 438              	.LCFI27:
 439              		.cfi_def_cfa_offset 4
 440 0002 00AF     		add	r7, sp, #0
 441              		.cfi_offset 7, -4
 442              	.LCFI28:
 443              		.cfi_def_cfa_register 7
 336:.\Generated_Source\PSoC5/isr_1.c ****     *isr_1_INTC_SET_PD = isr_1__INTC_MASK;
 444              		.loc 1 336 0
 445 0004 4EF20023 		movw	r3, #:lower16:-536813056
 446 0008 CEF20003 		movt	r3, #:upper16:-536813056
 447 000c 4FF00202 		mov	r2, #2
 448 0010 1A60     		str	r2, [r3, #0]
 337:.\Generated_Source\PSoC5/isr_1.c **** }
 449              		.loc 1 337 0
 450 0012 BD46     		mov	sp, r7
 451 0014 80BC     		pop	{r7}
 452 0016 7047     		bx	lr
 453              		.cfi_endproc
 454              	.LFE11:
 455              		.size	isr_1_SetPending, .-isr_1_SetPending
 456              		.section	.text.isr_1_ClearPending,"ax",%progbits
 457              		.align	2
ARM GAS  C:\Users\rmcgarel\AppData\Local\Temp\ccRVbjt2.s 			page 15


 458              		.global	isr_1_ClearPending
 459              		.thumb
 460              		.thumb_func
 461              		.type	isr_1_ClearPending, %function
 462              	isr_1_ClearPending:
 463              	.LFB12:
 338:.\Generated_Source\PSoC5/isr_1.c **** 
 339:.\Generated_Source\PSoC5/isr_1.c **** /*******************************************************************************
 340:.\Generated_Source\PSoC5/isr_1.c **** * Function Name: isr_1_ClearPending
 341:.\Generated_Source\PSoC5/isr_1.c **** ********************************************************************************
 342:.\Generated_Source\PSoC5/isr_1.c **** * Summary:
 343:.\Generated_Source\PSoC5/isr_1.c **** *   Clears a pending interrupt.
 344:.\Generated_Source\PSoC5/isr_1.c **** *
 345:.\Generated_Source\PSoC5/isr_1.c **** * Parameters:
 346:.\Generated_Source\PSoC5/isr_1.c **** *   void.
 347:.\Generated_Source\PSoC5/isr_1.c **** *
 348:.\Generated_Source\PSoC5/isr_1.c **** *
 349:.\Generated_Source\PSoC5/isr_1.c **** * Return:
 350:.\Generated_Source\PSoC5/isr_1.c **** *   void.
 351:.\Generated_Source\PSoC5/isr_1.c **** *
 352:.\Generated_Source\PSoC5/isr_1.c **** *
 353:.\Generated_Source\PSoC5/isr_1.c **** *******************************************************************************/
 354:.\Generated_Source\PSoC5/isr_1.c **** void isr_1_ClearPending(void) 
 355:.\Generated_Source\PSoC5/isr_1.c **** {
 464              		.loc 1 355 0
 465              		.cfi_startproc
 466              		@ args = 0, pretend = 0, frame = 0
 467              		@ frame_needed = 1, uses_anonymous_args = 0
 468              		@ link register save eliminated.
 469 0000 80B4     		push	{r7}
 470              	.LCFI29:
 471              		.cfi_def_cfa_offset 4
 472 0002 00AF     		add	r7, sp, #0
 473              		.cfi_offset 7, -4
 474              	.LCFI30:
 475              		.cfi_def_cfa_register 7
 356:.\Generated_Source\PSoC5/isr_1.c ****     *isr_1_INTC_CLR_PD = isr_1__INTC_MASK;
 476              		.loc 1 356 0
 477 0004 4EF28023 		movw	r3, #:lower16:-536812928
 478 0008 CEF20003 		movt	r3, #:upper16:-536812928
 479 000c 4FF00202 		mov	r2, #2
 480 0010 1A60     		str	r2, [r3, #0]
 357:.\Generated_Source\PSoC5/isr_1.c **** }
 481              		.loc 1 357 0
 482 0012 BD46     		mov	sp, r7
 483 0014 80BC     		pop	{r7}
 484 0016 7047     		bx	lr
 485              		.cfi_endproc
 486              	.LFE12:
 487              		.size	isr_1_ClearPending, .-isr_1_ClearPending
 488              		.text
 489              	.Letext0:
 490              		.section	.debug_loc,"",%progbits
 491              	.Ldebug_loc0:
 492              	.LLST0:
 493 0000 00000000 		.4byte	.LFB0
 494 0004 02000000 		.4byte	.LCFI0
ARM GAS  C:\Users\rmcgarel\AppData\Local\Temp\ccRVbjt2.s 			page 16


 495 0008 0100     		.2byte	0x1
 496 000a 5D       		.byte	0x5d
 497 000b 02000000 		.4byte	.LCFI0
 498 000f 04000000 		.4byte	.LCFI1
 499 0013 0200     		.2byte	0x2
 500 0015 7D       		.byte	0x7d
 501 0016 08       		.sleb128 8
 502 0017 04000000 		.4byte	.LCFI1
 503 001b 22000000 		.4byte	.LFE0
 504 001f 0200     		.2byte	0x2
 505 0021 77       		.byte	0x77
 506 0022 08       		.sleb128 8
 507 0023 00000000 		.4byte	0x0
 508 0027 00000000 		.4byte	0x0
 509              	.LLST1:
 510 002b 00000000 		.4byte	.LFB1
 511 002f 02000000 		.4byte	.LCFI2
 512 0033 0100     		.2byte	0x1
 513 0035 5D       		.byte	0x5d
 514 0036 02000000 		.4byte	.LCFI2
 515 003a 04000000 		.4byte	.LCFI3
 516 003e 0200     		.2byte	0x2
 517 0040 7D       		.byte	0x7d
 518 0041 08       		.sleb128 8
 519 0042 04000000 		.4byte	.LCFI3
 520 0046 06000000 		.4byte	.LCFI4
 521 004a 0200     		.2byte	0x2
 522 004c 7D       		.byte	0x7d
 523 004d 10       		.sleb128 16
 524 004e 06000000 		.4byte	.LCFI4
 525 0052 26000000 		.4byte	.LFE1
 526 0056 0200     		.2byte	0x2
 527 0058 77       		.byte	0x77
 528 0059 10       		.sleb128 16
 529 005a 00000000 		.4byte	0x0
 530 005e 00000000 		.4byte	0x0
 531              	.LLST2:
 532 0062 00000000 		.4byte	.LFB2
 533 0066 02000000 		.4byte	.LCFI5
 534 006a 0100     		.2byte	0x1
 535 006c 5D       		.byte	0x5d
 536 006d 02000000 		.4byte	.LCFI5
 537 0071 04000000 		.4byte	.LCFI6
 538 0075 0200     		.2byte	0x2
 539 0077 7D       		.byte	0x7d
 540 0078 08       		.sleb128 8
 541 0079 04000000 		.4byte	.LCFI6
 542 007d 16000000 		.4byte	.LFE2
 543 0081 0200     		.2byte	0x2
 544 0083 77       		.byte	0x77
 545 0084 08       		.sleb128 8
 546 0085 00000000 		.4byte	0x0
 547 0089 00000000 		.4byte	0x0
 548              	.LLST3:
 549 008d 00000000 		.4byte	.LFB3
 550 0091 02000000 		.4byte	.LCFI7
 551 0095 0100     		.2byte	0x1
ARM GAS  C:\Users\rmcgarel\AppData\Local\Temp\ccRVbjt2.s 			page 17


 552 0097 5D       		.byte	0x5d
 553 0098 02000000 		.4byte	.LCFI7
 554 009c 04000000 		.4byte	.LCFI8
 555 00a0 0200     		.2byte	0x2
 556 00a2 7D       		.byte	0x7d
 557 00a3 04       		.sleb128 4
 558 00a4 04000000 		.4byte	.LCFI8
 559 00a8 0A000000 		.4byte	.LFE3
 560 00ac 0200     		.2byte	0x2
 561 00ae 77       		.byte	0x77
 562 00af 04       		.sleb128 4
 563 00b0 00000000 		.4byte	0x0
 564 00b4 00000000 		.4byte	0x0
 565              	.LLST4:
 566 00b8 00000000 		.4byte	.LFB4
 567 00bc 02000000 		.4byte	.LCFI9
 568 00c0 0100     		.2byte	0x1
 569 00c2 5D       		.byte	0x5d
 570 00c3 02000000 		.4byte	.LCFI9
 571 00c7 04000000 		.4byte	.LCFI10
 572 00cb 0200     		.2byte	0x2
 573 00cd 7D       		.byte	0x7d
 574 00ce 04       		.sleb128 4
 575 00cf 04000000 		.4byte	.LCFI10
 576 00d3 06000000 		.4byte	.LCFI11
 577 00d7 0200     		.2byte	0x2
 578 00d9 7D       		.byte	0x7d
 579 00da 18       		.sleb128 24
 580 00db 06000000 		.4byte	.LCFI11
 581 00df 28000000 		.4byte	.LFE4
 582 00e3 0200     		.2byte	0x2
 583 00e5 77       		.byte	0x77
 584 00e6 18       		.sleb128 24
 585 00e7 00000000 		.4byte	0x0
 586 00eb 00000000 		.4byte	0x0
 587              	.LLST5:
 588 00ef 00000000 		.4byte	.LFB5
 589 00f3 02000000 		.4byte	.LCFI12
 590 00f7 0100     		.2byte	0x1
 591 00f9 5D       		.byte	0x5d
 592 00fa 02000000 		.4byte	.LCFI12
 593 00fe 04000000 		.4byte	.LCFI13
 594 0102 0200     		.2byte	0x2
 595 0104 7D       		.byte	0x7d
 596 0105 04       		.sleb128 4
 597 0106 04000000 		.4byte	.LCFI13
 598 010a 06000000 		.4byte	.LCFI14
 599 010e 0200     		.2byte	0x2
 600 0110 7D       		.byte	0x7d
 601 0111 10       		.sleb128 16
 602 0112 06000000 		.4byte	.LCFI14
 603 0116 26000000 		.4byte	.LFE5
 604 011a 0200     		.2byte	0x2
 605 011c 77       		.byte	0x77
 606 011d 10       		.sleb128 16
 607 011e 00000000 		.4byte	0x0
 608 0122 00000000 		.4byte	0x0
ARM GAS  C:\Users\rmcgarel\AppData\Local\Temp\ccRVbjt2.s 			page 18


 609              	.LLST6:
 610 0126 00000000 		.4byte	.LFB6
 611 012a 02000000 		.4byte	.LCFI15
 612 012e 0100     		.2byte	0x1
 613 0130 5D       		.byte	0x5d
 614 0131 02000000 		.4byte	.LCFI15
 615 0135 04000000 		.4byte	.LCFI16
 616 0139 0200     		.2byte	0x2
 617 013b 7D       		.byte	0x7d
 618 013c 04       		.sleb128 4
 619 013d 04000000 		.4byte	.LCFI16
 620 0141 06000000 		.4byte	.LCFI17
 621 0145 0200     		.2byte	0x2
 622 0147 7D       		.byte	0x7d
 623 0148 10       		.sleb128 16
 624 0149 06000000 		.4byte	.LCFI17
 625 014d 26000000 		.4byte	.LFE6
 626 0151 0200     		.2byte	0x2
 627 0153 77       		.byte	0x77
 628 0154 10       		.sleb128 16
 629 0155 00000000 		.4byte	0x0
 630 0159 00000000 		.4byte	0x0
 631              	.LLST7:
 632 015d 00000000 		.4byte	.LFB7
 633 0161 02000000 		.4byte	.LCFI18
 634 0165 0100     		.2byte	0x1
 635 0167 5D       		.byte	0x5d
 636 0168 02000000 		.4byte	.LCFI18
 637 016c 04000000 		.4byte	.LCFI19
 638 0170 0200     		.2byte	0x2
 639 0172 7D       		.byte	0x7d
 640 0173 04       		.sleb128 4
 641 0174 04000000 		.4byte	.LCFI19
 642 0178 06000000 		.4byte	.LCFI20
 643 017c 0200     		.2byte	0x2
 644 017e 7D       		.byte	0x7d
 645 017f 10       		.sleb128 16
 646 0180 06000000 		.4byte	.LCFI20
 647 0184 26000000 		.4byte	.LFE7
 648 0188 0200     		.2byte	0x2
 649 018a 77       		.byte	0x77
 650 018b 10       		.sleb128 16
 651 018c 00000000 		.4byte	0x0
 652 0190 00000000 		.4byte	0x0
 653              	.LLST8:
 654 0194 00000000 		.4byte	.LFB8
 655 0198 02000000 		.4byte	.LCFI21
 656 019c 0100     		.2byte	0x1
 657 019e 5D       		.byte	0x5d
 658 019f 02000000 		.4byte	.LCFI21
 659 01a3 04000000 		.4byte	.LCFI22
 660 01a7 0200     		.2byte	0x2
 661 01a9 7D       		.byte	0x7d
 662 01aa 04       		.sleb128 4
 663 01ab 04000000 		.4byte	.LCFI22
 664 01af 18000000 		.4byte	.LFE8
 665 01b3 0200     		.2byte	0x2
ARM GAS  C:\Users\rmcgarel\AppData\Local\Temp\ccRVbjt2.s 			page 19


 666 01b5 77       		.byte	0x77
 667 01b6 04       		.sleb128 4
 668 01b7 00000000 		.4byte	0x0
 669 01bb 00000000 		.4byte	0x0
 670              	.LLST9:
 671 01bf 00000000 		.4byte	.LFB9
 672 01c3 02000000 		.4byte	.LCFI23
 673 01c7 0100     		.2byte	0x1
 674 01c9 5D       		.byte	0x5d
 675 01ca 02000000 		.4byte	.LCFI23
 676 01ce 04000000 		.4byte	.LCFI24
 677 01d2 0200     		.2byte	0x2
 678 01d4 7D       		.byte	0x7d
 679 01d5 04       		.sleb128 4
 680 01d6 04000000 		.4byte	.LCFI24
 681 01da 22000000 		.4byte	.LFE9
 682 01de 0200     		.2byte	0x2
 683 01e0 77       		.byte	0x77
 684 01e1 04       		.sleb128 4
 685 01e2 00000000 		.4byte	0x0
 686 01e6 00000000 		.4byte	0x0
 687              	.LLST10:
 688 01ea 00000000 		.4byte	.LFB10
 689 01ee 02000000 		.4byte	.LCFI25
 690 01f2 0100     		.2byte	0x1
 691 01f4 5D       		.byte	0x5d
 692 01f5 02000000 		.4byte	.LCFI25
 693 01f9 04000000 		.4byte	.LCFI26
 694 01fd 0200     		.2byte	0x2
 695 01ff 7D       		.byte	0x7d
 696 0200 04       		.sleb128 4
 697 0201 04000000 		.4byte	.LCFI26
 698 0205 18000000 		.4byte	.LFE10
 699 0209 0200     		.2byte	0x2
 700 020b 77       		.byte	0x77
 701 020c 04       		.sleb128 4
 702 020d 00000000 		.4byte	0x0
 703 0211 00000000 		.4byte	0x0
 704              	.LLST11:
 705 0215 00000000 		.4byte	.LFB11
 706 0219 02000000 		.4byte	.LCFI27
 707 021d 0100     		.2byte	0x1
 708 021f 5D       		.byte	0x5d
 709 0220 02000000 		.4byte	.LCFI27
 710 0224 04000000 		.4byte	.LCFI28
 711 0228 0200     		.2byte	0x2
 712 022a 7D       		.byte	0x7d
 713 022b 04       		.sleb128 4
 714 022c 04000000 		.4byte	.LCFI28
 715 0230 18000000 		.4byte	.LFE11
 716 0234 0200     		.2byte	0x2
 717 0236 77       		.byte	0x77
 718 0237 04       		.sleb128 4
 719 0238 00000000 		.4byte	0x0
 720 023c 00000000 		.4byte	0x0
 721              	.LLST12:
 722 0240 00000000 		.4byte	.LFB12
ARM GAS  C:\Users\rmcgarel\AppData\Local\Temp\ccRVbjt2.s 			page 20


 723 0244 02000000 		.4byte	.LCFI29
 724 0248 0100     		.2byte	0x1
 725 024a 5D       		.byte	0x5d
 726 024b 02000000 		.4byte	.LCFI29
 727 024f 04000000 		.4byte	.LCFI30
 728 0253 0200     		.2byte	0x2
 729 0255 7D       		.byte	0x7d
 730 0256 04       		.sleb128 4
 731 0257 04000000 		.4byte	.LCFI30
 732 025b 18000000 		.4byte	.LFE12
 733 025f 0200     		.2byte	0x2
 734 0261 77       		.byte	0x77
 735 0262 04       		.sleb128 4
 736 0263 00000000 		.4byte	0x0
 737 0267 00000000 		.4byte	0x0
 738              		.file 2 "./Generated_Source/PSoC5/cytypes.h"
 739              		.section	.debug_info
 740 0000 37020000 		.4byte	0x237
 741 0004 0200     		.2byte	0x2
 742 0006 00000000 		.4byte	.Ldebug_abbrev0
 743 000a 04       		.byte	0x4
 744 000b 01       		.uleb128 0x1
 745 000c 66010000 		.4byte	.LASF29
 746 0010 01       		.byte	0x1
 747 0011 61000000 		.4byte	.LASF30
 748 0015 1F000000 		.4byte	.LASF31
 749 0019 00000000 		.4byte	0x0
 750 001d 00000000 		.4byte	0x0
 751 0021 00000000 		.4byte	.Ldebug_ranges0+0x0
 752 0025 00000000 		.4byte	.Ldebug_line0
 753 0029 02       		.uleb128 0x2
 754 002a 01       		.byte	0x1
 755 002b 06       		.byte	0x6
 756 002c C6010000 		.4byte	.LASF0
 757 0030 02       		.uleb128 0x2
 758 0031 01       		.byte	0x1
 759 0032 08       		.byte	0x8
 760 0033 D2000000 		.4byte	.LASF1
 761 0037 02       		.uleb128 0x2
 762 0038 02       		.byte	0x2
 763 0039 05       		.byte	0x5
 764 003a 93010000 		.4byte	.LASF2
 765 003e 02       		.uleb128 0x2
 766 003f 02       		.byte	0x2
 767 0040 07       		.byte	0x7
 768 0041 A7000000 		.4byte	.LASF3
 769 0045 03       		.uleb128 0x3
 770 0046 04       		.byte	0x4
 771 0047 05       		.byte	0x5
 772 0048 696E7400 		.ascii	"int\000"
 773 004c 02       		.uleb128 0x2
 774 004d 04       		.byte	0x4
 775 004e 07       		.byte	0x7
 776 004f 2D010000 		.4byte	.LASF4
 777 0053 02       		.uleb128 0x2
 778 0054 08       		.byte	0x8
 779 0055 05       		.byte	0x5
ARM GAS  C:\Users\rmcgarel\AppData\Local\Temp\ccRVbjt2.s 			page 21


 780 0056 00000000 		.4byte	.LASF5
 781 005a 02       		.uleb128 0x2
 782 005b 08       		.byte	0x8
 783 005c 07       		.byte	0x7
 784 005d 42010000 		.4byte	.LASF6
 785 0061 02       		.uleb128 0x2
 786 0062 04       		.byte	0x4
 787 0063 05       		.byte	0x5
 788 0064 BD010000 		.4byte	.LASF7
 789 0068 04       		.uleb128 0x4
 790 0069 04       		.byte	0x4
 791 006a 07       		.byte	0x7
 792 006b 02       		.uleb128 0x2
 793 006c 04       		.byte	0x4
 794 006d 07       		.byte	0x7
 795 006e E0000000 		.4byte	.LASF8
 796 0072 05       		.uleb128 0x5
 797 0073 01       		.byte	0x1
 798 0074 06       		.uleb128 0x6
 799 0075 04       		.byte	0x4
 800 0076 72000000 		.4byte	0x72
 801 007a 02       		.uleb128 0x2
 802 007b 01       		.byte	0x1
 803 007c 08       		.byte	0x8
 804 007d 7F010000 		.4byte	.LASF9
 805 0081 07       		.uleb128 0x7
 806 0082 F2000000 		.4byte	.LASF12
 807 0086 02       		.byte	0x2
 808 0087 4C       		.byte	0x4c
 809 0088 30000000 		.4byte	0x30
 810 008c 02       		.uleb128 0x2
 811 008d 04       		.byte	0x4
 812 008e 04       		.byte	0x4
 813 008f CC000000 		.4byte	.LASF10
 814 0093 02       		.uleb128 0x2
 815 0094 08       		.byte	0x8
 816 0095 04       		.byte	0x4
 817 0096 14010000 		.4byte	.LASF11
 818 009a 07       		.uleb128 0x7
 819 009b 59010000 		.4byte	.LASF13
 820 009f 02       		.byte	0x2
 821 00a0 E0       		.byte	0xe0
 822 00a1 74000000 		.4byte	0x74
 823 00a5 08       		.uleb128 0x8
 824 00a6 01       		.byte	0x1
 825 00a7 9B000000 		.4byte	.LASF14
 826 00ab 01       		.byte	0x1
 827 00ac 38       		.byte	0x38
 828 00ad 01       		.byte	0x1
 829 00ae 00000000 		.4byte	.LFB0
 830 00b2 22000000 		.4byte	.LFE0
 831 00b6 00000000 		.4byte	.LLST0
 832 00ba 09       		.uleb128 0x9
 833 00bb 01       		.byte	0x1
 834 00bc D2010000 		.4byte	.LASF17
 835 00c0 01       		.byte	0x1
 836 00c1 55       		.byte	0x55
ARM GAS  C:\Users\rmcgarel\AppData\Local\Temp\ccRVbjt2.s 			page 22


 837 00c2 01       		.byte	0x1
 838 00c3 00000000 		.4byte	.LFB1
 839 00c7 26000000 		.4byte	.LFE1
 840 00cb 2B000000 		.4byte	.LLST1
 841 00cf E2000000 		.4byte	0xe2
 842 00d3 0A       		.uleb128 0xa
 843 00d4 3A010000 		.4byte	.LASF19
 844 00d8 01       		.byte	0x1
 845 00d9 55       		.byte	0x55
 846 00da 9A000000 		.4byte	0x9a
 847 00de 02       		.byte	0x2
 848 00df 91       		.byte	0x91
 849 00e0 74       		.sleb128 -12
 850 00e1 00       		.byte	0x0
 851 00e2 08       		.uleb128 0x8
 852 00e3 01       		.byte	0x1
 853 00e4 90000000 		.4byte	.LASF15
 854 00e8 01       		.byte	0x1
 855 00e9 71       		.byte	0x71
 856 00ea 01       		.byte	0x1
 857 00eb 00000000 		.4byte	.LFB2
 858 00ef 16000000 		.4byte	.LFE2
 859 00f3 62000000 		.4byte	.LLST2
 860 00f7 08       		.uleb128 0x8
 861 00f8 01       		.byte	0x1
 862 00f9 AD010000 		.4byte	.LASF16
 863 00fd 01       		.byte	0x1
 864 00fe 8C       		.byte	0x8c
 865 00ff 01       		.byte	0x1
 866 0100 00000000 		.4byte	.LFB3
 867 0104 0A000000 		.4byte	.LFE3
 868 0108 8D000000 		.4byte	.LLST3
 869 010c 09       		.uleb128 0x9
 870 010d 01       		.byte	0x1
 871 010e E0010000 		.4byte	.LASF18
 872 0112 01       		.byte	0x1
 873 0113 A6       		.byte	0xa6
 874 0114 01       		.byte	0x1
 875 0115 00000000 		.4byte	.LFB4
 876 0119 28000000 		.4byte	.LFE4
 877 011d B8000000 		.4byte	.LLST4
 878 0121 42010000 		.4byte	0x142
 879 0125 0A       		.uleb128 0xa
 880 0126 3A010000 		.4byte	.LASF19
 881 012a 01       		.byte	0x1
 882 012b A6       		.byte	0xa6
 883 012c 9A000000 		.4byte	0x9a
 884 0130 02       		.byte	0x2
 885 0131 91       		.byte	0x91
 886 0132 6C       		.sleb128 -20
 887 0133 0B       		.uleb128 0xb
 888 0134 84010000 		.4byte	.LASF20
 889 0138 01       		.byte	0x1
 890 0139 A8       		.byte	0xa8
 891 013a 42010000 		.4byte	0x142
 892 013e 02       		.byte	0x2
 893 013f 91       		.byte	0x91
ARM GAS  C:\Users\rmcgarel\AppData\Local\Temp\ccRVbjt2.s 			page 23


 894 0140 74       		.sleb128 -12
 895 0141 00       		.byte	0x0
 896 0142 06       		.uleb128 0x6
 897 0143 04       		.byte	0x4
 898 0144 9A000000 		.4byte	0x9a
 899 0148 0C       		.uleb128 0xc
 900 0149 01       		.byte	0x1
 901 014a 9D010000 		.4byte	.LASF23
 902 014e 01       		.byte	0x1
 903 014f BF       		.byte	0xbf
 904 0150 01       		.byte	0x1
 905 0151 9A000000 		.4byte	0x9a
 906 0155 00000000 		.4byte	.LFB5
 907 0159 26000000 		.4byte	.LFE5
 908 015d EF000000 		.4byte	.LLST5
 909 0161 74010000 		.4byte	0x174
 910 0165 0B       		.uleb128 0xb
 911 0166 84010000 		.4byte	.LASF20
 912 016a 01       		.byte	0x1
 913 016b C1       		.byte	0xc1
 914 016c 42010000 		.4byte	0x142
 915 0170 02       		.byte	0x2
 916 0171 91       		.byte	0x91
 917 0172 74       		.sleb128 -12
 918 0173 00       		.byte	0x0
 919 0174 09       		.uleb128 0x9
 920 0175 01       		.byte	0x1
 921 0176 1B010000 		.4byte	.LASF21
 922 017a 01       		.byte	0x1
 923 017b DC       		.byte	0xdc
 924 017c 01       		.byte	0x1
 925 017d 00000000 		.4byte	.LFB6
 926 0181 26000000 		.4byte	.LFE6
 927 0185 26010000 		.4byte	.LLST6
 928 0189 9C010000 		.4byte	0x19c
 929 018d 0A       		.uleb128 0xa
 930 018e F8000000 		.4byte	.LASF22
 931 0192 01       		.byte	0x1
 932 0193 DC       		.byte	0xdc
 933 0194 81000000 		.4byte	0x81
 934 0198 02       		.byte	0x2
 935 0199 91       		.byte	0x91
 936 019a 77       		.sleb128 -9
 937 019b 00       		.byte	0x0
 938 019c 0C       		.uleb128 0xc
 939 019d 01       		.byte	0x1
 940 019e BA000000 		.4byte	.LASF24
 941 01a2 01       		.byte	0x1
 942 01a3 F1       		.byte	0xf1
 943 01a4 01       		.byte	0x1
 944 01a5 81000000 		.4byte	0x81
 945 01a9 00000000 		.4byte	.LFB7
 946 01ad 26000000 		.4byte	.LFE7
 947 01b1 5D010000 		.4byte	.LLST7
 948 01b5 C8010000 		.4byte	0x1c8
 949 01b9 0B       		.uleb128 0xb
 950 01ba F8000000 		.4byte	.LASF22
ARM GAS  C:\Users\rmcgarel\AppData\Local\Temp\ccRVbjt2.s 			page 24


 951 01be 01       		.byte	0x1
 952 01bf F3       		.byte	0xf3
 953 01c0 81000000 		.4byte	0x81
 954 01c4 02       		.byte	0x2
 955 01c5 91       		.byte	0x91
 956 01c6 77       		.sleb128 -9
 957 01c7 00       		.byte	0x0
 958 01c8 0D       		.uleb128 0xd
 959 01c9 01       		.byte	0x1
 960 01ca 72010000 		.4byte	.LASF25
 961 01ce 01       		.byte	0x1
 962 01cf 0B01     		.2byte	0x10b
 963 01d1 01       		.byte	0x1
 964 01d2 00000000 		.4byte	.LFB8
 965 01d6 18000000 		.4byte	.LFE8
 966 01da 94010000 		.4byte	.LLST8
 967 01de 0E       		.uleb128 0xe
 968 01df 01       		.byte	0x1
 969 01e0 52000000 		.4byte	.LASF32
 970 01e4 01       		.byte	0x1
 971 01e5 2101     		.2byte	0x121
 972 01e7 01       		.byte	0x1
 973 01e8 81000000 		.4byte	0x81
 974 01ec 00000000 		.4byte	.LFB9
 975 01f0 22000000 		.4byte	.LFE9
 976 01f4 BF010000 		.4byte	.LLST9
 977 01f8 0D       		.uleb128 0xd
 978 01f9 01       		.byte	0x1
 979 01fa 82000000 		.4byte	.LASF26
 980 01fe 01       		.byte	0x1
 981 01ff 3701     		.2byte	0x137
 982 0201 01       		.byte	0x1
 983 0202 00000000 		.4byte	.LFB10
 984 0206 18000000 		.4byte	.LFE10
 985 020a EA010000 		.4byte	.LLST10
 986 020e 0D       		.uleb128 0xd
 987 020f 01       		.byte	0x1
 988 0210 0E000000 		.4byte	.LASF27
 989 0214 01       		.byte	0x1
 990 0215 4E01     		.2byte	0x14e
 991 0217 01       		.byte	0x1
 992 0218 00000000 		.4byte	.LFB11
 993 021c 18000000 		.4byte	.LFE11
 994 0220 15020000 		.4byte	.LLST11
 995 0224 0D       		.uleb128 0xd
 996 0225 01       		.byte	0x1
 997 0226 01010000 		.4byte	.LASF28
 998 022a 01       		.byte	0x1
 999 022b 6201     		.2byte	0x162
 1000 022d 01       		.byte	0x1
 1001 022e 00000000 		.4byte	.LFB12
 1002 0232 18000000 		.4byte	.LFE12
 1003 0236 40020000 		.4byte	.LLST12
 1004 023a 00       		.byte	0x0
 1005              		.section	.debug_abbrev
 1006 0000 01       		.uleb128 0x1
 1007 0001 11       		.uleb128 0x11
ARM GAS  C:\Users\rmcgarel\AppData\Local\Temp\ccRVbjt2.s 			page 25


 1008 0002 01       		.byte	0x1
 1009 0003 25       		.uleb128 0x25
 1010 0004 0E       		.uleb128 0xe
 1011 0005 13       		.uleb128 0x13
 1012 0006 0B       		.uleb128 0xb
 1013 0007 03       		.uleb128 0x3
 1014 0008 0E       		.uleb128 0xe
 1015 0009 1B       		.uleb128 0x1b
 1016 000a 0E       		.uleb128 0xe
 1017 000b 11       		.uleb128 0x11
 1018 000c 01       		.uleb128 0x1
 1019 000d 52       		.uleb128 0x52
 1020 000e 01       		.uleb128 0x1
 1021 000f 55       		.uleb128 0x55
 1022 0010 06       		.uleb128 0x6
 1023 0011 10       		.uleb128 0x10
 1024 0012 06       		.uleb128 0x6
 1025 0013 00       		.byte	0x0
 1026 0014 00       		.byte	0x0
 1027 0015 02       		.uleb128 0x2
 1028 0016 24       		.uleb128 0x24
 1029 0017 00       		.byte	0x0
 1030 0018 0B       		.uleb128 0xb
 1031 0019 0B       		.uleb128 0xb
 1032 001a 3E       		.uleb128 0x3e
 1033 001b 0B       		.uleb128 0xb
 1034 001c 03       		.uleb128 0x3
 1035 001d 0E       		.uleb128 0xe
 1036 001e 00       		.byte	0x0
 1037 001f 00       		.byte	0x0
 1038 0020 03       		.uleb128 0x3
 1039 0021 24       		.uleb128 0x24
 1040 0022 00       		.byte	0x0
 1041 0023 0B       		.uleb128 0xb
 1042 0024 0B       		.uleb128 0xb
 1043 0025 3E       		.uleb128 0x3e
 1044 0026 0B       		.uleb128 0xb
 1045 0027 03       		.uleb128 0x3
 1046 0028 08       		.uleb128 0x8
 1047 0029 00       		.byte	0x0
 1048 002a 00       		.byte	0x0
 1049 002b 04       		.uleb128 0x4
 1050 002c 24       		.uleb128 0x24
 1051 002d 00       		.byte	0x0
 1052 002e 0B       		.uleb128 0xb
 1053 002f 0B       		.uleb128 0xb
 1054 0030 3E       		.uleb128 0x3e
 1055 0031 0B       		.uleb128 0xb
 1056 0032 00       		.byte	0x0
 1057 0033 00       		.byte	0x0
 1058 0034 05       		.uleb128 0x5
 1059 0035 15       		.uleb128 0x15
 1060 0036 00       		.byte	0x0
 1061 0037 27       		.uleb128 0x27
 1062 0038 0C       		.uleb128 0xc
 1063 0039 00       		.byte	0x0
 1064 003a 00       		.byte	0x0
ARM GAS  C:\Users\rmcgarel\AppData\Local\Temp\ccRVbjt2.s 			page 26


 1065 003b 06       		.uleb128 0x6
 1066 003c 0F       		.uleb128 0xf
 1067 003d 00       		.byte	0x0
 1068 003e 0B       		.uleb128 0xb
 1069 003f 0B       		.uleb128 0xb
 1070 0040 49       		.uleb128 0x49
 1071 0041 13       		.uleb128 0x13
 1072 0042 00       		.byte	0x0
 1073 0043 00       		.byte	0x0
 1074 0044 07       		.uleb128 0x7
 1075 0045 16       		.uleb128 0x16
 1076 0046 00       		.byte	0x0
 1077 0047 03       		.uleb128 0x3
 1078 0048 0E       		.uleb128 0xe
 1079 0049 3A       		.uleb128 0x3a
 1080 004a 0B       		.uleb128 0xb
 1081 004b 3B       		.uleb128 0x3b
 1082 004c 0B       		.uleb128 0xb
 1083 004d 49       		.uleb128 0x49
 1084 004e 13       		.uleb128 0x13
 1085 004f 00       		.byte	0x0
 1086 0050 00       		.byte	0x0
 1087 0051 08       		.uleb128 0x8
 1088 0052 2E       		.uleb128 0x2e
 1089 0053 00       		.byte	0x0
 1090 0054 3F       		.uleb128 0x3f
 1091 0055 0C       		.uleb128 0xc
 1092 0056 03       		.uleb128 0x3
 1093 0057 0E       		.uleb128 0xe
 1094 0058 3A       		.uleb128 0x3a
 1095 0059 0B       		.uleb128 0xb
 1096 005a 3B       		.uleb128 0x3b
 1097 005b 0B       		.uleb128 0xb
 1098 005c 27       		.uleb128 0x27
 1099 005d 0C       		.uleb128 0xc
 1100 005e 11       		.uleb128 0x11
 1101 005f 01       		.uleb128 0x1
 1102 0060 12       		.uleb128 0x12
 1103 0061 01       		.uleb128 0x1
 1104 0062 40       		.uleb128 0x40
 1105 0063 06       		.uleb128 0x6
 1106 0064 00       		.byte	0x0
 1107 0065 00       		.byte	0x0
 1108 0066 09       		.uleb128 0x9
 1109 0067 2E       		.uleb128 0x2e
 1110 0068 01       		.byte	0x1
 1111 0069 3F       		.uleb128 0x3f
 1112 006a 0C       		.uleb128 0xc
 1113 006b 03       		.uleb128 0x3
 1114 006c 0E       		.uleb128 0xe
 1115 006d 3A       		.uleb128 0x3a
 1116 006e 0B       		.uleb128 0xb
 1117 006f 3B       		.uleb128 0x3b
 1118 0070 0B       		.uleb128 0xb
 1119 0071 27       		.uleb128 0x27
 1120 0072 0C       		.uleb128 0xc
 1121 0073 11       		.uleb128 0x11
ARM GAS  C:\Users\rmcgarel\AppData\Local\Temp\ccRVbjt2.s 			page 27


 1122 0074 01       		.uleb128 0x1
 1123 0075 12       		.uleb128 0x12
 1124 0076 01       		.uleb128 0x1
 1125 0077 40       		.uleb128 0x40
 1126 0078 06       		.uleb128 0x6
 1127 0079 01       		.uleb128 0x1
 1128 007a 13       		.uleb128 0x13
 1129 007b 00       		.byte	0x0
 1130 007c 00       		.byte	0x0
 1131 007d 0A       		.uleb128 0xa
 1132 007e 05       		.uleb128 0x5
 1133 007f 00       		.byte	0x0
 1134 0080 03       		.uleb128 0x3
 1135 0081 0E       		.uleb128 0xe
 1136 0082 3A       		.uleb128 0x3a
 1137 0083 0B       		.uleb128 0xb
 1138 0084 3B       		.uleb128 0x3b
 1139 0085 0B       		.uleb128 0xb
 1140 0086 49       		.uleb128 0x49
 1141 0087 13       		.uleb128 0x13
 1142 0088 02       		.uleb128 0x2
 1143 0089 0A       		.uleb128 0xa
 1144 008a 00       		.byte	0x0
 1145 008b 00       		.byte	0x0
 1146 008c 0B       		.uleb128 0xb
 1147 008d 34       		.uleb128 0x34
 1148 008e 00       		.byte	0x0
 1149 008f 03       		.uleb128 0x3
 1150 0090 0E       		.uleb128 0xe
 1151 0091 3A       		.uleb128 0x3a
 1152 0092 0B       		.uleb128 0xb
 1153 0093 3B       		.uleb128 0x3b
 1154 0094 0B       		.uleb128 0xb
 1155 0095 49       		.uleb128 0x49
 1156 0096 13       		.uleb128 0x13
 1157 0097 02       		.uleb128 0x2
 1158 0098 0A       		.uleb128 0xa
 1159 0099 00       		.byte	0x0
 1160 009a 00       		.byte	0x0
 1161 009b 0C       		.uleb128 0xc
 1162 009c 2E       		.uleb128 0x2e
 1163 009d 01       		.byte	0x1
 1164 009e 3F       		.uleb128 0x3f
 1165 009f 0C       		.uleb128 0xc
 1166 00a0 03       		.uleb128 0x3
 1167 00a1 0E       		.uleb128 0xe
 1168 00a2 3A       		.uleb128 0x3a
 1169 00a3 0B       		.uleb128 0xb
 1170 00a4 3B       		.uleb128 0x3b
 1171 00a5 0B       		.uleb128 0xb
 1172 00a6 27       		.uleb128 0x27
 1173 00a7 0C       		.uleb128 0xc
 1174 00a8 49       		.uleb128 0x49
 1175 00a9 13       		.uleb128 0x13
 1176 00aa 11       		.uleb128 0x11
 1177 00ab 01       		.uleb128 0x1
 1178 00ac 12       		.uleb128 0x12
ARM GAS  C:\Users\rmcgarel\AppData\Local\Temp\ccRVbjt2.s 			page 28


 1179 00ad 01       		.uleb128 0x1
 1180 00ae 40       		.uleb128 0x40
 1181 00af 06       		.uleb128 0x6
 1182 00b0 01       		.uleb128 0x1
 1183 00b1 13       		.uleb128 0x13
 1184 00b2 00       		.byte	0x0
 1185 00b3 00       		.byte	0x0
 1186 00b4 0D       		.uleb128 0xd
 1187 00b5 2E       		.uleb128 0x2e
 1188 00b6 00       		.byte	0x0
 1189 00b7 3F       		.uleb128 0x3f
 1190 00b8 0C       		.uleb128 0xc
 1191 00b9 03       		.uleb128 0x3
 1192 00ba 0E       		.uleb128 0xe
 1193 00bb 3A       		.uleb128 0x3a
 1194 00bc 0B       		.uleb128 0xb
 1195 00bd 3B       		.uleb128 0x3b
 1196 00be 05       		.uleb128 0x5
 1197 00bf 27       		.uleb128 0x27
 1198 00c0 0C       		.uleb128 0xc
 1199 00c1 11       		.uleb128 0x11
 1200 00c2 01       		.uleb128 0x1
 1201 00c3 12       		.uleb128 0x12
 1202 00c4 01       		.uleb128 0x1
 1203 00c5 40       		.uleb128 0x40
 1204 00c6 06       		.uleb128 0x6
 1205 00c7 00       		.byte	0x0
 1206 00c8 00       		.byte	0x0
 1207 00c9 0E       		.uleb128 0xe
 1208 00ca 2E       		.uleb128 0x2e
 1209 00cb 00       		.byte	0x0
 1210 00cc 3F       		.uleb128 0x3f
 1211 00cd 0C       		.uleb128 0xc
 1212 00ce 03       		.uleb128 0x3
 1213 00cf 0E       		.uleb128 0xe
 1214 00d0 3A       		.uleb128 0x3a
 1215 00d1 0B       		.uleb128 0xb
 1216 00d2 3B       		.uleb128 0x3b
 1217 00d3 05       		.uleb128 0x5
 1218 00d4 27       		.uleb128 0x27
 1219 00d5 0C       		.uleb128 0xc
 1220 00d6 49       		.uleb128 0x49
 1221 00d7 13       		.uleb128 0x13
 1222 00d8 11       		.uleb128 0x11
 1223 00d9 01       		.uleb128 0x1
 1224 00da 12       		.uleb128 0x12
 1225 00db 01       		.uleb128 0x1
 1226 00dc 40       		.uleb128 0x40
 1227 00dd 06       		.uleb128 0x6
 1228 00de 00       		.byte	0x0
 1229 00df 00       		.byte	0x0
 1230 00e0 00       		.byte	0x0
 1231              		.section	.debug_pubnames,"",%progbits
 1232 0000 09010000 		.4byte	0x109
 1233 0004 0200     		.2byte	0x2
 1234 0006 00000000 		.4byte	.Ldebug_info0
 1235 000a 3B020000 		.4byte	0x23b
ARM GAS  C:\Users\rmcgarel\AppData\Local\Temp\ccRVbjt2.s 			page 29


 1236 000e A5000000 		.4byte	0xa5
 1237 0012 6973725F 		.ascii	"isr_1_Start\000"
 1237      315F5374 
 1237      61727400 
 1238 001e BA000000 		.4byte	0xba
 1239 0022 6973725F 		.ascii	"isr_1_StartEx\000"
 1239      315F5374 
 1239      61727445 
 1239      7800
 1240 0030 E2000000 		.4byte	0xe2
 1241 0034 6973725F 		.ascii	"isr_1_Stop\000"
 1241      315F5374 
 1241      6F7000
 1242 003f F7000000 		.4byte	0xf7
 1243 0043 6973725F 		.ascii	"isr_1_Interrupt\000"
 1243      315F496E 
 1243      74657272 
 1243      75707400 
 1244 0053 0C010000 		.4byte	0x10c
 1245 0057 6973725F 		.ascii	"isr_1_SetVector\000"
 1245      315F5365 
 1245      74566563 
 1245      746F7200 
 1246 0067 48010000 		.4byte	0x148
 1247 006b 6973725F 		.ascii	"isr_1_GetVector\000"
 1247      315F4765 
 1247      74566563 
 1247      746F7200 
 1248 007b 74010000 		.4byte	0x174
 1249 007f 6973725F 		.ascii	"isr_1_SetPriority\000"
 1249      315F5365 
 1249      74507269 
 1249      6F726974 
 1249      7900
 1250 0091 9C010000 		.4byte	0x19c
 1251 0095 6973725F 		.ascii	"isr_1_GetPriority\000"
 1251      315F4765 
 1251      74507269 
 1251      6F726974 
 1251      7900
 1252 00a7 C8010000 		.4byte	0x1c8
 1253 00ab 6973725F 		.ascii	"isr_1_Enable\000"
 1253      315F456E 
 1253      61626C65 
 1253      00
 1254 00b8 DE010000 		.4byte	0x1de
 1255 00bc 6973725F 		.ascii	"isr_1_GetState\000"
 1255      315F4765 
 1255      74537461 
 1255      746500
 1256 00cb F8010000 		.4byte	0x1f8
 1257 00cf 6973725F 		.ascii	"isr_1_Disable\000"
 1257      315F4469 
 1257      7361626C 
 1257      6500
 1258 00dd 0E020000 		.4byte	0x20e
 1259 00e1 6973725F 		.ascii	"isr_1_SetPending\000"
ARM GAS  C:\Users\rmcgarel\AppData\Local\Temp\ccRVbjt2.s 			page 30


 1259      315F5365 
 1259      7450656E 
 1259      64696E67 
 1259      00
 1260 00f2 24020000 		.4byte	0x224
 1261 00f6 6973725F 		.ascii	"isr_1_ClearPending\000"
 1261      315F436C 
 1261      65617250 
 1261      656E6469 
 1261      6E6700
 1262 0109 00000000 		.4byte	0x0
 1263              		.section	.debug_aranges,"",%progbits
 1264 0000 7C000000 		.4byte	0x7c
 1265 0004 0200     		.2byte	0x2
 1266 0006 00000000 		.4byte	.Ldebug_info0
 1267 000a 04       		.byte	0x4
 1268 000b 00       		.byte	0x0
 1269 000c 0000     		.2byte	0x0
 1270 000e 0000     		.2byte	0x0
 1271 0010 00000000 		.4byte	.LFB0
 1272 0014 22000000 		.4byte	.LFE0-.LFB0
 1273 0018 00000000 		.4byte	.LFB1
 1274 001c 26000000 		.4byte	.LFE1-.LFB1
 1275 0020 00000000 		.4byte	.LFB2
 1276 0024 16000000 		.4byte	.LFE2-.LFB2
 1277 0028 00000000 		.4byte	.LFB3
 1278 002c 0A000000 		.4byte	.LFE3-.LFB3
 1279 0030 00000000 		.4byte	.LFB4
 1280 0034 28000000 		.4byte	.LFE4-.LFB4
 1281 0038 00000000 		.4byte	.LFB5
 1282 003c 26000000 		.4byte	.LFE5-.LFB5
 1283 0040 00000000 		.4byte	.LFB6
 1284 0044 26000000 		.4byte	.LFE6-.LFB6
 1285 0048 00000000 		.4byte	.LFB7
 1286 004c 26000000 		.4byte	.LFE7-.LFB7
 1287 0050 00000000 		.4byte	.LFB8
 1288 0054 18000000 		.4byte	.LFE8-.LFB8
 1289 0058 00000000 		.4byte	.LFB9
 1290 005c 22000000 		.4byte	.LFE9-.LFB9
 1291 0060 00000000 		.4byte	.LFB10
 1292 0064 18000000 		.4byte	.LFE10-.LFB10
 1293 0068 00000000 		.4byte	.LFB11
 1294 006c 18000000 		.4byte	.LFE11-.LFB11
 1295 0070 00000000 		.4byte	.LFB12
 1296 0074 18000000 		.4byte	.LFE12-.LFB12
 1297 0078 00000000 		.4byte	0x0
 1298 007c 00000000 		.4byte	0x0
 1299              		.section	.debug_ranges,"",%progbits
 1300              	.Ldebug_ranges0:
 1301 0000 00000000 		.4byte	.Ltext0
 1302 0004 00000000 		.4byte	.Letext0
 1303 0008 00000000 		.4byte	.LFB0
 1304 000c 22000000 		.4byte	.LFE0
 1305 0010 00000000 		.4byte	.LFB1
 1306 0014 26000000 		.4byte	.LFE1
 1307 0018 00000000 		.4byte	.LFB2
 1308 001c 16000000 		.4byte	.LFE2
ARM GAS  C:\Users\rmcgarel\AppData\Local\Temp\ccRVbjt2.s 			page 31


 1309 0020 00000000 		.4byte	.LFB3
 1310 0024 0A000000 		.4byte	.LFE3
 1311 0028 00000000 		.4byte	.LFB4
 1312 002c 28000000 		.4byte	.LFE4
 1313 0030 00000000 		.4byte	.LFB5
 1314 0034 26000000 		.4byte	.LFE5
 1315 0038 00000000 		.4byte	.LFB6
 1316 003c 26000000 		.4byte	.LFE6
 1317 0040 00000000 		.4byte	.LFB7
 1318 0044 26000000 		.4byte	.LFE7
 1319 0048 00000000 		.4byte	.LFB8
 1320 004c 18000000 		.4byte	.LFE8
 1321 0050 00000000 		.4byte	.LFB9
 1322 0054 22000000 		.4byte	.LFE9
 1323 0058 00000000 		.4byte	.LFB10
 1324 005c 18000000 		.4byte	.LFE10
 1325 0060 00000000 		.4byte	.LFB11
 1326 0064 18000000 		.4byte	.LFE11
 1327 0068 00000000 		.4byte	.LFB12
 1328 006c 18000000 		.4byte	.LFE12
 1329 0070 00000000 		.4byte	0x0
 1330 0074 00000000 		.4byte	0x0
 1331              		.section	.debug_str,"MS",%progbits,1
 1332              	.LASF5:
 1333 0000 6C6F6E67 		.ascii	"long long int\000"
 1333      206C6F6E 
 1333      6720696E 
 1333      7400
 1334              	.LASF27:
 1335 000e 6973725F 		.ascii	"isr_1_SetPending\000"
 1335      315F5365 
 1335      7450656E 
 1335      64696E67 
 1335      00
 1336              	.LASF31:
 1337 001f 433A5C47 		.ascii	"C:\\Group4_Spring2013\\Final Project\\UART\\UART.cy"
 1337      726F7570 
 1337      345F5370 
 1337      72696E67 
 1337      32303133 
 1338 004e 64736E00 		.ascii	"dsn\000"
 1339              	.LASF32:
 1340 0052 6973725F 		.ascii	"isr_1_GetState\000"
 1340      315F4765 
 1340      74537461 
 1340      746500
 1341              	.LASF30:
 1342 0061 2E5C4765 		.ascii	".\\Generated_Source\\PSoC5\\isr_1.c\000"
 1342      6E657261 
 1342      7465645F 
 1342      536F7572 
 1342      63655C50 
 1343              	.LASF26:
 1344 0082 6973725F 		.ascii	"isr_1_Disable\000"
 1344      315F4469 
 1344      7361626C 
 1344      6500
ARM GAS  C:\Users\rmcgarel\AppData\Local\Temp\ccRVbjt2.s 			page 32


 1345              	.LASF15:
 1346 0090 6973725F 		.ascii	"isr_1_Stop\000"
 1346      315F5374 
 1346      6F7000
 1347              	.LASF14:
 1348 009b 6973725F 		.ascii	"isr_1_Start\000"
 1348      315F5374 
 1348      61727400 
 1349              	.LASF3:
 1350 00a7 73686F72 		.ascii	"short unsigned int\000"
 1350      7420756E 
 1350      7369676E 
 1350      65642069 
 1350      6E7400
 1351              	.LASF24:
 1352 00ba 6973725F 		.ascii	"isr_1_GetPriority\000"
 1352      315F4765 
 1352      74507269 
 1352      6F726974 
 1352      7900
 1353              	.LASF10:
 1354 00cc 666C6F61 		.ascii	"float\000"
 1354      7400
 1355              	.LASF1:
 1356 00d2 756E7369 		.ascii	"unsigned char\000"
 1356      676E6564 
 1356      20636861 
 1356      7200
 1357              	.LASF8:
 1358 00e0 6C6F6E67 		.ascii	"long unsigned int\000"
 1358      20756E73 
 1358      69676E65 
 1358      6420696E 
 1358      7400
 1359              	.LASF12:
 1360 00f2 75696E74 		.ascii	"uint8\000"
 1360      3800
 1361              	.LASF22:
 1362 00f8 7072696F 		.ascii	"priority\000"
 1362      72697479 
 1362      00
 1363              	.LASF28:
 1364 0101 6973725F 		.ascii	"isr_1_ClearPending\000"
 1364      315F436C 
 1364      65617250 
 1364      656E6469 
 1364      6E6700
 1365              	.LASF11:
 1366 0114 646F7562 		.ascii	"double\000"
 1366      6C6500
 1367              	.LASF21:
 1368 011b 6973725F 		.ascii	"isr_1_SetPriority\000"
 1368      315F5365 
 1368      74507269 
 1368      6F726974 
 1368      7900
 1369              	.LASF4:
ARM GAS  C:\Users\rmcgarel\AppData\Local\Temp\ccRVbjt2.s 			page 33


 1370 012d 756E7369 		.ascii	"unsigned int\000"
 1370      676E6564 
 1370      20696E74 
 1370      00
 1371              	.LASF19:
 1372 013a 61646472 		.ascii	"address\000"
 1372      65737300 
 1373              	.LASF6:
 1374 0142 6C6F6E67 		.ascii	"long long unsigned int\000"
 1374      206C6F6E 
 1374      6720756E 
 1374      7369676E 
 1374      65642069 
 1375              	.LASF13:
 1376 0159 63796973 		.ascii	"cyisraddress\000"
 1376      72616464 
 1376      72657373 
 1376      00
 1377              	.LASF29:
 1378 0166 474E5520 		.ascii	"GNU C 4.4.1\000"
 1378      4320342E 
 1378      342E3100 
 1379              	.LASF25:
 1380 0172 6973725F 		.ascii	"isr_1_Enable\000"
 1380      315F456E 
 1380      61626C65 
 1380      00
 1381              	.LASF9:
 1382 017f 63686172 		.ascii	"char\000"
 1382      00
 1383              	.LASF20:
 1384 0184 72616D56 		.ascii	"ramVectorTable\000"
 1384      6563746F 
 1384      72546162 
 1384      6C6500
 1385              	.LASF2:
 1386 0193 73686F72 		.ascii	"short int\000"
 1386      7420696E 
 1386      7400
 1387              	.LASF23:
 1388 019d 6973725F 		.ascii	"isr_1_GetVector\000"
 1388      315F4765 
 1388      74566563 
 1388      746F7200 
 1389              	.LASF16:
 1390 01ad 6973725F 		.ascii	"isr_1_Interrupt\000"
 1390      315F496E 
 1390      74657272 
 1390      75707400 
 1391              	.LASF7:
 1392 01bd 6C6F6E67 		.ascii	"long int\000"
 1392      20696E74 
 1392      00
 1393              	.LASF0:
 1394 01c6 7369676E 		.ascii	"signed char\000"
 1394      65642063 
 1394      68617200 
ARM GAS  C:\Users\rmcgarel\AppData\Local\Temp\ccRVbjt2.s 			page 34


 1395              	.LASF17:
 1396 01d2 6973725F 		.ascii	"isr_1_StartEx\000"
 1396      315F5374 
 1396      61727445 
 1396      7800
 1397              	.LASF18:
 1398 01e0 6973725F 		.ascii	"isr_1_SetVector\000"
 1398      315F5365 
 1398      74566563 
 1398      746F7200 
 1399              		.ident	"GCC: (Sourcery G++ Lite 2010q1-188) 4.4.1"
