ARM GAS  C:\Users\rmcgarel\AppData\Local\Temp\ccXyN8ci.s 			page 1


   1              		.syntax unified
   2              		.cpu cortex-m3
   3              		.fpu softvfp
   4              		.eabi_attribute 20, 1
   5              		.eabi_attribute 21, 1
   6              		.eabi_attribute 23, 3
   7              		.eabi_attribute 24, 1
   8              		.eabi_attribute 25, 1
   9              		.eabi_attribute 26, 1
  10              		.eabi_attribute 30, 6
  11              		.eabi_attribute 18, 4
  12              		.thumb
  13              		.file	"LCD_Char_1_LCDPort.c"
  14              		.section	.debug_abbrev,"",%progbits
  15              	.Ldebug_abbrev0:
  16              		.section	.debug_info,"",%progbits
  17              	.Ldebug_info0:
  18              		.section	.debug_line,"",%progbits
  19              	.Ldebug_line0:
  20 0000 C5000000 		.text
  20      02006B00 
  20      00000201 
  20      FB0E0D00 
  20      01010101 
  21              	.Ltext0:
  22              		.cfi_sections	.debug_frame
  23              		.section	.text.LCD_Char_1_LCDPort_Write,"ax",%progbits
  24              		.align	2
  25              		.global	LCD_Char_1_LCDPort_Write
  26              		.thumb
  27              		.thumb_func
  28              		.type	LCD_Char_1_LCDPort_Write, %function
  29              	LCD_Char_1_LCDPort_Write:
  30              	.LFB0:
  31              		.file 1 ".\\Generated_Source\\PSoC5\\LCD_Char_1_LCDPort.c"
   1:.\Generated_Source\PSoC5/LCD_Char_1_LCDPort.c **** /*******************************************************************************
   2:.\Generated_Source\PSoC5/LCD_Char_1_LCDPort.c **** * File Name: LCD_Char_1_LCDPort.c  
   3:.\Generated_Source\PSoC5/LCD_Char_1_LCDPort.c **** * Version 1.50
   4:.\Generated_Source\PSoC5/LCD_Char_1_LCDPort.c **** *
   5:.\Generated_Source\PSoC5/LCD_Char_1_LCDPort.c **** * Description:
   6:.\Generated_Source\PSoC5/LCD_Char_1_LCDPort.c **** *  This file contains API to enable firmware control of a Pins component.
   7:.\Generated_Source\PSoC5/LCD_Char_1_LCDPort.c **** *
   8:.\Generated_Source\PSoC5/LCD_Char_1_LCDPort.c **** * Note:
   9:.\Generated_Source\PSoC5/LCD_Char_1_LCDPort.c **** *
  10:.\Generated_Source\PSoC5/LCD_Char_1_LCDPort.c **** ********************************************************************************
  11:.\Generated_Source\PSoC5/LCD_Char_1_LCDPort.c **** * Copyright 2008-2010, Cypress Semiconductor Corporation.  All rights reserved.
  12:.\Generated_Source\PSoC5/LCD_Char_1_LCDPort.c **** * You may use this file only in accordance with the license, terms, conditions, 
  13:.\Generated_Source\PSoC5/LCD_Char_1_LCDPort.c **** * disclaimers, and limitations in the end user license agreement accompanying 
  14:.\Generated_Source\PSoC5/LCD_Char_1_LCDPort.c **** * the software package with which this file was provided.
  15:.\Generated_Source\PSoC5/LCD_Char_1_LCDPort.c **** ********************************************************************************/
  16:.\Generated_Source\PSoC5/LCD_Char_1_LCDPort.c **** 
  17:.\Generated_Source\PSoC5/LCD_Char_1_LCDPort.c **** #include "cytypes.h"
  18:.\Generated_Source\PSoC5/LCD_Char_1_LCDPort.c **** #include "LCD_Char_1_LCDPort.h"
  19:.\Generated_Source\PSoC5/LCD_Char_1_LCDPort.c **** 
  20:.\Generated_Source\PSoC5/LCD_Char_1_LCDPort.c **** 
  21:.\Generated_Source\PSoC5/LCD_Char_1_LCDPort.c **** /*******************************************************************************
  22:.\Generated_Source\PSoC5/LCD_Char_1_LCDPort.c **** * Function Name: LCD_Char_1_LCDPort_Write
ARM GAS  C:\Users\rmcgarel\AppData\Local\Temp\ccXyN8ci.s 			page 2


  23:.\Generated_Source\PSoC5/LCD_Char_1_LCDPort.c **** ********************************************************************************
  24:.\Generated_Source\PSoC5/LCD_Char_1_LCDPort.c **** * Summary:
  25:.\Generated_Source\PSoC5/LCD_Char_1_LCDPort.c **** *  Assign a new value to the digital port's data output register.  
  26:.\Generated_Source\PSoC5/LCD_Char_1_LCDPort.c **** *
  27:.\Generated_Source\PSoC5/LCD_Char_1_LCDPort.c **** * Parameters:  
  28:.\Generated_Source\PSoC5/LCD_Char_1_LCDPort.c **** *  prtValue:  The value to be assigned to the Digital Port. 
  29:.\Generated_Source\PSoC5/LCD_Char_1_LCDPort.c **** *
  30:.\Generated_Source\PSoC5/LCD_Char_1_LCDPort.c **** * Return: 
  31:.\Generated_Source\PSoC5/LCD_Char_1_LCDPort.c **** *  void 
  32:.\Generated_Source\PSoC5/LCD_Char_1_LCDPort.c **** *  
  33:.\Generated_Source\PSoC5/LCD_Char_1_LCDPort.c **** *******************************************************************************/
  34:.\Generated_Source\PSoC5/LCD_Char_1_LCDPort.c **** void LCD_Char_1_LCDPort_Write(uint8 value) 
  35:.\Generated_Source\PSoC5/LCD_Char_1_LCDPort.c **** {
  32              		.loc 1 35 0
  33              		.cfi_startproc
  34              		@ args = 0, pretend = 0, frame = 16
  35              		@ frame_needed = 1, uses_anonymous_args = 0
  36              		@ link register save eliminated.
  37 0000 80B4     		push	{r7}
  38              	.LCFI0:
  39              		.cfi_def_cfa_offset 4
  40 0002 85B0     		sub	sp, sp, #20
  41              	.LCFI1:
  42              		.cfi_def_cfa_offset 24
  43 0004 00AF     		add	r7, sp, #0
  44              		.cfi_offset 7, -4
  45              	.LCFI2:
  46              		.cfi_def_cfa_register 7
  47 0006 0346     		mov	r3, r0
  48 0008 FB71     		strb	r3, [r7, #7]
  36:.\Generated_Source\PSoC5/LCD_Char_1_LCDPort.c ****     uint8 staticBits = LCD_Char_1_LCDPort_DR & ~LCD_Char_1_LCDPort_MASK;
  49              		.loc 1 36 0
  50 000a 45F22013 		movw	r3, #:lower16:1073762592
  51 000e C4F20003 		movt	r3, #:upper16:1073762592
  52 0012 1B78     		ldrb	r3, [r3, #0]
  53 0014 DBB2     		uxtb	r3, r3
  54 0016 23F07F03 		bic	r3, r3, #127
  55 001a FB73     		strb	r3, [r7, #15]
  37:.\Generated_Source\PSoC5/LCD_Char_1_LCDPort.c ****     LCD_Char_1_LCDPort_DR = staticBits | ((value << LCD_Char_1_LCDPort_SHIFT) & LCD_Char_1_LCDPort_
  56              		.loc 1 37 0
  57 001c 45F22013 		movw	r3, #:lower16:1073762592
  58 0020 C4F20003 		movt	r3, #:upper16:1073762592
  59 0024 FA79     		ldrb	r2, [r7, #7]	@ zero_extendqisi2
  60 0026 02F07F02 		and	r2, r2, #127
  61 002a F97B     		ldrb	r1, [r7, #15]
  62 002c 42EA0102 		orr	r2, r2, r1
  63 0030 D2B2     		uxtb	r2, r2
  64 0032 1A70     		strb	r2, [r3, #0]
  38:.\Generated_Source\PSoC5/LCD_Char_1_LCDPort.c **** }
  65              		.loc 1 38 0
  66 0034 07F11407 		add	r7, r7, #20
  67 0038 BD46     		mov	sp, r7
  68 003a 80BC     		pop	{r7}
  69 003c 7047     		bx	lr
  70              		.cfi_endproc
  71              	.LFE0:
  72              		.size	LCD_Char_1_LCDPort_Write, .-LCD_Char_1_LCDPort_Write
ARM GAS  C:\Users\rmcgarel\AppData\Local\Temp\ccXyN8ci.s 			page 3


  73 003e 00BF     		.section	.text.LCD_Char_1_LCDPort_SetDriveMode,"ax",%progbits
  74              		.align	2
  75              		.global	LCD_Char_1_LCDPort_SetDriveMode
  76              		.thumb
  77              		.thumb_func
  78              		.type	LCD_Char_1_LCDPort_SetDriveMode, %function
  79              	LCD_Char_1_LCDPort_SetDriveMode:
  80              	.LFB1:
  39:.\Generated_Source\PSoC5/LCD_Char_1_LCDPort.c **** 
  40:.\Generated_Source\PSoC5/LCD_Char_1_LCDPort.c **** 
  41:.\Generated_Source\PSoC5/LCD_Char_1_LCDPort.c **** /*******************************************************************************
  42:.\Generated_Source\PSoC5/LCD_Char_1_LCDPort.c **** * Function Name: LCD_Char_1_LCDPort_SetDriveMode
  43:.\Generated_Source\PSoC5/LCD_Char_1_LCDPort.c **** ********************************************************************************
  44:.\Generated_Source\PSoC5/LCD_Char_1_LCDPort.c **** * Summary:
  45:.\Generated_Source\PSoC5/LCD_Char_1_LCDPort.c **** *  Change the drive mode on the pins of the port.
  46:.\Generated_Source\PSoC5/LCD_Char_1_LCDPort.c **** * 
  47:.\Generated_Source\PSoC5/LCD_Char_1_LCDPort.c **** * Parameters:  
  48:.\Generated_Source\PSoC5/LCD_Char_1_LCDPort.c **** *  mode:  Change the pins to this drive mode.
  49:.\Generated_Source\PSoC5/LCD_Char_1_LCDPort.c **** *
  50:.\Generated_Source\PSoC5/LCD_Char_1_LCDPort.c **** * Return: 
  51:.\Generated_Source\PSoC5/LCD_Char_1_LCDPort.c **** *  void
  52:.\Generated_Source\PSoC5/LCD_Char_1_LCDPort.c **** *
  53:.\Generated_Source\PSoC5/LCD_Char_1_LCDPort.c **** *******************************************************************************/
  54:.\Generated_Source\PSoC5/LCD_Char_1_LCDPort.c **** void LCD_Char_1_LCDPort_SetDriveMode(uint8 mode) 
  55:.\Generated_Source\PSoC5/LCD_Char_1_LCDPort.c **** {
  81              		.loc 1 55 0
  82              		.cfi_startproc
  83              		@ args = 0, pretend = 0, frame = 8
  84              		@ frame_needed = 1, uses_anonymous_args = 0
  85              		@ link register save eliminated.
  86 0000 80B4     		push	{r7}
  87              	.LCFI3:
  88              		.cfi_def_cfa_offset 4
  89 0002 83B0     		sub	sp, sp, #12
  90              	.LCFI4:
  91              		.cfi_def_cfa_offset 16
  92 0004 00AF     		add	r7, sp, #0
  93              		.cfi_offset 7, -4
  94              	.LCFI5:
  95              		.cfi_def_cfa_register 7
  96 0006 0346     		mov	r3, r0
  97 0008 FB71     		strb	r3, [r7, #7]
  56:.\Generated_Source\PSoC5/LCD_Char_1_LCDPort.c **** 	CyPins_SetPinDriveMode(LCD_Char_1_LCDPort_0, mode);
  98              		.loc 1 56 0
  99 000a 45F21003 		movw	r3, #:lower16:1073762320
 100 000e C4F20003 		movt	r3, #:upper16:1073762320
 101 0012 45F21002 		movw	r2, #:lower16:1073762320
 102 0016 C4F20002 		movt	r2, #:upper16:1073762320
 103 001a 1278     		ldrb	r2, [r2, #0]
 104 001c D2B2     		uxtb	r2, r2
 105 001e D1B2     		uxtb	r1, r2
 106 0020 01F0F101 		and	r1, r1, #241
 107 0024 FA79     		ldrb	r2, [r7, #7]	@ zero_extendqisi2
 108 0026 D2B2     		uxtb	r2, r2
 109 0028 02F00E02 		and	r2, r2, #14
 110 002c 41EA0202 		orr	r2, r1, r2
 111 0030 D2B2     		uxtb	r2, r2
ARM GAS  C:\Users\rmcgarel\AppData\Local\Temp\ccXyN8ci.s 			page 4


 112 0032 D2B2     		uxtb	r2, r2
 113 0034 1A70     		strb	r2, [r3, #0]
  57:.\Generated_Source\PSoC5/LCD_Char_1_LCDPort.c **** 	CyPins_SetPinDriveMode(LCD_Char_1_LCDPort_1, mode);
 114              		.loc 1 57 0
 115 0036 45F21103 		movw	r3, #:lower16:1073762321
 116 003a C4F20003 		movt	r3, #:upper16:1073762321
 117 003e 45F21102 		movw	r2, #:lower16:1073762321
 118 0042 C4F20002 		movt	r2, #:upper16:1073762321
 119 0046 1278     		ldrb	r2, [r2, #0]
 120 0048 D2B2     		uxtb	r2, r2
 121 004a D1B2     		uxtb	r1, r2
 122 004c 01F0F101 		and	r1, r1, #241
 123 0050 FA79     		ldrb	r2, [r7, #7]	@ zero_extendqisi2
 124 0052 D2B2     		uxtb	r2, r2
 125 0054 02F00E02 		and	r2, r2, #14
 126 0058 41EA0202 		orr	r2, r1, r2
 127 005c D2B2     		uxtb	r2, r2
 128 005e D2B2     		uxtb	r2, r2
 129 0060 1A70     		strb	r2, [r3, #0]
  58:.\Generated_Source\PSoC5/LCD_Char_1_LCDPort.c **** 	CyPins_SetPinDriveMode(LCD_Char_1_LCDPort_2, mode);
 130              		.loc 1 58 0
 131 0062 45F21203 		movw	r3, #:lower16:1073762322
 132 0066 C4F20003 		movt	r3, #:upper16:1073762322
 133 006a 45F21202 		movw	r2, #:lower16:1073762322
 134 006e C4F20002 		movt	r2, #:upper16:1073762322
 135 0072 1278     		ldrb	r2, [r2, #0]
 136 0074 D2B2     		uxtb	r2, r2
 137 0076 D1B2     		uxtb	r1, r2
 138 0078 01F0F101 		and	r1, r1, #241
 139 007c FA79     		ldrb	r2, [r7, #7]	@ zero_extendqisi2
 140 007e D2B2     		uxtb	r2, r2
 141 0080 02F00E02 		and	r2, r2, #14
 142 0084 41EA0202 		orr	r2, r1, r2
 143 0088 D2B2     		uxtb	r2, r2
 144 008a D2B2     		uxtb	r2, r2
 145 008c 1A70     		strb	r2, [r3, #0]
  59:.\Generated_Source\PSoC5/LCD_Char_1_LCDPort.c **** 	CyPins_SetPinDriveMode(LCD_Char_1_LCDPort_3, mode);
 146              		.loc 1 59 0
 147 008e 45F21303 		movw	r3, #:lower16:1073762323
 148 0092 C4F20003 		movt	r3, #:upper16:1073762323
 149 0096 45F21302 		movw	r2, #:lower16:1073762323
 150 009a C4F20002 		movt	r2, #:upper16:1073762323
 151 009e 1278     		ldrb	r2, [r2, #0]
 152 00a0 D2B2     		uxtb	r2, r2
 153 00a2 D1B2     		uxtb	r1, r2
 154 00a4 01F0F101 		and	r1, r1, #241
 155 00a8 FA79     		ldrb	r2, [r7, #7]	@ zero_extendqisi2
 156 00aa D2B2     		uxtb	r2, r2
 157 00ac 02F00E02 		and	r2, r2, #14
 158 00b0 41EA0202 		orr	r2, r1, r2
 159 00b4 D2B2     		uxtb	r2, r2
 160 00b6 D2B2     		uxtb	r2, r2
 161 00b8 1A70     		strb	r2, [r3, #0]
  60:.\Generated_Source\PSoC5/LCD_Char_1_LCDPort.c **** 	CyPins_SetPinDriveMode(LCD_Char_1_LCDPort_4, mode);
 162              		.loc 1 60 0
 163 00ba 45F21403 		movw	r3, #:lower16:1073762324
 164 00be C4F20003 		movt	r3, #:upper16:1073762324
ARM GAS  C:\Users\rmcgarel\AppData\Local\Temp\ccXyN8ci.s 			page 5


 165 00c2 45F21402 		movw	r2, #:lower16:1073762324
 166 00c6 C4F20002 		movt	r2, #:upper16:1073762324
 167 00ca 1278     		ldrb	r2, [r2, #0]
 168 00cc D2B2     		uxtb	r2, r2
 169 00ce D1B2     		uxtb	r1, r2
 170 00d0 01F0F101 		and	r1, r1, #241
 171 00d4 FA79     		ldrb	r2, [r7, #7]	@ zero_extendqisi2
 172 00d6 D2B2     		uxtb	r2, r2
 173 00d8 02F00E02 		and	r2, r2, #14
 174 00dc 41EA0202 		orr	r2, r1, r2
 175 00e0 D2B2     		uxtb	r2, r2
 176 00e2 D2B2     		uxtb	r2, r2
 177 00e4 1A70     		strb	r2, [r3, #0]
  61:.\Generated_Source\PSoC5/LCD_Char_1_LCDPort.c **** 	CyPins_SetPinDriveMode(LCD_Char_1_LCDPort_5, mode);
 178              		.loc 1 61 0
 179 00e6 45F21503 		movw	r3, #:lower16:1073762325
 180 00ea C4F20003 		movt	r3, #:upper16:1073762325
 181 00ee 45F21502 		movw	r2, #:lower16:1073762325
 182 00f2 C4F20002 		movt	r2, #:upper16:1073762325
 183 00f6 1278     		ldrb	r2, [r2, #0]
 184 00f8 D2B2     		uxtb	r2, r2
 185 00fa D1B2     		uxtb	r1, r2
 186 00fc 01F0F101 		and	r1, r1, #241
 187 0100 FA79     		ldrb	r2, [r7, #7]	@ zero_extendqisi2
 188 0102 D2B2     		uxtb	r2, r2
 189 0104 02F00E02 		and	r2, r2, #14
 190 0108 41EA0202 		orr	r2, r1, r2
 191 010c D2B2     		uxtb	r2, r2
 192 010e D2B2     		uxtb	r2, r2
 193 0110 1A70     		strb	r2, [r3, #0]
  62:.\Generated_Source\PSoC5/LCD_Char_1_LCDPort.c **** 	CyPins_SetPinDriveMode(LCD_Char_1_LCDPort_6, mode);
 194              		.loc 1 62 0
 195 0112 45F21603 		movw	r3, #:lower16:1073762326
 196 0116 C4F20003 		movt	r3, #:upper16:1073762326
 197 011a 45F21602 		movw	r2, #:lower16:1073762326
 198 011e C4F20002 		movt	r2, #:upper16:1073762326
 199 0122 1278     		ldrb	r2, [r2, #0]
 200 0124 D2B2     		uxtb	r2, r2
 201 0126 D1B2     		uxtb	r1, r2
 202 0128 01F0F101 		and	r1, r1, #241
 203 012c FA79     		ldrb	r2, [r7, #7]	@ zero_extendqisi2
 204 012e D2B2     		uxtb	r2, r2
 205 0130 02F00E02 		and	r2, r2, #14
 206 0134 41EA0202 		orr	r2, r1, r2
 207 0138 D2B2     		uxtb	r2, r2
 208 013a D2B2     		uxtb	r2, r2
 209 013c 1A70     		strb	r2, [r3, #0]
  63:.\Generated_Source\PSoC5/LCD_Char_1_LCDPort.c **** }
 210              		.loc 1 63 0
 211 013e 07F10C07 		add	r7, r7, #12
 212 0142 BD46     		mov	sp, r7
 213 0144 80BC     		pop	{r7}
 214 0146 7047     		bx	lr
 215              		.cfi_endproc
 216              	.LFE1:
 217              		.size	LCD_Char_1_LCDPort_SetDriveMode, .-LCD_Char_1_LCDPort_SetDriveMode
 218              		.section	.text.LCD_Char_1_LCDPort_Read,"ax",%progbits
ARM GAS  C:\Users\rmcgarel\AppData\Local\Temp\ccXyN8ci.s 			page 6


 219              		.align	2
 220              		.global	LCD_Char_1_LCDPort_Read
 221              		.thumb
 222              		.thumb_func
 223              		.type	LCD_Char_1_LCDPort_Read, %function
 224              	LCD_Char_1_LCDPort_Read:
 225              	.LFB2:
  64:.\Generated_Source\PSoC5/LCD_Char_1_LCDPort.c **** 
  65:.\Generated_Source\PSoC5/LCD_Char_1_LCDPort.c **** 
  66:.\Generated_Source\PSoC5/LCD_Char_1_LCDPort.c **** /*******************************************************************************
  67:.\Generated_Source\PSoC5/LCD_Char_1_LCDPort.c **** * Function Name: LCD_Char_1_LCDPort_Read
  68:.\Generated_Source\PSoC5/LCD_Char_1_LCDPort.c **** ********************************************************************************
  69:.\Generated_Source\PSoC5/LCD_Char_1_LCDPort.c **** * Summary:
  70:.\Generated_Source\PSoC5/LCD_Char_1_LCDPort.c **** *  Read the current value on the pins of the Digital Port in right justified 
  71:.\Generated_Source\PSoC5/LCD_Char_1_LCDPort.c **** *  form.
  72:.\Generated_Source\PSoC5/LCD_Char_1_LCDPort.c **** *
  73:.\Generated_Source\PSoC5/LCD_Char_1_LCDPort.c **** * Parameters:  
  74:.\Generated_Source\PSoC5/LCD_Char_1_LCDPort.c **** *  void 
  75:.\Generated_Source\PSoC5/LCD_Char_1_LCDPort.c **** *
  76:.\Generated_Source\PSoC5/LCD_Char_1_LCDPort.c **** * Return: 
  77:.\Generated_Source\PSoC5/LCD_Char_1_LCDPort.c **** *  Returns the current value of the Digital Port as a right justified number
  78:.\Generated_Source\PSoC5/LCD_Char_1_LCDPort.c **** *  
  79:.\Generated_Source\PSoC5/LCD_Char_1_LCDPort.c **** * Note:
  80:.\Generated_Source\PSoC5/LCD_Char_1_LCDPort.c **** *  Macro LCD_Char_1_LCDPort_ReadPS calls this function. 
  81:.\Generated_Source\PSoC5/LCD_Char_1_LCDPort.c **** *  
  82:.\Generated_Source\PSoC5/LCD_Char_1_LCDPort.c **** *******************************************************************************/
  83:.\Generated_Source\PSoC5/LCD_Char_1_LCDPort.c **** uint8 LCD_Char_1_LCDPort_Read(void) 
  84:.\Generated_Source\PSoC5/LCD_Char_1_LCDPort.c **** {
 226              		.loc 1 84 0
 227              		.cfi_startproc
 228              		@ args = 0, pretend = 0, frame = 0
 229              		@ frame_needed = 1, uses_anonymous_args = 0
 230              		@ link register save eliminated.
 231 0000 80B4     		push	{r7}
 232              	.LCFI6:
 233              		.cfi_def_cfa_offset 4
 234 0002 00AF     		add	r7, sp, #0
 235              		.cfi_offset 7, -4
 236              	.LCFI7:
 237              		.cfi_def_cfa_register 7
  85:.\Generated_Source\PSoC5/LCD_Char_1_LCDPort.c ****     return (LCD_Char_1_LCDPort_PS & LCD_Char_1_LCDPort_MASK) >> LCD_Char_1_LCDPort_SHIFT;
 238              		.loc 1 85 0
 239 0004 45F22113 		movw	r3, #:lower16:1073762593
 240 0008 C4F20003 		movt	r3, #:upper16:1073762593
 241 000c 1B78     		ldrb	r3, [r3, #0]
 242 000e DBB2     		uxtb	r3, r3
 243 0010 03F07F03 		and	r3, r3, #127
  86:.\Generated_Source\PSoC5/LCD_Char_1_LCDPort.c **** }
 244              		.loc 1 86 0
 245 0014 1846     		mov	r0, r3
 246 0016 BD46     		mov	sp, r7
 247 0018 80BC     		pop	{r7}
 248 001a 7047     		bx	lr
 249              		.cfi_endproc
 250              	.LFE2:
 251              		.size	LCD_Char_1_LCDPort_Read, .-LCD_Char_1_LCDPort_Read
 252              		.section	.text.LCD_Char_1_LCDPort_ReadDataReg,"ax",%progbits
ARM GAS  C:\Users\rmcgarel\AppData\Local\Temp\ccXyN8ci.s 			page 7


 253              		.align	2
 254              		.global	LCD_Char_1_LCDPort_ReadDataReg
 255              		.thumb
 256              		.thumb_func
 257              		.type	LCD_Char_1_LCDPort_ReadDataReg, %function
 258              	LCD_Char_1_LCDPort_ReadDataReg:
 259              	.LFB3:
  87:.\Generated_Source\PSoC5/LCD_Char_1_LCDPort.c **** 
  88:.\Generated_Source\PSoC5/LCD_Char_1_LCDPort.c **** 
  89:.\Generated_Source\PSoC5/LCD_Char_1_LCDPort.c **** /*******************************************************************************
  90:.\Generated_Source\PSoC5/LCD_Char_1_LCDPort.c **** * Function Name: LCD_Char_1_LCDPort_ReadDataReg
  91:.\Generated_Source\PSoC5/LCD_Char_1_LCDPort.c **** ********************************************************************************
  92:.\Generated_Source\PSoC5/LCD_Char_1_LCDPort.c **** * Summary:
  93:.\Generated_Source\PSoC5/LCD_Char_1_LCDPort.c **** *  Read the current value assigned to a Digital Port's data output register
  94:.\Generated_Source\PSoC5/LCD_Char_1_LCDPort.c **** *
  95:.\Generated_Source\PSoC5/LCD_Char_1_LCDPort.c **** * Parameters:  
  96:.\Generated_Source\PSoC5/LCD_Char_1_LCDPort.c **** *  void 
  97:.\Generated_Source\PSoC5/LCD_Char_1_LCDPort.c **** *
  98:.\Generated_Source\PSoC5/LCD_Char_1_LCDPort.c **** * Return: 
  99:.\Generated_Source\PSoC5/LCD_Char_1_LCDPort.c **** *  Returns the current value assigned to the Digital Port's data output register
 100:.\Generated_Source\PSoC5/LCD_Char_1_LCDPort.c **** *  
 101:.\Generated_Source\PSoC5/LCD_Char_1_LCDPort.c **** *******************************************************************************/
 102:.\Generated_Source\PSoC5/LCD_Char_1_LCDPort.c **** uint8 LCD_Char_1_LCDPort_ReadDataReg(void) 
 103:.\Generated_Source\PSoC5/LCD_Char_1_LCDPort.c **** {
 260              		.loc 1 103 0
 261              		.cfi_startproc
 262              		@ args = 0, pretend = 0, frame = 0
 263              		@ frame_needed = 1, uses_anonymous_args = 0
 264              		@ link register save eliminated.
 265 0000 80B4     		push	{r7}
 266              	.LCFI8:
 267              		.cfi_def_cfa_offset 4
 268 0002 00AF     		add	r7, sp, #0
 269              		.cfi_offset 7, -4
 270              	.LCFI9:
 271              		.cfi_def_cfa_register 7
 104:.\Generated_Source\PSoC5/LCD_Char_1_LCDPort.c ****     return (LCD_Char_1_LCDPort_DR & LCD_Char_1_LCDPort_MASK) >> LCD_Char_1_LCDPort_SHIFT;
 272              		.loc 1 104 0
 273 0004 45F22013 		movw	r3, #:lower16:1073762592
 274 0008 C4F20003 		movt	r3, #:upper16:1073762592
 275 000c 1B78     		ldrb	r3, [r3, #0]
 276 000e DBB2     		uxtb	r3, r3
 277 0010 03F07F03 		and	r3, r3, #127
 105:.\Generated_Source\PSoC5/LCD_Char_1_LCDPort.c **** }
 278              		.loc 1 105 0
 279 0014 1846     		mov	r0, r3
 280 0016 BD46     		mov	sp, r7
 281 0018 80BC     		pop	{r7}
 282 001a 7047     		bx	lr
 283              		.cfi_endproc
 284              	.LFE3:
 285              		.size	LCD_Char_1_LCDPort_ReadDataReg, .-LCD_Char_1_LCDPort_ReadDataReg
 286              		.text
 287              	.Letext0:
 288              		.section	.debug_loc,"",%progbits
 289              	.Ldebug_loc0:
 290              	.LLST0:
ARM GAS  C:\Users\rmcgarel\AppData\Local\Temp\ccXyN8ci.s 			page 8


 291 0000 00000000 		.4byte	.LFB0
 292 0004 02000000 		.4byte	.LCFI0
 293 0008 0100     		.2byte	0x1
 294 000a 5D       		.byte	0x5d
 295 000b 02000000 		.4byte	.LCFI0
 296 000f 04000000 		.4byte	.LCFI1
 297 0013 0200     		.2byte	0x2
 298 0015 7D       		.byte	0x7d
 299 0016 04       		.sleb128 4
 300 0017 04000000 		.4byte	.LCFI1
 301 001b 06000000 		.4byte	.LCFI2
 302 001f 0200     		.2byte	0x2
 303 0021 7D       		.byte	0x7d
 304 0022 18       		.sleb128 24
 305 0023 06000000 		.4byte	.LCFI2
 306 0027 3E000000 		.4byte	.LFE0
 307 002b 0200     		.2byte	0x2
 308 002d 77       		.byte	0x77
 309 002e 18       		.sleb128 24
 310 002f 00000000 		.4byte	0x0
 311 0033 00000000 		.4byte	0x0
 312              	.LLST1:
 313 0037 00000000 		.4byte	.LFB1
 314 003b 02000000 		.4byte	.LCFI3
 315 003f 0100     		.2byte	0x1
 316 0041 5D       		.byte	0x5d
 317 0042 02000000 		.4byte	.LCFI3
 318 0046 04000000 		.4byte	.LCFI4
 319 004a 0200     		.2byte	0x2
 320 004c 7D       		.byte	0x7d
 321 004d 04       		.sleb128 4
 322 004e 04000000 		.4byte	.LCFI4
 323 0052 06000000 		.4byte	.LCFI5
 324 0056 0200     		.2byte	0x2
 325 0058 7D       		.byte	0x7d
 326 0059 10       		.sleb128 16
 327 005a 06000000 		.4byte	.LCFI5
 328 005e 48010000 		.4byte	.LFE1
 329 0062 0200     		.2byte	0x2
 330 0064 77       		.byte	0x77
 331 0065 10       		.sleb128 16
 332 0066 00000000 		.4byte	0x0
 333 006a 00000000 		.4byte	0x0
 334              	.LLST2:
 335 006e 00000000 		.4byte	.LFB2
 336 0072 02000000 		.4byte	.LCFI6
 337 0076 0100     		.2byte	0x1
 338 0078 5D       		.byte	0x5d
 339 0079 02000000 		.4byte	.LCFI6
 340 007d 04000000 		.4byte	.LCFI7
 341 0081 0200     		.2byte	0x2
 342 0083 7D       		.byte	0x7d
 343 0084 04       		.sleb128 4
 344 0085 04000000 		.4byte	.LCFI7
 345 0089 1C000000 		.4byte	.LFE2
 346 008d 0200     		.2byte	0x2
 347 008f 77       		.byte	0x77
ARM GAS  C:\Users\rmcgarel\AppData\Local\Temp\ccXyN8ci.s 			page 9


 348 0090 04       		.sleb128 4
 349 0091 00000000 		.4byte	0x0
 350 0095 00000000 		.4byte	0x0
 351              	.LLST3:
 352 0099 00000000 		.4byte	.LFB3
 353 009d 02000000 		.4byte	.LCFI8
 354 00a1 0100     		.2byte	0x1
 355 00a3 5D       		.byte	0x5d
 356 00a4 02000000 		.4byte	.LCFI8
 357 00a8 04000000 		.4byte	.LCFI9
 358 00ac 0200     		.2byte	0x2
 359 00ae 7D       		.byte	0x7d
 360 00af 04       		.sleb128 4
 361 00b0 04000000 		.4byte	.LCFI9
 362 00b4 1C000000 		.4byte	.LFE3
 363 00b8 0200     		.2byte	0x2
 364 00ba 77       		.byte	0x77
 365 00bb 04       		.sleb128 4
 366 00bc 00000000 		.4byte	0x0
 367 00c0 00000000 		.4byte	0x0
 368              		.file 2 ".\\Generated_Source\\PSoC5\\/cytypes.h"
 369              		.section	.debug_info
 370 0000 1C010000 		.4byte	0x11c
 371 0004 0200     		.2byte	0x2
 372 0006 00000000 		.4byte	.Ldebug_abbrev0
 373 000a 04       		.byte	0x4
 374 000b 01       		.uleb128 0x1
 375 000c 09010000 		.4byte	.LASF18
 376 0010 01       		.byte	0x1
 377 0011 AB000000 		.4byte	.LASF19
 378 0015 0E000000 		.4byte	.LASF20
 379 0019 00000000 		.4byte	0x0
 380 001d 00000000 		.4byte	0x0
 381 0021 00000000 		.4byte	.Ldebug_ranges0+0x0
 382 0025 00000000 		.4byte	.Ldebug_line0
 383 0029 02       		.uleb128 0x2
 384 002a 01       		.byte	0x1
 385 002b 06       		.byte	0x6
 386 002c 83010000 		.4byte	.LASF0
 387 0030 02       		.uleb128 0x2
 388 0031 01       		.byte	0x1
 389 0032 08       		.byte	0x8
 390 0033 78000000 		.4byte	.LASF1
 391 0037 02       		.uleb128 0x2
 392 0038 02       		.byte	0x2
 393 0039 05       		.byte	0x5
 394 003a 1A010000 		.4byte	.LASF2
 395 003e 02       		.uleb128 0x2
 396 003f 02       		.byte	0x2
 397 0040 07       		.byte	0x7
 398 0041 98000000 		.4byte	.LASF3
 399 0045 02       		.uleb128 0x2
 400 0046 04       		.byte	0x4
 401 0047 05       		.byte	0x5
 402 0048 61010000 		.4byte	.LASF4
 403 004c 02       		.uleb128 0x2
 404 004d 04       		.byte	0x4
ARM GAS  C:\Users\rmcgarel\AppData\Local\Temp\ccXyN8ci.s 			page 10


 405 004e 07       		.byte	0x7
 406 004f 86000000 		.4byte	.LASF5
 407 0053 02       		.uleb128 0x2
 408 0054 08       		.byte	0x8
 409 0055 05       		.byte	0x5
 410 0056 00000000 		.4byte	.LASF6
 411 005a 02       		.uleb128 0x2
 412 005b 08       		.byte	0x8
 413 005c 07       		.byte	0x7
 414 005d ED000000 		.4byte	.LASF7
 415 0061 03       		.uleb128 0x3
 416 0062 04       		.byte	0x4
 417 0063 05       		.byte	0x5
 418 0064 696E7400 		.ascii	"int\000"
 419 0068 02       		.uleb128 0x2
 420 0069 04       		.byte	0x4
 421 006a 07       		.byte	0x7
 422 006b E0000000 		.4byte	.LASF8
 423 006f 04       		.uleb128 0x4
 424 0070 5B010000 		.4byte	.LASF21
 425 0074 02       		.byte	0x2
 426 0075 4C       		.byte	0x4c
 427 0076 30000000 		.4byte	0x30
 428 007a 02       		.uleb128 0x2
 429 007b 04       		.byte	0x4
 430 007c 04       		.byte	0x4
 431 007d 72000000 		.4byte	.LASF9
 432 0081 02       		.uleb128 0x2
 433 0082 08       		.byte	0x8
 434 0083 04       		.byte	0x4
 435 0084 D9000000 		.4byte	.LASF10
 436 0088 02       		.uleb128 0x2
 437 0089 01       		.byte	0x1
 438 008a 08       		.byte	0x8
 439 008b 15010000 		.4byte	.LASF11
 440 008f 05       		.uleb128 0x5
 441 0090 01       		.byte	0x1
 442 0091 6A010000 		.4byte	.LASF12
 443 0095 01       		.byte	0x1
 444 0096 22       		.byte	0x22
 445 0097 01       		.byte	0x1
 446 0098 00000000 		.4byte	.LFB0
 447 009c 3E000000 		.4byte	.LFE0
 448 00a0 00000000 		.4byte	.LLST0
 449 00a4 C5000000 		.4byte	0xc5
 450 00a8 06       		.uleb128 0x6
 451 00a9 61000000 		.4byte	.LASF14
 452 00ad 01       		.byte	0x1
 453 00ae 22       		.byte	0x22
 454 00af 6F000000 		.4byte	0x6f
 455 00b3 02       		.byte	0x2
 456 00b4 91       		.byte	0x91
 457 00b5 6F       		.sleb128 -17
 458 00b6 07       		.uleb128 0x7
 459 00b7 67000000 		.4byte	.LASF22
 460 00bb 01       		.byte	0x1
 461 00bc 24       		.byte	0x24
ARM GAS  C:\Users\rmcgarel\AppData\Local\Temp\ccXyN8ci.s 			page 11


 462 00bd 6F000000 		.4byte	0x6f
 463 00c1 02       		.byte	0x2
 464 00c2 91       		.byte	0x91
 465 00c3 77       		.sleb128 -9
 466 00c4 00       		.byte	0x0
 467 00c5 05       		.uleb128 0x5
 468 00c6 01       		.byte	0x1
 469 00c7 41000000 		.4byte	.LASF13
 470 00cb 01       		.byte	0x1
 471 00cc 36       		.byte	0x36
 472 00cd 01       		.byte	0x1
 473 00ce 00000000 		.4byte	.LFB1
 474 00d2 48010000 		.4byte	.LFE1
 475 00d6 37000000 		.4byte	.LLST1
 476 00da ED000000 		.4byte	0xed
 477 00de 06       		.uleb128 0x6
 478 00df 04010000 		.4byte	.LASF15
 479 00e3 01       		.byte	0x1
 480 00e4 36       		.byte	0x36
 481 00e5 6F000000 		.4byte	0x6f
 482 00e9 02       		.byte	0x2
 483 00ea 91       		.byte	0x91
 484 00eb 77       		.sleb128 -9
 485 00ec 00       		.byte	0x0
 486 00ed 08       		.uleb128 0x8
 487 00ee 01       		.byte	0x1
 488 00ef 24010000 		.4byte	.LASF16
 489 00f3 01       		.byte	0x1
 490 00f4 53       		.byte	0x53
 491 00f5 01       		.byte	0x1
 492 00f6 6F000000 		.4byte	0x6f
 493 00fa 00000000 		.4byte	.LFB2
 494 00fe 1C000000 		.4byte	.LFE2
 495 0102 6E000000 		.4byte	.LLST2
 496 0106 08       		.uleb128 0x8
 497 0107 01       		.byte	0x1
 498 0108 3C010000 		.4byte	.LASF17
 499 010c 01       		.byte	0x1
 500 010d 66       		.byte	0x66
 501 010e 01       		.byte	0x1
 502 010f 6F000000 		.4byte	0x6f
 503 0113 00000000 		.4byte	.LFB3
 504 0117 1C000000 		.4byte	.LFE3
 505 011b 99000000 		.4byte	.LLST3
 506 011f 00       		.byte	0x0
 507              		.section	.debug_abbrev
 508 0000 01       		.uleb128 0x1
 509 0001 11       		.uleb128 0x11
 510 0002 01       		.byte	0x1
 511 0003 25       		.uleb128 0x25
 512 0004 0E       		.uleb128 0xe
 513 0005 13       		.uleb128 0x13
 514 0006 0B       		.uleb128 0xb
 515 0007 03       		.uleb128 0x3
 516 0008 0E       		.uleb128 0xe
 517 0009 1B       		.uleb128 0x1b
 518 000a 0E       		.uleb128 0xe
ARM GAS  C:\Users\rmcgarel\AppData\Local\Temp\ccXyN8ci.s 			page 12


 519 000b 11       		.uleb128 0x11
 520 000c 01       		.uleb128 0x1
 521 000d 52       		.uleb128 0x52
 522 000e 01       		.uleb128 0x1
 523 000f 55       		.uleb128 0x55
 524 0010 06       		.uleb128 0x6
 525 0011 10       		.uleb128 0x10
 526 0012 06       		.uleb128 0x6
 527 0013 00       		.byte	0x0
 528 0014 00       		.byte	0x0
 529 0015 02       		.uleb128 0x2
 530 0016 24       		.uleb128 0x24
 531 0017 00       		.byte	0x0
 532 0018 0B       		.uleb128 0xb
 533 0019 0B       		.uleb128 0xb
 534 001a 3E       		.uleb128 0x3e
 535 001b 0B       		.uleb128 0xb
 536 001c 03       		.uleb128 0x3
 537 001d 0E       		.uleb128 0xe
 538 001e 00       		.byte	0x0
 539 001f 00       		.byte	0x0
 540 0020 03       		.uleb128 0x3
 541 0021 24       		.uleb128 0x24
 542 0022 00       		.byte	0x0
 543 0023 0B       		.uleb128 0xb
 544 0024 0B       		.uleb128 0xb
 545 0025 3E       		.uleb128 0x3e
 546 0026 0B       		.uleb128 0xb
 547 0027 03       		.uleb128 0x3
 548 0028 08       		.uleb128 0x8
 549 0029 00       		.byte	0x0
 550 002a 00       		.byte	0x0
 551 002b 04       		.uleb128 0x4
 552 002c 16       		.uleb128 0x16
 553 002d 00       		.byte	0x0
 554 002e 03       		.uleb128 0x3
 555 002f 0E       		.uleb128 0xe
 556 0030 3A       		.uleb128 0x3a
 557 0031 0B       		.uleb128 0xb
 558 0032 3B       		.uleb128 0x3b
 559 0033 0B       		.uleb128 0xb
 560 0034 49       		.uleb128 0x49
 561 0035 13       		.uleb128 0x13
 562 0036 00       		.byte	0x0
 563 0037 00       		.byte	0x0
 564 0038 05       		.uleb128 0x5
 565 0039 2E       		.uleb128 0x2e
 566 003a 01       		.byte	0x1
 567 003b 3F       		.uleb128 0x3f
 568 003c 0C       		.uleb128 0xc
 569 003d 03       		.uleb128 0x3
 570 003e 0E       		.uleb128 0xe
 571 003f 3A       		.uleb128 0x3a
 572 0040 0B       		.uleb128 0xb
 573 0041 3B       		.uleb128 0x3b
 574 0042 0B       		.uleb128 0xb
 575 0043 27       		.uleb128 0x27
ARM GAS  C:\Users\rmcgarel\AppData\Local\Temp\ccXyN8ci.s 			page 13


 576 0044 0C       		.uleb128 0xc
 577 0045 11       		.uleb128 0x11
 578 0046 01       		.uleb128 0x1
 579 0047 12       		.uleb128 0x12
 580 0048 01       		.uleb128 0x1
 581 0049 40       		.uleb128 0x40
 582 004a 06       		.uleb128 0x6
 583 004b 01       		.uleb128 0x1
 584 004c 13       		.uleb128 0x13
 585 004d 00       		.byte	0x0
 586 004e 00       		.byte	0x0
 587 004f 06       		.uleb128 0x6
 588 0050 05       		.uleb128 0x5
 589 0051 00       		.byte	0x0
 590 0052 03       		.uleb128 0x3
 591 0053 0E       		.uleb128 0xe
 592 0054 3A       		.uleb128 0x3a
 593 0055 0B       		.uleb128 0xb
 594 0056 3B       		.uleb128 0x3b
 595 0057 0B       		.uleb128 0xb
 596 0058 49       		.uleb128 0x49
 597 0059 13       		.uleb128 0x13
 598 005a 02       		.uleb128 0x2
 599 005b 0A       		.uleb128 0xa
 600 005c 00       		.byte	0x0
 601 005d 00       		.byte	0x0
 602 005e 07       		.uleb128 0x7
 603 005f 34       		.uleb128 0x34
 604 0060 00       		.byte	0x0
 605 0061 03       		.uleb128 0x3
 606 0062 0E       		.uleb128 0xe
 607 0063 3A       		.uleb128 0x3a
 608 0064 0B       		.uleb128 0xb
 609 0065 3B       		.uleb128 0x3b
 610 0066 0B       		.uleb128 0xb
 611 0067 49       		.uleb128 0x49
 612 0068 13       		.uleb128 0x13
 613 0069 02       		.uleb128 0x2
 614 006a 0A       		.uleb128 0xa
 615 006b 00       		.byte	0x0
 616 006c 00       		.byte	0x0
 617 006d 08       		.uleb128 0x8
 618 006e 2E       		.uleb128 0x2e
 619 006f 00       		.byte	0x0
 620 0070 3F       		.uleb128 0x3f
 621 0071 0C       		.uleb128 0xc
 622 0072 03       		.uleb128 0x3
 623 0073 0E       		.uleb128 0xe
 624 0074 3A       		.uleb128 0x3a
 625 0075 0B       		.uleb128 0xb
 626 0076 3B       		.uleb128 0x3b
 627 0077 0B       		.uleb128 0xb
 628 0078 27       		.uleb128 0x27
 629 0079 0C       		.uleb128 0xc
 630 007a 49       		.uleb128 0x49
 631 007b 13       		.uleb128 0x13
 632 007c 11       		.uleb128 0x11
ARM GAS  C:\Users\rmcgarel\AppData\Local\Temp\ccXyN8ci.s 			page 14


 633 007d 01       		.uleb128 0x1
 634 007e 12       		.uleb128 0x12
 635 007f 01       		.uleb128 0x1
 636 0080 40       		.uleb128 0x40
 637 0081 06       		.uleb128 0x6
 638 0082 00       		.byte	0x0
 639 0083 00       		.byte	0x0
 640 0084 00       		.byte	0x0
 641              		.section	.debug_pubnames,"",%progbits
 642 0000 8E000000 		.4byte	0x8e
 643 0004 0200     		.2byte	0x2
 644 0006 00000000 		.4byte	.Ldebug_info0
 645 000a 20010000 		.4byte	0x120
 646 000e 8F000000 		.4byte	0x8f
 647 0012 4C43445F 		.ascii	"LCD_Char_1_LCDPort_Write\000"
 647      43686172 
 647      5F315F4C 
 647      4344506F 
 647      72745F57 
 648 002b C5000000 		.4byte	0xc5
 649 002f 4C43445F 		.ascii	"LCD_Char_1_LCDPort_SetDriveMode\000"
 649      43686172 
 649      5F315F4C 
 649      4344506F 
 649      72745F53 
 650 004f ED000000 		.4byte	0xed
 651 0053 4C43445F 		.ascii	"LCD_Char_1_LCDPort_Read\000"
 651      43686172 
 651      5F315F4C 
 651      4344506F 
 651      72745F52 
 652 006b 06010000 		.4byte	0x106
 653 006f 4C43445F 		.ascii	"LCD_Char_1_LCDPort_ReadDataReg\000"
 653      43686172 
 653      5F315F4C 
 653      4344506F 
 653      72745F52 
 654 008e 00000000 		.4byte	0x0
 655              		.section	.debug_aranges,"",%progbits
 656 0000 34000000 		.4byte	0x34
 657 0004 0200     		.2byte	0x2
 658 0006 00000000 		.4byte	.Ldebug_info0
 659 000a 04       		.byte	0x4
 660 000b 00       		.byte	0x0
 661 000c 0000     		.2byte	0x0
 662 000e 0000     		.2byte	0x0
 663 0010 00000000 		.4byte	.LFB0
 664 0014 3E000000 		.4byte	.LFE0-.LFB0
 665 0018 00000000 		.4byte	.LFB1
 666 001c 48010000 		.4byte	.LFE1-.LFB1
 667 0020 00000000 		.4byte	.LFB2
 668 0024 1C000000 		.4byte	.LFE2-.LFB2
 669 0028 00000000 		.4byte	.LFB3
 670 002c 1C000000 		.4byte	.LFE3-.LFB3
 671 0030 00000000 		.4byte	0x0
 672 0034 00000000 		.4byte	0x0
 673              		.section	.debug_ranges,"",%progbits
ARM GAS  C:\Users\rmcgarel\AppData\Local\Temp\ccXyN8ci.s 			page 15


 674              	.Ldebug_ranges0:
 675 0000 00000000 		.4byte	.Ltext0
 676 0004 00000000 		.4byte	.Letext0
 677 0008 00000000 		.4byte	.LFB0
 678 000c 3E000000 		.4byte	.LFE0
 679 0010 00000000 		.4byte	.LFB1
 680 0014 48010000 		.4byte	.LFE1
 681 0018 00000000 		.4byte	.LFB2
 682 001c 1C000000 		.4byte	.LFE2
 683 0020 00000000 		.4byte	.LFB3
 684 0024 1C000000 		.4byte	.LFE3
 685 0028 00000000 		.4byte	0x0
 686 002c 00000000 		.4byte	0x0
 687              		.section	.debug_str,"MS",%progbits,1
 688              	.LASF6:
 689 0000 6C6F6E67 		.ascii	"long long int\000"
 689      206C6F6E 
 689      6720696E 
 689      7400
 690              	.LASF20:
 691 000e 433A5C47 		.ascii	"C:\\Group4_Spring2013\\Final Project\\UART\\UART.cy"
 691      726F7570 
 691      345F5370 
 691      72696E67 
 691      32303133 
 692 003d 64736E00 		.ascii	"dsn\000"
 693              	.LASF13:
 694 0041 4C43445F 		.ascii	"LCD_Char_1_LCDPort_SetDriveMode\000"
 694      43686172 
 694      5F315F4C 
 694      4344506F 
 694      72745F53 
 695              	.LASF14:
 696 0061 76616C75 		.ascii	"value\000"
 696      6500
 697              	.LASF22:
 698 0067 73746174 		.ascii	"staticBits\000"
 698      69634269 
 698      747300
 699              	.LASF9:
 700 0072 666C6F61 		.ascii	"float\000"
 700      7400
 701              	.LASF1:
 702 0078 756E7369 		.ascii	"unsigned char\000"
 702      676E6564 
 702      20636861 
 702      7200
 703              	.LASF5:
 704 0086 6C6F6E67 		.ascii	"long unsigned int\000"
 704      20756E73 
 704      69676E65 
 704      6420696E 
 704      7400
 705              	.LASF3:
 706 0098 73686F72 		.ascii	"short unsigned int\000"
 706      7420756E 
 706      7369676E 
ARM GAS  C:\Users\rmcgarel\AppData\Local\Temp\ccXyN8ci.s 			page 16


 706      65642069 
 706      6E7400
 707              	.LASF19:
 708 00ab 2E5C4765 		.ascii	".\\Generated_Source\\PSoC5\\LCD_Char_1_LCDPort.c\000"
 708      6E657261 
 708      7465645F 
 708      536F7572 
 708      63655C50 
 709              	.LASF10:
 710 00d9 646F7562 		.ascii	"double\000"
 710      6C6500
 711              	.LASF8:
 712 00e0 756E7369 		.ascii	"unsigned int\000"
 712      676E6564 
 712      20696E74 
 712      00
 713              	.LASF7:
 714 00ed 6C6F6E67 		.ascii	"long long unsigned int\000"
 714      206C6F6E 
 714      6720756E 
 714      7369676E 
 714      65642069 
 715              	.LASF15:
 716 0104 6D6F6465 		.ascii	"mode\000"
 716      00
 717              	.LASF18:
 718 0109 474E5520 		.ascii	"GNU C 4.4.1\000"
 718      4320342E 
 718      342E3100 
 719              	.LASF11:
 720 0115 63686172 		.ascii	"char\000"
 720      00
 721              	.LASF2:
 722 011a 73686F72 		.ascii	"short int\000"
 722      7420696E 
 722      7400
 723              	.LASF16:
 724 0124 4C43445F 		.ascii	"LCD_Char_1_LCDPort_Read\000"
 724      43686172 
 724      5F315F4C 
 724      4344506F 
 724      72745F52 
 725              	.LASF17:
 726 013c 4C43445F 		.ascii	"LCD_Char_1_LCDPort_ReadDataReg\000"
 726      43686172 
 726      5F315F4C 
 726      4344506F 
 726      72745F52 
 727              	.LASF21:
 728 015b 75696E74 		.ascii	"uint8\000"
 728      3800
 729              	.LASF4:
 730 0161 6C6F6E67 		.ascii	"long int\000"
 730      20696E74 
 730      00
 731              	.LASF12:
 732 016a 4C43445F 		.ascii	"LCD_Char_1_LCDPort_Write\000"
ARM GAS  C:\Users\rmcgarel\AppData\Local\Temp\ccXyN8ci.s 			page 17


 732      43686172 
 732      5F315F4C 
 732      4344506F 
 732      72745F57 
 733              	.LASF0:
 734 0183 7369676E 		.ascii	"signed char\000"
 734      65642063 
 734      68617200 
 735              		.ident	"GCC: (Sourcery G++ Lite 2010q1-188) 4.4.1"
