ARM GAS  C:\Users\rmcgarel\AppData\Local\Temp\ccNraTul.s 			page 1


   1              		.syntax unified
   2              		.cpu cortex-m3
   3              		.fpu softvfp
   4              		.eabi_attribute 20, 1
   5              		.eabi_attribute 21, 1
   6              		.eabi_attribute 23, 3
   7              		.eabi_attribute 24, 1
   8              		.eabi_attribute 25, 1
   9              		.eabi_attribute 26, 1
  10              		.eabi_attribute 30, 6
  11              		.eabi_attribute 18, 4
  12              		.thumb
  13              		.file	"UART_PM.c"
  14              		.section	.debug_abbrev,"",%progbits
  15              	.Ldebug_abbrev0:
  16              		.section	.debug_info,"",%progbits
  17              	.Ldebug_info0:
  18              		.section	.debug_line,"",%progbits
  19              	.Ldebug_line0:
  20 0000 D5000000 		.text
  20      02006A00 
  20      00000201 
  20      FB0E0D00 
  20      01010101 
  21              	.Ltext0:
  22              		.cfi_sections	.debug_frame
  23              		.bss
  24              		.align	2
  25              	UART_backup:
  26 0000 00000000 		.space	6
  26      0000
  27 0006 0000     		.section	.text.UART_SaveConfig,"ax",%progbits
  28              		.align	2
  29              		.global	UART_SaveConfig
  30              		.thumb
  31              		.thumb_func
  32              		.type	UART_SaveConfig, %function
  33              	UART_SaveConfig:
  34              	.LFB0:
  35              		.file 1 ".\\Generated_Source\\PSoC5\\UART_PM.c"
   1:.\Generated_Source\PSoC5/UART_PM.c **** /*******************************************************************************
   2:.\Generated_Source\PSoC5/UART_PM.c **** * File Name: UART.c
   3:.\Generated_Source\PSoC5/UART_PM.c **** * Version 2.10
   4:.\Generated_Source\PSoC5/UART_PM.c **** *
   5:.\Generated_Source\PSoC5/UART_PM.c **** * Description:
   6:.\Generated_Source\PSoC5/UART_PM.c **** *  This file provides Sleep/WakeUp APIs functionality.
   7:.\Generated_Source\PSoC5/UART_PM.c **** *
   8:.\Generated_Source\PSoC5/UART_PM.c **** * Note:
   9:.\Generated_Source\PSoC5/UART_PM.c **** *
  10:.\Generated_Source\PSoC5/UART_PM.c **** *******************************************************************************
  11:.\Generated_Source\PSoC5/UART_PM.c **** * Copyright 2008-2011, Cypress Semiconductor Corporation.  All rights reserved.
  12:.\Generated_Source\PSoC5/UART_PM.c **** * You may use this file only in accordance with the license, terms, conditions,
  13:.\Generated_Source\PSoC5/UART_PM.c **** * disclaimers, and limitations in the end user license agreement accompanying
  14:.\Generated_Source\PSoC5/UART_PM.c **** * the software package with which this file was provided.
  15:.\Generated_Source\PSoC5/UART_PM.c **** ********************************************************************************/
  16:.\Generated_Source\PSoC5/UART_PM.c **** 
  17:.\Generated_Source\PSoC5/UART_PM.c **** #include "UART.h"
ARM GAS  C:\Users\rmcgarel\AppData\Local\Temp\ccNraTul.s 			page 2


  18:.\Generated_Source\PSoC5/UART_PM.c **** 
  19:.\Generated_Source\PSoC5/UART_PM.c **** 
  20:.\Generated_Source\PSoC5/UART_PM.c **** /***************************************
  21:.\Generated_Source\PSoC5/UART_PM.c **** * Local data allocation
  22:.\Generated_Source\PSoC5/UART_PM.c **** ***************************************/
  23:.\Generated_Source\PSoC5/UART_PM.c **** 
  24:.\Generated_Source\PSoC5/UART_PM.c **** static UART_BACKUP_STRUCT  UART_backup =
  25:.\Generated_Source\PSoC5/UART_PM.c **** {
  26:.\Generated_Source\PSoC5/UART_PM.c ****     /* enableState - disabled */
  27:.\Generated_Source\PSoC5/UART_PM.c ****     0u,
  28:.\Generated_Source\PSoC5/UART_PM.c **** };        
  29:.\Generated_Source\PSoC5/UART_PM.c **** 
  30:.\Generated_Source\PSoC5/UART_PM.c **** 
  31:.\Generated_Source\PSoC5/UART_PM.c **** 
  32:.\Generated_Source\PSoC5/UART_PM.c **** /*******************************************************************************
  33:.\Generated_Source\PSoC5/UART_PM.c **** * Function Name: UART_SaveConfig
  34:.\Generated_Source\PSoC5/UART_PM.c **** ********************************************************************************
  35:.\Generated_Source\PSoC5/UART_PM.c **** *
  36:.\Generated_Source\PSoC5/UART_PM.c **** * Summary:
  37:.\Generated_Source\PSoC5/UART_PM.c **** *  Saves the current user configuration.
  38:.\Generated_Source\PSoC5/UART_PM.c **** *
  39:.\Generated_Source\PSoC5/UART_PM.c **** * Parameters:
  40:.\Generated_Source\PSoC5/UART_PM.c **** *  None.
  41:.\Generated_Source\PSoC5/UART_PM.c **** *
  42:.\Generated_Source\PSoC5/UART_PM.c **** * Return:
  43:.\Generated_Source\PSoC5/UART_PM.c **** *  None.
  44:.\Generated_Source\PSoC5/UART_PM.c **** *
  45:.\Generated_Source\PSoC5/UART_PM.c **** * Global Variables:
  46:.\Generated_Source\PSoC5/UART_PM.c **** *  UART_backup - modified when non-retention registers are saved.
  47:.\Generated_Source\PSoC5/UART_PM.c **** *
  48:.\Generated_Source\PSoC5/UART_PM.c **** * Reentrant:
  49:.\Generated_Source\PSoC5/UART_PM.c **** *  No.
  50:.\Generated_Source\PSoC5/UART_PM.c **** *
  51:.\Generated_Source\PSoC5/UART_PM.c **** *******************************************************************************/
  52:.\Generated_Source\PSoC5/UART_PM.c **** void UART_SaveConfig(void)
  53:.\Generated_Source\PSoC5/UART_PM.c **** {
  36              		.loc 1 53 0
  37              		.cfi_startproc
  38              		@ args = 0, pretend = 0, frame = 0
  39              		@ frame_needed = 1, uses_anonymous_args = 0
  40              		@ link register save eliminated.
  41 0000 80B4     		push	{r7}
  42              	.LCFI0:
  43              		.cfi_def_cfa_offset 4
  44 0002 00AF     		add	r7, sp, #0
  45              		.cfi_offset 7, -4
  46              	.LCFI1:
  47              		.cfi_def_cfa_register 7
  54:.\Generated_Source\PSoC5/UART_PM.c ****     /* PSoC3 ES2 or early, PSoC5 ES1*/
  55:.\Generated_Source\PSoC5/UART_PM.c ****     #if (CY_PSOC3_ES2 || CY_PSOC5_ES1)
  56:.\Generated_Source\PSoC5/UART_PM.c **** 
  57:.\Generated_Source\PSoC5/UART_PM.c ****         #if(UART_CONTROL_REG_REMOVED == 0u)
  58:.\Generated_Source\PSoC5/UART_PM.c ****             UART_backup.cr = UART_CONTROL_REG;
  59:.\Generated_Source\PSoC5/UART_PM.c ****         #endif /* End UART_CONTROL_REG_REMOVED */
  60:.\Generated_Source\PSoC5/UART_PM.c **** 
  61:.\Generated_Source\PSoC5/UART_PM.c ****         #if( (UART_RX_ENABLED) || (UART_HD_ENABLED) )
  62:.\Generated_Source\PSoC5/UART_PM.c ****             UART_backup.rx_period = UART_RXBITCTR_PERIOD_REG;
ARM GAS  C:\Users\rmcgarel\AppData\Local\Temp\ccNraTul.s 			page 3


  48              		.loc 1 62 0
  49 0004 46F28243 		movw	r3, #:lower16:1073767554
  50 0008 C4F20003 		movt	r3, #:upper16:1073767554
  51 000c 1B78     		ldrb	r3, [r3, #0]
  52 000e DAB2     		uxtb	r2, r3
  53 0010 40F20003 		movw	r3, #:lower16:UART_backup
  54 0014 C0F20003 		movt	r3, #:upper16:UART_backup
  55 0018 5A70     		strb	r2, [r3, #1]
  63:.\Generated_Source\PSoC5/UART_PM.c ****             UART_backup.rx_mask = UART_RXSTATUS_MASK_REG;
  56              		.loc 1 63 0
  57 001a 46F28543 		movw	r3, #:lower16:1073767557
  58 001e C4F20003 		movt	r3, #:upper16:1073767557
  59 0022 1B78     		ldrb	r3, [r3, #0]
  60 0024 DAB2     		uxtb	r2, r3
  61 0026 40F20003 		movw	r3, #:lower16:UART_backup
  62 002a C0F20003 		movt	r3, #:upper16:UART_backup
  63 002e 9A70     		strb	r2, [r3, #2]
  64:.\Generated_Source\PSoC5/UART_PM.c ****             #if (UART_RXHW_ADDRESS_ENABLED)
  65:.\Generated_Source\PSoC5/UART_PM.c ****                 UART_backup.rx_addr1 = UART_RXADDRESS1_REG;
  66:.\Generated_Source\PSoC5/UART_PM.c ****                 UART_backup.rx_addr2 = UART_RXADDRESS2_REG;
  67:.\Generated_Source\PSoC5/UART_PM.c ****             #endif /* End UART_RXHW_ADDRESS_ENABLED */
  68:.\Generated_Source\PSoC5/UART_PM.c ****         #endif /* End UART_RX_ENABLED | UART_HD_ENABLED*/
  69:.\Generated_Source\PSoC5/UART_PM.c **** 
  70:.\Generated_Source\PSoC5/UART_PM.c ****         #if(UART_TX_ENABLED)
  71:.\Generated_Source\PSoC5/UART_PM.c ****             #if(UART_TXCLKGEN_DP)
  72:.\Generated_Source\PSoC5/UART_PM.c ****                 UART_backup.tx_clk_ctr = UART_TXBITCLKGEN_CTR_REG;
  64              		.loc 1 72 0
  65 0030 46F22343 		movw	r3, #:lower16:1073767459
  66 0034 C4F20003 		movt	r3, #:upper16:1073767459
  67 0038 1B78     		ldrb	r3, [r3, #0]
  68 003a DAB2     		uxtb	r2, r3
  69 003c 40F20003 		movw	r3, #:lower16:UART_backup
  70 0040 C0F20003 		movt	r3, #:upper16:UART_backup
  71 0044 DA70     		strb	r2, [r3, #3]
  73:.\Generated_Source\PSoC5/UART_PM.c ****                 UART_backup.tx_clk_compl = UART_TXBITCLKTX_COMPLETE_REG;
  72              		.loc 1 73 0
  73 0046 46F23343 		movw	r3, #:lower16:1073767475
  74 004a C4F20003 		movt	r3, #:upper16:1073767475
  75 004e 1B78     		ldrb	r3, [r3, #0]
  76 0050 DAB2     		uxtb	r2, r3
  77 0052 40F20003 		movw	r3, #:lower16:UART_backup
  78 0056 C0F20003 		movt	r3, #:upper16:UART_backup
  79 005a 1A71     		strb	r2, [r3, #4]
  74:.\Generated_Source\PSoC5/UART_PM.c ****             #else
  75:.\Generated_Source\PSoC5/UART_PM.c ****                 UART_backup.tx_period = UART_TXBITCTR_PERIOD_REG;
  76:.\Generated_Source\PSoC5/UART_PM.c ****             #endif /*End UART_TXCLKGEN_DP */
  77:.\Generated_Source\PSoC5/UART_PM.c ****             UART_backup.tx_mask = UART_TXSTATUS_MASK_REG;
  80              		.loc 1 77 0
  81 005c 46F28443 		movw	r3, #:lower16:1073767556
  82 0060 C4F20003 		movt	r3, #:upper16:1073767556
  83 0064 1B78     		ldrb	r3, [r3, #0]
  84 0066 DAB2     		uxtb	r2, r3
  85 0068 40F20003 		movw	r3, #:lower16:UART_backup
  86 006c C0F20003 		movt	r3, #:upper16:UART_backup
  87 0070 5A71     		strb	r2, [r3, #5]
  78:.\Generated_Source\PSoC5/UART_PM.c ****         #endif /*End UART_TX_ENABLED */
  79:.\Generated_Source\PSoC5/UART_PM.c **** 
ARM GAS  C:\Users\rmcgarel\AppData\Local\Temp\ccNraTul.s 			page 4


  80:.\Generated_Source\PSoC5/UART_PM.c ****     /* PSoC3 ES3 or later, PSoC5 ES2 or later*/
  81:.\Generated_Source\PSoC5/UART_PM.c ****     #elif (CY_PSOC3_ES3 || CY_PSOC5_ES2)
  82:.\Generated_Source\PSoC5/UART_PM.c **** 
  83:.\Generated_Source\PSoC5/UART_PM.c ****         #if(UART_CONTROL_REG_REMOVED == 0u)
  84:.\Generated_Source\PSoC5/UART_PM.c ****             UART_backup.cr = UART_CONTROL_REG;
  85:.\Generated_Source\PSoC5/UART_PM.c ****         #endif /* End UART_CONTROL_REG_REMOVED */
  86:.\Generated_Source\PSoC5/UART_PM.c **** 
  87:.\Generated_Source\PSoC5/UART_PM.c ****     #endif  /* End PSOC3_ES3 || PSOC5_ES2 */
  88:.\Generated_Source\PSoC5/UART_PM.c **** }
  88              		.loc 1 88 0
  89 0072 BD46     		mov	sp, r7
  90 0074 80BC     		pop	{r7}
  91 0076 7047     		bx	lr
  92              		.cfi_endproc
  93              	.LFE0:
  94              		.size	UART_SaveConfig, .-UART_SaveConfig
  95              		.section	.text.UART_RestoreConfig,"ax",%progbits
  96              		.align	2
  97              		.global	UART_RestoreConfig
  98              		.thumb
  99              		.thumb_func
 100              		.type	UART_RestoreConfig, %function
 101              	UART_RestoreConfig:
 102              	.LFB1:
  89:.\Generated_Source\PSoC5/UART_PM.c **** 
  90:.\Generated_Source\PSoC5/UART_PM.c **** 
  91:.\Generated_Source\PSoC5/UART_PM.c **** /*******************************************************************************
  92:.\Generated_Source\PSoC5/UART_PM.c **** * Function Name: UART_RestoreConfig
  93:.\Generated_Source\PSoC5/UART_PM.c **** ********************************************************************************
  94:.\Generated_Source\PSoC5/UART_PM.c **** *
  95:.\Generated_Source\PSoC5/UART_PM.c **** * Summary:
  96:.\Generated_Source\PSoC5/UART_PM.c **** *  Restores the current user configuration.
  97:.\Generated_Source\PSoC5/UART_PM.c **** *
  98:.\Generated_Source\PSoC5/UART_PM.c **** * Parameters:
  99:.\Generated_Source\PSoC5/UART_PM.c **** *  None.
 100:.\Generated_Source\PSoC5/UART_PM.c **** *
 101:.\Generated_Source\PSoC5/UART_PM.c **** * Return:
 102:.\Generated_Source\PSoC5/UART_PM.c **** *  None.
 103:.\Generated_Source\PSoC5/UART_PM.c **** *
 104:.\Generated_Source\PSoC5/UART_PM.c **** * Global Variables:
 105:.\Generated_Source\PSoC5/UART_PM.c **** *  UART_backup - used when non-retention registers are restored.
 106:.\Generated_Source\PSoC5/UART_PM.c **** *
 107:.\Generated_Source\PSoC5/UART_PM.c **** * Reentrant:
 108:.\Generated_Source\PSoC5/UART_PM.c **** *  No.
 109:.\Generated_Source\PSoC5/UART_PM.c **** *
 110:.\Generated_Source\PSoC5/UART_PM.c **** *******************************************************************************/
 111:.\Generated_Source\PSoC5/UART_PM.c **** void UART_RestoreConfig(void)
 112:.\Generated_Source\PSoC5/UART_PM.c **** {
 103              		.loc 1 112 0
 104              		.cfi_startproc
 105              		@ args = 0, pretend = 0, frame = 0
 106              		@ frame_needed = 1, uses_anonymous_args = 0
 107              		@ link register save eliminated.
 108 0000 80B4     		push	{r7}
 109              	.LCFI2:
 110              		.cfi_def_cfa_offset 4
 111 0002 00AF     		add	r7, sp, #0
ARM GAS  C:\Users\rmcgarel\AppData\Local\Temp\ccNraTul.s 			page 5


 112              		.cfi_offset 7, -4
 113              	.LCFI3:
 114              		.cfi_def_cfa_register 7
 113:.\Generated_Source\PSoC5/UART_PM.c ****     /* PSoC3 ES2 or early, PSoC5 ES1*/
 114:.\Generated_Source\PSoC5/UART_PM.c ****     #if (CY_PSOC3_ES2 || CY_PSOC5_ES1)
 115:.\Generated_Source\PSoC5/UART_PM.c **** 
 116:.\Generated_Source\PSoC5/UART_PM.c ****         #if(UART_CONTROL_REG_REMOVED == 0u)
 117:.\Generated_Source\PSoC5/UART_PM.c ****             UART_CONTROL_REG = UART_backup.cr;
 118:.\Generated_Source\PSoC5/UART_PM.c ****         #endif /* End UART_CONTROL_REG_REMOVED */
 119:.\Generated_Source\PSoC5/UART_PM.c **** 
 120:.\Generated_Source\PSoC5/UART_PM.c ****         #if( (UART_RX_ENABLED) || (UART_HD_ENABLED) )
 121:.\Generated_Source\PSoC5/UART_PM.c ****             UART_RXBITCTR_PERIOD_REG = UART_backup.rx_period;
 115              		.loc 1 121 0
 116 0004 46F28243 		movw	r3, #:lower16:1073767554
 117 0008 C4F20003 		movt	r3, #:upper16:1073767554
 118 000c 40F20002 		movw	r2, #:lower16:UART_backup
 119 0010 C0F20002 		movt	r2, #:upper16:UART_backup
 120 0014 5278     		ldrb	r2, [r2, #1]	@ zero_extendqisi2
 121 0016 1A70     		strb	r2, [r3, #0]
 122:.\Generated_Source\PSoC5/UART_PM.c ****             UART_RXSTATUS_MASK_REG = UART_backup.rx_mask;
 122              		.loc 1 122 0
 123 0018 46F28543 		movw	r3, #:lower16:1073767557
 124 001c C4F20003 		movt	r3, #:upper16:1073767557
 125 0020 40F20002 		movw	r2, #:lower16:UART_backup
 126 0024 C0F20002 		movt	r2, #:upper16:UART_backup
 127 0028 9278     		ldrb	r2, [r2, #2]	@ zero_extendqisi2
 128 002a 1A70     		strb	r2, [r3, #0]
 123:.\Generated_Source\PSoC5/UART_PM.c ****             #if (UART_RXHW_ADDRESS_ENABLED)
 124:.\Generated_Source\PSoC5/UART_PM.c ****                 UART_RXADDRESS1_REG = UART_backup.rx_addr1;
 125:.\Generated_Source\PSoC5/UART_PM.c ****                 UART_RXADDRESS2_REG = UART_backup.rx_addr2;
 126:.\Generated_Source\PSoC5/UART_PM.c ****             #endif /* End UART_RXHW_ADDRESS_ENABLED */
 127:.\Generated_Source\PSoC5/UART_PM.c ****         #endif  /* End (UART_RX_ENABLED) || (UART_HD_ENABLED) */
 128:.\Generated_Source\PSoC5/UART_PM.c **** 
 129:.\Generated_Source\PSoC5/UART_PM.c ****         #if(UART_TX_ENABLED)
 130:.\Generated_Source\PSoC5/UART_PM.c ****             #if(UART_TXCLKGEN_DP)
 131:.\Generated_Source\PSoC5/UART_PM.c ****                 UART_TXBITCLKGEN_CTR_REG = UART_backup.tx_clk_ctr;
 129              		.loc 1 131 0
 130 002c 46F22343 		movw	r3, #:lower16:1073767459
 131 0030 C4F20003 		movt	r3, #:upper16:1073767459
 132 0034 40F20002 		movw	r2, #:lower16:UART_backup
 133 0038 C0F20002 		movt	r2, #:upper16:UART_backup
 134 003c D278     		ldrb	r2, [r2, #3]	@ zero_extendqisi2
 135 003e 1A70     		strb	r2, [r3, #0]
 132:.\Generated_Source\PSoC5/UART_PM.c ****                 UART_TXBITCLKTX_COMPLETE_REG = UART_backup.tx_clk_compl;
 136              		.loc 1 132 0
 137 0040 46F23343 		movw	r3, #:lower16:1073767475
 138 0044 C4F20003 		movt	r3, #:upper16:1073767475
 139 0048 40F20002 		movw	r2, #:lower16:UART_backup
 140 004c C0F20002 		movt	r2, #:upper16:UART_backup
 141 0050 1279     		ldrb	r2, [r2, #4]	@ zero_extendqisi2
 142 0052 1A70     		strb	r2, [r3, #0]
 133:.\Generated_Source\PSoC5/UART_PM.c ****             #else
 134:.\Generated_Source\PSoC5/UART_PM.c ****                 UART_TXBITCTR_PERIOD_REG = UART_backup.tx_period;
 135:.\Generated_Source\PSoC5/UART_PM.c ****             #endif /*End UART_TXCLKGEN_DP */
 136:.\Generated_Source\PSoC5/UART_PM.c ****             UART_TXSTATUS_MASK_REG = UART_backup.tx_mask;
 143              		.loc 1 136 0
 144 0054 46F28443 		movw	r3, #:lower16:1073767556
ARM GAS  C:\Users\rmcgarel\AppData\Local\Temp\ccNraTul.s 			page 6


 145 0058 C4F20003 		movt	r3, #:upper16:1073767556
 146 005c 40F20002 		movw	r2, #:lower16:UART_backup
 147 0060 C0F20002 		movt	r2, #:upper16:UART_backup
 148 0064 5279     		ldrb	r2, [r2, #5]	@ zero_extendqisi2
 149 0066 1A70     		strb	r2, [r3, #0]
 137:.\Generated_Source\PSoC5/UART_PM.c ****         #endif /*End UART_TX_ENABLED */
 138:.\Generated_Source\PSoC5/UART_PM.c **** 
 139:.\Generated_Source\PSoC5/UART_PM.c ****     /* PSoC3 ES3 or later, PSoC5 ES2 or later*/
 140:.\Generated_Source\PSoC5/UART_PM.c ****     #elif (CY_PSOC3_ES3 || CY_PSOC5_ES2)
 141:.\Generated_Source\PSoC5/UART_PM.c **** 
 142:.\Generated_Source\PSoC5/UART_PM.c ****         #if(UART_CONTROL_REG_REMOVED == 0u)
 143:.\Generated_Source\PSoC5/UART_PM.c ****             UART_CONTROL_REG = UART_backup.cr;
 144:.\Generated_Source\PSoC5/UART_PM.c ****         #endif /* End UART_CONTROL_REG_REMOVED */
 145:.\Generated_Source\PSoC5/UART_PM.c **** 
 146:.\Generated_Source\PSoC5/UART_PM.c ****     #endif  /* End PSOC3_ES3 || PSOC5_ES2 */
 147:.\Generated_Source\PSoC5/UART_PM.c **** }
 150              		.loc 1 147 0
 151 0068 BD46     		mov	sp, r7
 152 006a 80BC     		pop	{r7}
 153 006c 7047     		bx	lr
 154              		.cfi_endproc
 155              	.LFE1:
 156              		.size	UART_RestoreConfig, .-UART_RestoreConfig
 157 006e 00BF     		.section	.text.UART_Sleep,"ax",%progbits
 158              		.align	2
 159              		.global	UART_Sleep
 160              		.thumb
 161              		.thumb_func
 162              		.type	UART_Sleep, %function
 163              	UART_Sleep:
 164              	.LFB2:
 148:.\Generated_Source\PSoC5/UART_PM.c **** 
 149:.\Generated_Source\PSoC5/UART_PM.c **** 
 150:.\Generated_Source\PSoC5/UART_PM.c **** /*******************************************************************************
 151:.\Generated_Source\PSoC5/UART_PM.c **** * Function Name: UART_Sleep
 152:.\Generated_Source\PSoC5/UART_PM.c **** ********************************************************************************
 153:.\Generated_Source\PSoC5/UART_PM.c **** *
 154:.\Generated_Source\PSoC5/UART_PM.c **** * Summary:
 155:.\Generated_Source\PSoC5/UART_PM.c **** *  Stops and saves the user configuration. Should be called 
 156:.\Generated_Source\PSoC5/UART_PM.c **** *  just prior to entering sleep.
 157:.\Generated_Source\PSoC5/UART_PM.c **** *  
 158:.\Generated_Source\PSoC5/UART_PM.c **** *
 159:.\Generated_Source\PSoC5/UART_PM.c **** * Parameters:
 160:.\Generated_Source\PSoC5/UART_PM.c **** *  None.
 161:.\Generated_Source\PSoC5/UART_PM.c **** *
 162:.\Generated_Source\PSoC5/UART_PM.c **** * Return:
 163:.\Generated_Source\PSoC5/UART_PM.c **** *  None.
 164:.\Generated_Source\PSoC5/UART_PM.c **** *
 165:.\Generated_Source\PSoC5/UART_PM.c **** * Global Variables:
 166:.\Generated_Source\PSoC5/UART_PM.c **** *  UART_backup - modified when non-retention registers are saved.
 167:.\Generated_Source\PSoC5/UART_PM.c **** *
 168:.\Generated_Source\PSoC5/UART_PM.c **** * Reentrant:
 169:.\Generated_Source\PSoC5/UART_PM.c **** *  No.
 170:.\Generated_Source\PSoC5/UART_PM.c **** *
 171:.\Generated_Source\PSoC5/UART_PM.c **** *******************************************************************************/
 172:.\Generated_Source\PSoC5/UART_PM.c **** void UART_Sleep(void)
 173:.\Generated_Source\PSoC5/UART_PM.c **** {
ARM GAS  C:\Users\rmcgarel\AppData\Local\Temp\ccNraTul.s 			page 7


 165              		.loc 1 173 0
 166              		.cfi_startproc
 167              		@ args = 0, pretend = 0, frame = 0
 168              		@ frame_needed = 1, uses_anonymous_args = 0
 169 0000 80B5     		push	{r7, lr}
 170              	.LCFI4:
 171              		.cfi_def_cfa_offset 8
 172 0002 00AF     		add	r7, sp, #0
 173              		.cfi_offset 14, -4
 174              		.cfi_offset 7, -8
 175              	.LCFI5:
 176              		.cfi_def_cfa_register 7
 174:.\Generated_Source\PSoC5/UART_PM.c **** 
 175:.\Generated_Source\PSoC5/UART_PM.c ****     #if(UART_RX_ENABLED || UART_HD_ENABLED)
 176:.\Generated_Source\PSoC5/UART_PM.c ****         if((UART_RXSTATUS_ACTL_REG  & UART_INT_ENABLE) != 0u) 
 177              		.loc 1 176 0
 178 0004 46F29543 		movw	r3, #:lower16:1073767573
 179 0008 C4F20003 		movt	r3, #:upper16:1073767573
 180 000c 1B78     		ldrb	r3, [r3, #0]
 181 000e DBB2     		uxtb	r3, r3
 182 0010 03F01003 		and	r3, r3, #16
 183 0014 002B     		cmp	r3, #0
 184 0016 07D0     		beq	.L6
 177:.\Generated_Source\PSoC5/UART_PM.c ****         {
 178:.\Generated_Source\PSoC5/UART_PM.c ****             UART_backup.enableState = 1u;
 185              		.loc 1 178 0
 186 0018 40F20003 		movw	r3, #:lower16:UART_backup
 187 001c C0F20003 		movt	r3, #:upper16:UART_backup
 188 0020 4FF00102 		mov	r2, #1
 189 0024 1A70     		strb	r2, [r3, #0]
 190 0026 06E0     		b	.L7
 191              	.L6:
 179:.\Generated_Source\PSoC5/UART_PM.c ****         }
 180:.\Generated_Source\PSoC5/UART_PM.c ****         else
 181:.\Generated_Source\PSoC5/UART_PM.c ****         {
 182:.\Generated_Source\PSoC5/UART_PM.c ****             UART_backup.enableState = 0u;
 192              		.loc 1 182 0
 193 0028 40F20003 		movw	r3, #:lower16:UART_backup
 194 002c C0F20003 		movt	r3, #:upper16:UART_backup
 195 0030 4FF00002 		mov	r2, #0
 196 0034 1A70     		strb	r2, [r3, #0]
 197              	.L7:
 183:.\Generated_Source\PSoC5/UART_PM.c ****         }
 184:.\Generated_Source\PSoC5/UART_PM.c ****     #else
 185:.\Generated_Source\PSoC5/UART_PM.c ****         if((UART_TXSTATUS_ACTL_REG  & UART_INT_ENABLE) !=0u)
 186:.\Generated_Source\PSoC5/UART_PM.c ****         {
 187:.\Generated_Source\PSoC5/UART_PM.c ****             UART_backup.enableState = 1u;
 188:.\Generated_Source\PSoC5/UART_PM.c ****         }
 189:.\Generated_Source\PSoC5/UART_PM.c ****         else
 190:.\Generated_Source\PSoC5/UART_PM.c ****         {
 191:.\Generated_Source\PSoC5/UART_PM.c ****             UART_backup.enableState = 0u;
 192:.\Generated_Source\PSoC5/UART_PM.c ****         }
 193:.\Generated_Source\PSoC5/UART_PM.c ****     #endif /* End UART_RX_ENABLED || UART_HD_ENABLED*/
 194:.\Generated_Source\PSoC5/UART_PM.c **** 
 195:.\Generated_Source\PSoC5/UART_PM.c ****     UART_Stop();
 198              		.loc 1 195 0
 199 0036 FFF7FEFF 		bl	UART_Stop
ARM GAS  C:\Users\rmcgarel\AppData\Local\Temp\ccNraTul.s 			page 8


 196:.\Generated_Source\PSoC5/UART_PM.c ****     UART_SaveConfig();
 200              		.loc 1 196 0
 201 003a FFF7FEFF 		bl	UART_SaveConfig
 197:.\Generated_Source\PSoC5/UART_PM.c **** }
 202              		.loc 1 197 0
 203 003e 80BD     		pop	{r7, pc}
 204              		.cfi_endproc
 205              	.LFE2:
 206              		.size	UART_Sleep, .-UART_Sleep
 207              		.section	.text.UART_Wakeup,"ax",%progbits
 208              		.align	2
 209              		.global	UART_Wakeup
 210              		.thumb
 211              		.thumb_func
 212              		.type	UART_Wakeup, %function
 213              	UART_Wakeup:
 214              	.LFB3:
 198:.\Generated_Source\PSoC5/UART_PM.c **** 
 199:.\Generated_Source\PSoC5/UART_PM.c **** 
 200:.\Generated_Source\PSoC5/UART_PM.c **** /*******************************************************************************
 201:.\Generated_Source\PSoC5/UART_PM.c **** * Function Name: UART_Wakeup
 202:.\Generated_Source\PSoC5/UART_PM.c **** ********************************************************************************
 203:.\Generated_Source\PSoC5/UART_PM.c **** *
 204:.\Generated_Source\PSoC5/UART_PM.c **** * Summary:
 205:.\Generated_Source\PSoC5/UART_PM.c **** *  Restores and enables the user configuration. Should be called
 206:.\Generated_Source\PSoC5/UART_PM.c **** *  just after awaking from sleep.
 207:.\Generated_Source\PSoC5/UART_PM.c **** *
 208:.\Generated_Source\PSoC5/UART_PM.c **** * Parameters:
 209:.\Generated_Source\PSoC5/UART_PM.c **** *  None.
 210:.\Generated_Source\PSoC5/UART_PM.c **** *
 211:.\Generated_Source\PSoC5/UART_PM.c **** * Return:
 212:.\Generated_Source\PSoC5/UART_PM.c **** *  None.
 213:.\Generated_Source\PSoC5/UART_PM.c **** *
 214:.\Generated_Source\PSoC5/UART_PM.c **** * Global Variables:
 215:.\Generated_Source\PSoC5/UART_PM.c **** *  UART_backup - used when non-retention registers are restored.
 216:.\Generated_Source\PSoC5/UART_PM.c **** *
 217:.\Generated_Source\PSoC5/UART_PM.c **** * Reentrant:
 218:.\Generated_Source\PSoC5/UART_PM.c **** *  No.
 219:.\Generated_Source\PSoC5/UART_PM.c **** *
 220:.\Generated_Source\PSoC5/UART_PM.c **** *******************************************************************************/
 221:.\Generated_Source\PSoC5/UART_PM.c **** void UART_Wakeup(void)
 222:.\Generated_Source\PSoC5/UART_PM.c **** {
 215              		.loc 1 222 0
 216              		.cfi_startproc
 217              		@ args = 0, pretend = 0, frame = 0
 218              		@ frame_needed = 1, uses_anonymous_args = 0
 219 0000 80B5     		push	{r7, lr}
 220              	.LCFI6:
 221              		.cfi_def_cfa_offset 8
 222 0002 00AF     		add	r7, sp, #0
 223              		.cfi_offset 14, -4
 224              		.cfi_offset 7, -8
 225              	.LCFI7:
 226              		.cfi_def_cfa_register 7
 223:.\Generated_Source\PSoC5/UART_PM.c ****     UART_RestoreConfig();
 227              		.loc 1 223 0
 228 0004 FFF7FEFF 		bl	UART_RestoreConfig
ARM GAS  C:\Users\rmcgarel\AppData\Local\Temp\ccNraTul.s 			page 9


 224:.\Generated_Source\PSoC5/UART_PM.c ****     #if( (UART_RX_ENABLED) || (UART_HD_ENABLED) )
 225:.\Generated_Source\PSoC5/UART_PM.c ****         UART_ClearRxBuffer();
 229              		.loc 1 225 0
 230 0008 FFF7FEFF 		bl	UART_ClearRxBuffer
 226:.\Generated_Source\PSoC5/UART_PM.c ****     #endif /* End (UART_RX_ENABLED) || (UART_HD_ENABLED) */
 227:.\Generated_Source\PSoC5/UART_PM.c ****     #if(UART_TX_ENABLED || UART_HD_ENABLED)
 228:.\Generated_Source\PSoC5/UART_PM.c ****         UART_ClearTxBuffer();
 231              		.loc 1 228 0
 232 000c FFF7FEFF 		bl	UART_ClearTxBuffer
 229:.\Generated_Source\PSoC5/UART_PM.c ****     #endif /* End UART_TX_ENABLED || UART_HD_ENABLED */
 230:.\Generated_Source\PSoC5/UART_PM.c **** 
 231:.\Generated_Source\PSoC5/UART_PM.c ****     if(UART_backup.enableState != 0u)
 233              		.loc 1 231 0
 234 0010 40F20003 		movw	r3, #:lower16:UART_backup
 235 0014 C0F20003 		movt	r3, #:upper16:UART_backup
 236 0018 1B78     		ldrb	r3, [r3, #0]	@ zero_extendqisi2
 237 001a 002B     		cmp	r3, #0
 238 001c 01D0     		beq	.L11
 232:.\Generated_Source\PSoC5/UART_PM.c ****     {
 233:.\Generated_Source\PSoC5/UART_PM.c ****         UART_Enable();
 239              		.loc 1 233 0
 240 001e FFF7FEFF 		bl	UART_Enable
 241              	.L11:
 234:.\Generated_Source\PSoC5/UART_PM.c ****     } 
 235:.\Generated_Source\PSoC5/UART_PM.c **** }
 242              		.loc 1 235 0
 243 0022 80BD     		pop	{r7, pc}
 244              		.cfi_endproc
 245              	.LFE3:
 246              		.size	UART_Wakeup, .-UART_Wakeup
 247              		.text
 248              	.Letext0:
 249              		.section	.debug_loc,"",%progbits
 250              	.Ldebug_loc0:
 251              	.LLST0:
 252 0000 00000000 		.4byte	.LFB0
 253 0004 02000000 		.4byte	.LCFI0
 254 0008 0100     		.2byte	0x1
 255 000a 5D       		.byte	0x5d
 256 000b 02000000 		.4byte	.LCFI0
 257 000f 04000000 		.4byte	.LCFI1
 258 0013 0200     		.2byte	0x2
 259 0015 7D       		.byte	0x7d
 260 0016 04       		.sleb128 4
 261 0017 04000000 		.4byte	.LCFI1
 262 001b 78000000 		.4byte	.LFE0
 263 001f 0200     		.2byte	0x2
 264 0021 77       		.byte	0x77
 265 0022 04       		.sleb128 4
 266 0023 00000000 		.4byte	0x0
 267 0027 00000000 		.4byte	0x0
 268              	.LLST1:
 269 002b 00000000 		.4byte	.LFB1
 270 002f 02000000 		.4byte	.LCFI2
 271 0033 0100     		.2byte	0x1
 272 0035 5D       		.byte	0x5d
 273 0036 02000000 		.4byte	.LCFI2
ARM GAS  C:\Users\rmcgarel\AppData\Local\Temp\ccNraTul.s 			page 10


 274 003a 04000000 		.4byte	.LCFI3
 275 003e 0200     		.2byte	0x2
 276 0040 7D       		.byte	0x7d
 277 0041 04       		.sleb128 4
 278 0042 04000000 		.4byte	.LCFI3
 279 0046 6E000000 		.4byte	.LFE1
 280 004a 0200     		.2byte	0x2
 281 004c 77       		.byte	0x77
 282 004d 04       		.sleb128 4
 283 004e 00000000 		.4byte	0x0
 284 0052 00000000 		.4byte	0x0
 285              	.LLST2:
 286 0056 00000000 		.4byte	.LFB2
 287 005a 02000000 		.4byte	.LCFI4
 288 005e 0100     		.2byte	0x1
 289 0060 5D       		.byte	0x5d
 290 0061 02000000 		.4byte	.LCFI4
 291 0065 04000000 		.4byte	.LCFI5
 292 0069 0200     		.2byte	0x2
 293 006b 7D       		.byte	0x7d
 294 006c 08       		.sleb128 8
 295 006d 04000000 		.4byte	.LCFI5
 296 0071 40000000 		.4byte	.LFE2
 297 0075 0200     		.2byte	0x2
 298 0077 77       		.byte	0x77
 299 0078 08       		.sleb128 8
 300 0079 00000000 		.4byte	0x0
 301 007d 00000000 		.4byte	0x0
 302              	.LLST3:
 303 0081 00000000 		.4byte	.LFB3
 304 0085 02000000 		.4byte	.LCFI6
 305 0089 0100     		.2byte	0x1
 306 008b 5D       		.byte	0x5d
 307 008c 02000000 		.4byte	.LCFI6
 308 0090 04000000 		.4byte	.LCFI7
 309 0094 0200     		.2byte	0x2
 310 0096 7D       		.byte	0x7d
 311 0097 08       		.sleb128 8
 312 0098 04000000 		.4byte	.LCFI7
 313 009c 24000000 		.4byte	.LFE3
 314 00a0 0200     		.2byte	0x2
 315 00a2 77       		.byte	0x77
 316 00a3 08       		.sleb128 8
 317 00a4 00000000 		.4byte	0x0
 318 00a8 00000000 		.4byte	0x0
 319              		.file 2 ".\\Generated_Source\\PSoC5\\/UART.h"
 320              		.file 3 ".\\Generated_Source\\PSoC5\\/cytypes.h"
 321              		.section	.debug_info
 322 0000 5D010000 		.4byte	0x15d
 323 0004 0200     		.2byte	0x2
 324 0006 00000000 		.4byte	.Ldebug_abbrev0
 325 000a 04       		.byte	0x4
 326 000b 01       		.uleb128 0x1
 327 000c 35010000 		.4byte	.LASF24
 328 0010 01       		.byte	0x1
 329 0011 DA000000 		.4byte	.LASF25
 330 0015 0E000000 		.4byte	.LASF26
ARM GAS  C:\Users\rmcgarel\AppData\Local\Temp\ccNraTul.s 			page 11


 331 0019 00000000 		.4byte	0x0
 332 001d 00000000 		.4byte	0x0
 333 0021 00000000 		.4byte	.Ldebug_ranges0+0x0
 334 0025 00000000 		.4byte	.Ldebug_line0
 335 0029 02       		.uleb128 0x2
 336 002a 01       		.byte	0x1
 337 002b 06       		.byte	0x6
 338 002c 89010000 		.4byte	.LASF0
 339 0030 02       		.uleb128 0x2
 340 0031 01       		.byte	0x1
 341 0032 08       		.byte	0x8
 342 0033 82000000 		.4byte	.LASF1
 343 0037 02       		.uleb128 0x2
 344 0038 02       		.byte	0x2
 345 0039 05       		.byte	0x5
 346 003a 4E010000 		.4byte	.LASF2
 347 003e 02       		.uleb128 0x2
 348 003f 02       		.byte	0x2
 349 0040 07       		.byte	0x7
 350 0041 A2000000 		.4byte	.LASF3
 351 0045 02       		.uleb128 0x2
 352 0046 04       		.byte	0x4
 353 0047 05       		.byte	0x5
 354 0048 74010000 		.4byte	.LASF4
 355 004c 02       		.uleb128 0x2
 356 004d 04       		.byte	0x4
 357 004e 07       		.byte	0x7
 358 004f 90000000 		.4byte	.LASF5
 359 0053 02       		.uleb128 0x2
 360 0054 08       		.byte	0x8
 361 0055 05       		.byte	0x5
 362 0056 00000000 		.4byte	.LASF6
 363 005a 02       		.uleb128 0x2
 364 005b 08       		.byte	0x8
 365 005c 07       		.byte	0x7
 366 005d 12010000 		.4byte	.LASF7
 367 0061 03       		.uleb128 0x3
 368 0062 04       		.byte	0x4
 369 0063 05       		.byte	0x5
 370 0064 696E7400 		.ascii	"int\000"
 371 0068 02       		.uleb128 0x2
 372 0069 04       		.byte	0x4
 373 006a 07       		.byte	0x7
 374 006b 05010000 		.4byte	.LASF8
 375 006f 04       		.uleb128 0x4
 376 0070 62010000 		.4byte	.LASF18
 377 0074 03       		.byte	0x3
 378 0075 4C       		.byte	0x4c
 379 0076 30000000 		.4byte	0x30
 380 007a 02       		.uleb128 0x2
 381 007b 04       		.byte	0x4
 382 007c 04       		.byte	0x4
 383 007d 6F000000 		.4byte	.LASF9
 384 0081 02       		.uleb128 0x2
 385 0082 08       		.byte	0x8
 386 0083 04       		.byte	0x4
 387 0084 C0000000 		.4byte	.LASF10
ARM GAS  C:\Users\rmcgarel\AppData\Local\Temp\ccNraTul.s 			page 12


 388 0088 02       		.uleb128 0x2
 389 0089 01       		.byte	0x1
 390 008a 08       		.byte	0x8
 391 008b 49010000 		.4byte	.LASF11
 392 008f 05       		.uleb128 0x5
 393 0090 C7000000 		.4byte	.LASF27
 394 0094 06       		.byte	0x6
 395 0095 02       		.byte	0x2
 396 0096 47       		.byte	0x47
 397 0097 F0000000 		.4byte	0xf0
 398 009b 06       		.uleb128 0x6
 399 009c 7D010000 		.4byte	.LASF12
 400 00a0 02       		.byte	0x2
 401 00a1 48       		.byte	0x48
 402 00a2 6F000000 		.4byte	0x6f
 403 00a6 02       		.byte	0x2
 404 00a7 23       		.byte	0x23
 405 00a8 00       		.uleb128 0x0
 406 00a9 06       		.uleb128 0x6
 407 00aa 58010000 		.4byte	.LASF13
 408 00ae 02       		.byte	0x2
 409 00af 4E       		.byte	0x4e
 410 00b0 6F000000 		.4byte	0x6f
 411 00b4 02       		.byte	0x2
 412 00b5 23       		.byte	0x23
 413 00b6 01       		.uleb128 0x1
 414 00b7 06       		.uleb128 0x6
 415 00b8 FD000000 		.4byte	.LASF14
 416 00bc 02       		.byte	0x2
 417 00bd 50       		.byte	0x50
 418 00be 6F000000 		.4byte	0x6f
 419 00c2 02       		.byte	0x2
 420 00c3 23       		.byte	0x23
 421 00c4 02       		.uleb128 0x2
 422 00c5 06       		.uleb128 0x6
 423 00c6 B5000000 		.4byte	.LASF15
 424 00ca 02       		.byte	0x2
 425 00cb 5A       		.byte	0x5a
 426 00cc 6F000000 		.4byte	0x6f
 427 00d0 02       		.byte	0x2
 428 00d1 23       		.byte	0x23
 429 00d2 03       		.uleb128 0x3
 430 00d3 06       		.uleb128 0x6
 431 00d4 75000000 		.4byte	.LASF16
 432 00d8 02       		.byte	0x2
 433 00d9 5C       		.byte	0x5c
 434 00da 6F000000 		.4byte	0x6f
 435 00de 02       		.byte	0x2
 436 00df 23       		.byte	0x23
 437 00e0 04       		.uleb128 0x4
 438 00e1 06       		.uleb128 0x6
 439 00e2 41010000 		.4byte	.LASF17
 440 00e6 02       		.byte	0x2
 441 00e7 62       		.byte	0x62
 442 00e8 6F000000 		.4byte	0x6f
 443 00ec 02       		.byte	0x2
 444 00ed 23       		.byte	0x23
ARM GAS  C:\Users\rmcgarel\AppData\Local\Temp\ccNraTul.s 			page 13


 445 00ee 05       		.uleb128 0x5
 446 00ef 00       		.byte	0x0
 447 00f0 04       		.uleb128 0x4
 448 00f1 95010000 		.4byte	.LASF19
 449 00f5 02       		.byte	0x2
 450 00f6 65       		.byte	0x65
 451 00f7 8F000000 		.4byte	0x8f
 452 00fb 07       		.uleb128 0x7
 453 00fc 01       		.byte	0x1
 454 00fd 41000000 		.4byte	.LASF20
 455 0101 01       		.byte	0x1
 456 0102 34       		.byte	0x34
 457 0103 01       		.byte	0x1
 458 0104 00000000 		.4byte	.LFB0
 459 0108 78000000 		.4byte	.LFE0
 460 010c 00000000 		.4byte	.LLST0
 461 0110 07       		.uleb128 0x7
 462 0111 01       		.byte	0x1
 463 0112 51000000 		.4byte	.LASF21
 464 0116 01       		.byte	0x1
 465 0117 6F       		.byte	0x6f
 466 0118 01       		.byte	0x1
 467 0119 00000000 		.4byte	.LFB1
 468 011d 6E000000 		.4byte	.LFE1
 469 0121 2B000000 		.4byte	.LLST1
 470 0125 07       		.uleb128 0x7
 471 0126 01       		.byte	0x1
 472 0127 64000000 		.4byte	.LASF22
 473 012b 01       		.byte	0x1
 474 012c AC       		.byte	0xac
 475 012d 01       		.byte	0x1
 476 012e 00000000 		.4byte	.LFB2
 477 0132 40000000 		.4byte	.LFE2
 478 0136 56000000 		.4byte	.LLST2
 479 013a 07       		.uleb128 0x7
 480 013b 01       		.byte	0x1
 481 013c 68010000 		.4byte	.LASF23
 482 0140 01       		.byte	0x1
 483 0141 DD       		.byte	0xdd
 484 0142 01       		.byte	0x1
 485 0143 00000000 		.4byte	.LFB3
 486 0147 24000000 		.4byte	.LFE3
 487 014b 81000000 		.4byte	.LLST3
 488 014f 08       		.uleb128 0x8
 489 0150 29010000 		.4byte	.LASF28
 490 0154 01       		.byte	0x1
 491 0155 18       		.byte	0x18
 492 0156 F0000000 		.4byte	0xf0
 493 015a 05       		.byte	0x5
 494 015b 03       		.byte	0x3
 495 015c 00000000 		.4byte	UART_backup
 496 0160 00       		.byte	0x0
 497              		.section	.debug_abbrev
 498 0000 01       		.uleb128 0x1
 499 0001 11       		.uleb128 0x11
 500 0002 01       		.byte	0x1
 501 0003 25       		.uleb128 0x25
ARM GAS  C:\Users\rmcgarel\AppData\Local\Temp\ccNraTul.s 			page 14


 502 0004 0E       		.uleb128 0xe
 503 0005 13       		.uleb128 0x13
 504 0006 0B       		.uleb128 0xb
 505 0007 03       		.uleb128 0x3
 506 0008 0E       		.uleb128 0xe
 507 0009 1B       		.uleb128 0x1b
 508 000a 0E       		.uleb128 0xe
 509 000b 11       		.uleb128 0x11
 510 000c 01       		.uleb128 0x1
 511 000d 52       		.uleb128 0x52
 512 000e 01       		.uleb128 0x1
 513 000f 55       		.uleb128 0x55
 514 0010 06       		.uleb128 0x6
 515 0011 10       		.uleb128 0x10
 516 0012 06       		.uleb128 0x6
 517 0013 00       		.byte	0x0
 518 0014 00       		.byte	0x0
 519 0015 02       		.uleb128 0x2
 520 0016 24       		.uleb128 0x24
 521 0017 00       		.byte	0x0
 522 0018 0B       		.uleb128 0xb
 523 0019 0B       		.uleb128 0xb
 524 001a 3E       		.uleb128 0x3e
 525 001b 0B       		.uleb128 0xb
 526 001c 03       		.uleb128 0x3
 527 001d 0E       		.uleb128 0xe
 528 001e 00       		.byte	0x0
 529 001f 00       		.byte	0x0
 530 0020 03       		.uleb128 0x3
 531 0021 24       		.uleb128 0x24
 532 0022 00       		.byte	0x0
 533 0023 0B       		.uleb128 0xb
 534 0024 0B       		.uleb128 0xb
 535 0025 3E       		.uleb128 0x3e
 536 0026 0B       		.uleb128 0xb
 537 0027 03       		.uleb128 0x3
 538 0028 08       		.uleb128 0x8
 539 0029 00       		.byte	0x0
 540 002a 00       		.byte	0x0
 541 002b 04       		.uleb128 0x4
 542 002c 16       		.uleb128 0x16
 543 002d 00       		.byte	0x0
 544 002e 03       		.uleb128 0x3
 545 002f 0E       		.uleb128 0xe
 546 0030 3A       		.uleb128 0x3a
 547 0031 0B       		.uleb128 0xb
 548 0032 3B       		.uleb128 0x3b
 549 0033 0B       		.uleb128 0xb
 550 0034 49       		.uleb128 0x49
 551 0035 13       		.uleb128 0x13
 552 0036 00       		.byte	0x0
 553 0037 00       		.byte	0x0
 554 0038 05       		.uleb128 0x5
 555 0039 13       		.uleb128 0x13
 556 003a 01       		.byte	0x1
 557 003b 03       		.uleb128 0x3
 558 003c 0E       		.uleb128 0xe
ARM GAS  C:\Users\rmcgarel\AppData\Local\Temp\ccNraTul.s 			page 15


 559 003d 0B       		.uleb128 0xb
 560 003e 0B       		.uleb128 0xb
 561 003f 3A       		.uleb128 0x3a
 562 0040 0B       		.uleb128 0xb
 563 0041 3B       		.uleb128 0x3b
 564 0042 0B       		.uleb128 0xb
 565 0043 01       		.uleb128 0x1
 566 0044 13       		.uleb128 0x13
 567 0045 00       		.byte	0x0
 568 0046 00       		.byte	0x0
 569 0047 06       		.uleb128 0x6
 570 0048 0D       		.uleb128 0xd
 571 0049 00       		.byte	0x0
 572 004a 03       		.uleb128 0x3
 573 004b 0E       		.uleb128 0xe
 574 004c 3A       		.uleb128 0x3a
 575 004d 0B       		.uleb128 0xb
 576 004e 3B       		.uleb128 0x3b
 577 004f 0B       		.uleb128 0xb
 578 0050 49       		.uleb128 0x49
 579 0051 13       		.uleb128 0x13
 580 0052 38       		.uleb128 0x38
 581 0053 0A       		.uleb128 0xa
 582 0054 00       		.byte	0x0
 583 0055 00       		.byte	0x0
 584 0056 07       		.uleb128 0x7
 585 0057 2E       		.uleb128 0x2e
 586 0058 00       		.byte	0x0
 587 0059 3F       		.uleb128 0x3f
 588 005a 0C       		.uleb128 0xc
 589 005b 03       		.uleb128 0x3
 590 005c 0E       		.uleb128 0xe
 591 005d 3A       		.uleb128 0x3a
 592 005e 0B       		.uleb128 0xb
 593 005f 3B       		.uleb128 0x3b
 594 0060 0B       		.uleb128 0xb
 595 0061 27       		.uleb128 0x27
 596 0062 0C       		.uleb128 0xc
 597 0063 11       		.uleb128 0x11
 598 0064 01       		.uleb128 0x1
 599 0065 12       		.uleb128 0x12
 600 0066 01       		.uleb128 0x1
 601 0067 40       		.uleb128 0x40
 602 0068 06       		.uleb128 0x6
 603 0069 00       		.byte	0x0
 604 006a 00       		.byte	0x0
 605 006b 08       		.uleb128 0x8
 606 006c 34       		.uleb128 0x34
 607 006d 00       		.byte	0x0
 608 006e 03       		.uleb128 0x3
 609 006f 0E       		.uleb128 0xe
 610 0070 3A       		.uleb128 0x3a
 611 0071 0B       		.uleb128 0xb
 612 0072 3B       		.uleb128 0x3b
 613 0073 0B       		.uleb128 0xb
 614 0074 49       		.uleb128 0x49
 615 0075 13       		.uleb128 0x13
ARM GAS  C:\Users\rmcgarel\AppData\Local\Temp\ccNraTul.s 			page 16


 616 0076 02       		.uleb128 0x2
 617 0077 0A       		.uleb128 0xa
 618 0078 00       		.byte	0x0
 619 0079 00       		.byte	0x0
 620 007a 00       		.byte	0x0
 621              		.section	.debug_pubnames,"",%progbits
 622 0000 58000000 		.4byte	0x58
 623 0004 0200     		.2byte	0x2
 624 0006 00000000 		.4byte	.Ldebug_info0
 625 000a 61010000 		.4byte	0x161
 626 000e FB000000 		.4byte	0xfb
 627 0012 55415254 		.ascii	"UART_SaveConfig\000"
 627      5F536176 
 627      65436F6E 
 627      66696700 
 628 0022 10010000 		.4byte	0x110
 629 0026 55415254 		.ascii	"UART_RestoreConfig\000"
 629      5F526573 
 629      746F7265 
 629      436F6E66 
 629      696700
 630 0039 25010000 		.4byte	0x125
 631 003d 55415254 		.ascii	"UART_Sleep\000"
 631      5F536C65 
 631      657000
 632 0048 3A010000 		.4byte	0x13a
 633 004c 55415254 		.ascii	"UART_Wakeup\000"
 633      5F57616B 
 633      65757000 
 634 0058 00000000 		.4byte	0x0
 635              		.section	.debug_aranges,"",%progbits
 636 0000 34000000 		.4byte	0x34
 637 0004 0200     		.2byte	0x2
 638 0006 00000000 		.4byte	.Ldebug_info0
 639 000a 04       		.byte	0x4
 640 000b 00       		.byte	0x0
 641 000c 0000     		.2byte	0x0
 642 000e 0000     		.2byte	0x0
 643 0010 00000000 		.4byte	.LFB0
 644 0014 78000000 		.4byte	.LFE0-.LFB0
 645 0018 00000000 		.4byte	.LFB1
 646 001c 6E000000 		.4byte	.LFE1-.LFB1
 647 0020 00000000 		.4byte	.LFB2
 648 0024 40000000 		.4byte	.LFE2-.LFB2
 649 0028 00000000 		.4byte	.LFB3
 650 002c 24000000 		.4byte	.LFE3-.LFB3
 651 0030 00000000 		.4byte	0x0
 652 0034 00000000 		.4byte	0x0
 653              		.section	.debug_ranges,"",%progbits
 654              	.Ldebug_ranges0:
 655 0000 00000000 		.4byte	.Ltext0
 656 0004 00000000 		.4byte	.Letext0
 657 0008 00000000 		.4byte	.LFB0
 658 000c 78000000 		.4byte	.LFE0
 659 0010 00000000 		.4byte	.LFB1
 660 0014 6E000000 		.4byte	.LFE1
 661 0018 00000000 		.4byte	.LFB2
ARM GAS  C:\Users\rmcgarel\AppData\Local\Temp\ccNraTul.s 			page 17


 662 001c 40000000 		.4byte	.LFE2
 663 0020 00000000 		.4byte	.LFB3
 664 0024 24000000 		.4byte	.LFE3
 665 0028 00000000 		.4byte	0x0
 666 002c 00000000 		.4byte	0x0
 667              		.section	.debug_str,"MS",%progbits,1
 668              	.LASF6:
 669 0000 6C6F6E67 		.ascii	"long long int\000"
 669      206C6F6E 
 669      6720696E 
 669      7400
 670              	.LASF26:
 671 000e 433A5C47 		.ascii	"C:\\Group4_Spring2013\\Final Project\\UART\\UART.cy"
 671      726F7570 
 671      345F5370 
 671      72696E67 
 671      32303133 
 672 003d 64736E00 		.ascii	"dsn\000"
 673              	.LASF20:
 674 0041 55415254 		.ascii	"UART_SaveConfig\000"
 674      5F536176 
 674      65436F6E 
 674      66696700 
 675              	.LASF21:
 676 0051 55415254 		.ascii	"UART_RestoreConfig\000"
 676      5F526573 
 676      746F7265 
 676      436F6E66 
 676      696700
 677              	.LASF22:
 678 0064 55415254 		.ascii	"UART_Sleep\000"
 678      5F536C65 
 678      657000
 679              	.LASF9:
 680 006f 666C6F61 		.ascii	"float\000"
 680      7400
 681              	.LASF16:
 682 0075 74785F63 		.ascii	"tx_clk_compl\000"
 682      6C6B5F63 
 682      6F6D706C 
 682      00
 683              	.LASF1:
 684 0082 756E7369 		.ascii	"unsigned char\000"
 684      676E6564 
 684      20636861 
 684      7200
 685              	.LASF5:
 686 0090 6C6F6E67 		.ascii	"long unsigned int\000"
 686      20756E73 
 686      69676E65 
 686      6420696E 
 686      7400
 687              	.LASF3:
 688 00a2 73686F72 		.ascii	"short unsigned int\000"
 688      7420756E 
 688      7369676E 
 688      65642069 
ARM GAS  C:\Users\rmcgarel\AppData\Local\Temp\ccNraTul.s 			page 18


 688      6E7400
 689              	.LASF15:
 690 00b5 74785F63 		.ascii	"tx_clk_ctr\000"
 690      6C6B5F63 
 690      747200
 691              	.LASF10:
 692 00c0 646F7562 		.ascii	"double\000"
 692      6C6500
 693              	.LASF27:
 694 00c7 5F554152 		.ascii	"_UART_backupStruct\000"
 694      545F6261 
 694      636B7570 
 694      53747275 
 694      637400
 695              	.LASF25:
 696 00da 2E5C4765 		.ascii	".\\Generated_Source\\PSoC5\\UART_PM.c\000"
 696      6E657261 
 696      7465645F 
 696      536F7572 
 696      63655C50 
 697              	.LASF14:
 698 00fd 72785F6D 		.ascii	"rx_mask\000"
 698      61736B00 
 699              	.LASF8:
 700 0105 756E7369 		.ascii	"unsigned int\000"
 700      676E6564 
 700      20696E74 
 700      00
 701              	.LASF7:
 702 0112 6C6F6E67 		.ascii	"long long unsigned int\000"
 702      206C6F6E 
 702      6720756E 
 702      7369676E 
 702      65642069 
 703              	.LASF28:
 704 0129 55415254 		.ascii	"UART_backup\000"
 704      5F626163 
 704      6B757000 
 705              	.LASF24:
 706 0135 474E5520 		.ascii	"GNU C 4.4.1\000"
 706      4320342E 
 706      342E3100 
 707              	.LASF17:
 708 0141 74785F6D 		.ascii	"tx_mask\000"
 708      61736B00 
 709              	.LASF11:
 710 0149 63686172 		.ascii	"char\000"
 710      00
 711              	.LASF2:
 712 014e 73686F72 		.ascii	"short int\000"
 712      7420696E 
 712      7400
 713              	.LASF13:
 714 0158 72785F70 		.ascii	"rx_period\000"
 714      6572696F 
 714      6400
 715              	.LASF18:
ARM GAS  C:\Users\rmcgarel\AppData\Local\Temp\ccNraTul.s 			page 19


 716 0162 75696E74 		.ascii	"uint8\000"
 716      3800
 717              	.LASF23:
 718 0168 55415254 		.ascii	"UART_Wakeup\000"
 718      5F57616B 
 718      65757000 
 719              	.LASF4:
 720 0174 6C6F6E67 		.ascii	"long int\000"
 720      20696E74 
 720      00
 721              	.LASF12:
 722 017d 656E6162 		.ascii	"enableState\000"
 722      6C655374 
 722      61746500 
 723              	.LASF0:
 724 0189 7369676E 		.ascii	"signed char\000"
 724      65642063 
 724      68617200 
 725              	.LASF19:
 726 0195 55415254 		.ascii	"UART_BACKUP_STRUCT\000"
 726      5F424143 
 726      4B55505F 
 726      53545255 
 726      435400
 727              		.ident	"GCC: (Sourcery G++ Lite 2010q1-188) 4.4.1"
